CRITICAL - 2024-07-07 10:57:24 --> Class "Locale" not found
in SYSTEMPATH\CodeIgniter.php on line 195.
 1 ROOTPATH\spark(83): CodeIgniter\CodeIgniter->initialize()
CRITICAL - 2024-07-07 10:57:29 --> Class "Locale" not found
in SYSTEMPATH\CodeIgniter.php on line 195.
 1 ROOTPATH\spark(83): CodeIgniter\CodeIgniter->initialize()
CRITICAL - 2024-07-07 10:58:44 --> Class "Locale" not found
in SYSTEMPATH\CodeIgniter.php on line 195.
 1 ROOTPATH\spark(83): CodeIgniter\CodeIgniter->initialize()
CRITICAL - 2024-07-07 10:58:49 --> Class "Locale" not found
in SYSTEMPATH\CodeIgniter.php on line 195.
 1 ROOTPATH\spark(83): CodeIgniter\CodeIgniter->initialize()
ERROR - 2024-07-07 09:10:00 --> Error connecting to the database: mysqli_sql_exception: Access denied for user 'swafewellness_main'@'localhost' (using password: YES) in C:\xampp\htdocs\swafe-local\vendor\codeigniter4\framework\system\Database\MySQLi\Connection.php:174
Stack trace:
#0 C:\xampp\htdocs\swafe-local\vendor\codeigniter4\framework\system\Database\MySQLi\Connection.php(174): mysqli->real_connect('localhost', 'swafewellness_m...', 'g@DIo&{zNoed', 'swafewellness_m...', 3306, '', 0)
#1 C:\xampp\htdocs\swafe-local\vendor\codeigniter4\framework\system\Database\BaseConnection.php(391): CodeIgniter\Database\MySQLi\Connection->connect(false)
#2 C:\xampp\htdocs\swafe-local\vendor\codeigniter4\framework\system\Database\BaseConnection.php(574): CodeIgniter\Database\BaseConnection->initialize()
#3 C:\xampp\htdocs\swafe-local\vendor\codeigniter4\framework\system\Database\BaseBuilder.php(1616): CodeIgniter\Database\BaseConnection->query('SELECT *\nFROM `...', Array, false)
#4 C:\xampp\htdocs\swafe-local\app\Helpers\query_helper.php(77): CodeIgniter\Database\BaseBuilder->get()
#5 C:\xampp\htdocs\swafe-local\app\Controllers\Home.php(19): _getWhere('sw_packages', Array, 'yes')
#6 C:\xampp\htdocs\swafe-local\vendor\codeigniter4\framework\system\CodeIgniter.php(932): App\Controllers\Home->index()
#7 C:\xampp\htdocs\swafe-local\vendor\codeigniter4\framework\system\CodeIgniter.php(497): CodeIgniter\CodeIgniter->runController(Object(App\Controllers\Home))
#8 C:\xampp\htdocs\swafe-local\vendor\codeigniter4\framework\system\CodeIgniter.php(366): CodeIgniter\CodeIgniter->handleRequest(NULL, Object(Config\Cache), false)
#9 C:\xampp\htdocs\swafe-local\public\index.php(69): CodeIgniter\CodeIgniter->run()
#10 C:\xampp\htdocs\swafe-local\vendor\codeigniter4\framework\system\Commands\Server\rewrite.php(47): require_once('C:\\xampp\\htdocs...')
#11 {main}

Next CodeIgniter\Database\Exceptions\DatabaseException: Access denied for user '****'@'localhost' (using password: YES) in C:\xampp\htdocs\swafe-local\vendor\codeigniter4\framework\system\Database\MySQLi\Connection.php:218
Stack trace:
#0 C:\xampp\htdocs\swafe-local\vendor\codeigniter4\framework\system\Database\BaseConnection.php(391): CodeIgniter\Database\MySQLi\Connection->connect(false)
#1 C:\xampp\htdocs\swafe-local\vendor\codeigniter4\framework\system\Database\BaseConnection.php(574): CodeIgniter\Database\BaseConnection->initialize()
#2 C:\xampp\htdocs\swafe-local\vendor\codeigniter4\framework\system\Database\BaseBuilder.php(1616): CodeIgniter\Database\BaseConnection->query('SELECT *\nFROM `...', Array, false)
#3 C:\xampp\htdocs\swafe-local\app\Helpers\query_helper.php(77): CodeIgniter\Database\BaseBuilder->get()
#4 C:\xampp\htdocs\swafe-local\app\Controllers\Home.php(19): _getWhere('sw_packages', Array, 'yes')
#5 C:\xampp\htdocs\swafe-local\vendor\codeigniter4\framework\system\CodeIgniter.php(932): App\Controllers\Home->index()
#6 C:\xampp\htdocs\swafe-local\vendor\codeigniter4\framework\system\CodeIgniter.php(497): CodeIgniter\CodeIgniter->runController(Object(App\Controllers\Home))
#7 C:\xampp\htdocs\swafe-local\vendor\codeigniter4\framework\system\CodeIgniter.php(366): CodeIgniter\CodeIgniter->handleRequest(NULL, Object(Config\Cache), false)
#8 C:\xampp\htdocs\swafe-local\public\index.php(69): CodeIgniter\CodeIgniter->run()
#9 C:\xampp\htdocs\swafe-local\vendor\codeigniter4\framework\system\Commands\Server\rewrite.php(47): require_once('C:\\xampp\\htdocs...')
#10 {main}
CRITICAL - 2024-07-07 09:10:00 --> Unable to connect to the database.
Main connection [MySQLi]: Access denied for user '****'@'localhost' (using password: YES)
in SYSTEMPATH\Database\BaseConnection.php on line 427.
 1 SYSTEMPATH\Database\BaseConnection.php(574): CodeIgniter\Database\BaseConnection->initialize()
 2 SYSTEMPATH\Database\BaseBuilder.php(1616): CodeIgniter\Database\BaseConnection->query('SELECT *
FROM `sw_packages`
WHERE `status` = :status:
AND `trash` = :trash:', [...], false)
 3 APPPATH\Helpers\query_helper.php(77): CodeIgniter\Database\BaseBuilder->get()
 4 APPPATH\Controllers\Home.php(19): _getWhere('sw_packages', [...], 'yes')
 5 SYSTEMPATH\CodeIgniter.php(932): App\Controllers\Home->index()
 6 SYSTEMPATH\CodeIgniter.php(497): CodeIgniter\CodeIgniter->runController(Object(App\Controllers\Home))
 7 SYSTEMPATH\CodeIgniter.php(366): CodeIgniter\CodeIgniter->handleRequest(null, Object(Config\Cache), false)
 8 FCPATH\index.php(69): CodeIgniter\CodeIgniter->run()
 9 SYSTEMPATH\Commands\Server\rewrite.php(47): require_once('C:\\xampp\\htdocs\\swafe-local\\public\\index.php')
