CRITICAL - 2023-11-17 00:35:43 --> Call to a member function format() on bool
in APPPATH/Controllers/Home.php on line 418.
 1 SYSTEMPATH/CodeIgniter.php(932): App\Controllers\Home->checkAvailability()
 2 SYSTEMPATH/CodeIgniter.php(497): CodeIgniter\CodeIgniter->runController(Object(App\Controllers\Home))
 3 SYSTEMPATH/CodeIgniter.php(366): CodeIgniter\CodeIgniter->handleRequest(null, Object(Config\Cache), false)
 4 FCPATH/index.php(69): CodeIgniter\CodeIgniter->run()
CRITICAL - 2023-11-17 00:55:41 --> Call to a member function format() on bool
in APPPATH/Controllers/Home.php on line 418.
 1 SYSTEMPATH/CodeIgniter.php(932): App\Controllers\Home->checkAvailability()
 2 SYSTEMPATH/CodeIgniter.php(497): CodeIgniter\CodeIgniter->runController(Object(App\Controllers\Home))
 3 SYSTEMPATH/CodeIgniter.php(366): CodeIgniter\CodeIgniter->handleRequest(null, Object(Config\Cache), false)
 4 FCPATH/index.php(69): CodeIgniter\CodeIgniter->run()
CRITICAL - 2023-11-17 02:14:49 --> Call to a member function format() on bool
in APPPATH/Controllers/Home.php on line 418.
 1 SYSTEMPATH/CodeIgniter.php(932): App\Controllers\Home->checkAvailability()
 2 SYSTEMPATH/CodeIgniter.php(497): CodeIgniter\CodeIgniter->runController(Object(App\Controllers\Home))
 3 SYSTEMPATH/CodeIgniter.php(366): CodeIgniter\CodeIgniter->handleRequest(null, Object(Config\Cache), false)
 4 FCPATH/index.php(69): CodeIgniter\CodeIgniter->run()
CRITICAL - 2023-11-17 02:25:29 --> Call to a member function format() on bool
in APPPATH/Controllers/Home.php on line 418.
 1 SYSTEMPATH/CodeIgniter.php(932): App\Controllers\Home->checkAvailability()
 2 SYSTEMPATH/CodeIgniter.php(497): CodeIgniter\CodeIgniter->runController(Object(App\Controllers\Home))
 3 SYSTEMPATH/CodeIgniter.php(366): CodeIgniter\CodeIgniter->handleRequest(null, Object(Config\Cache), false)
 4 FCPATH/index.php(69): CodeIgniter\CodeIgniter->run()
CRITICAL - 2023-11-17 04:24:22 --> Call to a member function format() on bool
in APPPATH/Controllers/Home.php on line 418.
 1 SYSTEMPATH/CodeIgniter.php(932): App\Controllers\Home->checkAvailability()
 2 SYSTEMPATH/CodeIgniter.php(497): CodeIgniter\CodeIgniter->runController(Object(App\Controllers\Home))
 3 SYSTEMPATH/CodeIgniter.php(366): CodeIgniter\CodeIgniter->handleRequest(null, Object(Config\Cache), false)
 4 FCPATH/index.php(69): CodeIgniter\CodeIgniter->run()
CRITICAL - 2023-11-17 04:40:54 --> Call to a member function format() on bool
in APPPATH/Controllers/Home.php on line 418.
 1 SYSTEMPATH/CodeIgniter.php(932): App\Controllers\Home->checkAvailability()
 2 SYSTEMPATH/CodeIgniter.php(497): CodeIgniter\CodeIgniter->runController(Object(App\Controllers\Home))
 3 SYSTEMPATH/CodeIgniter.php(366): CodeIgniter\CodeIgniter->handleRequest(null, Object(Config\Cache), false)
 4 FCPATH/index.php(69): CodeIgniter\CodeIgniter->run()
CRITICAL - 2023-11-17 04:42:45 --> Call to a member function format() on bool
in APPPATH/Controllers/Home.php on line 418.
 1 SYSTEMPATH/CodeIgniter.php(932): App\Controllers\Home->checkAvailability()
 2 SYSTEMPATH/CodeIgniter.php(497): CodeIgniter\CodeIgniter->runController(Object(App\Controllers\Home))
 3 SYSTEMPATH/CodeIgniter.php(366): CodeIgniter\CodeIgniter->handleRequest(null, Object(Config\Cache), false)
 4 FCPATH/index.php(69): CodeIgniter\CodeIgniter->run()
CRITICAL - 2023-11-17 05:32:19 --> Call to a member function format() on bool
in APPPATH/Controllers/Home.php on line 418.
 1 SYSTEMPATH/CodeIgniter.php(932): App\Controllers\Home->checkAvailability()
 2 SYSTEMPATH/CodeIgniter.php(497): CodeIgniter\CodeIgniter->runController(Object(App\Controllers\Home))
 3 SYSTEMPATH/CodeIgniter.php(366): CodeIgniter\CodeIgniter->handleRequest(null, Object(Config\Cache), false)
 4 FCPATH/index.php(69): CodeIgniter\CodeIgniter->run()
CRITICAL - 2023-11-17 07:01:47 --> Call to a member function format() on bool
in APPPATH/Controllers/Home.php on line 418.
 1 SYSTEMPATH/CodeIgniter.php(932): App\Controllers\Home->checkAvailability()
 2 SYSTEMPATH/CodeIgniter.php(497): CodeIgniter\CodeIgniter->runController(Object(App\Controllers\Home))
 3 SYSTEMPATH/CodeIgniter.php(366): CodeIgniter\CodeIgniter->handleRequest(null, Object(Config\Cache), false)
 4 FCPATH/index.php(69): CodeIgniter\CodeIgniter->run()
CRITICAL - 2023-11-17 07:29:05 --> Call to a member function format() on bool
in APPPATH/Controllers/Home.php on line 418.
 1 SYSTEMPATH/CodeIgniter.php(932): App\Controllers\Home->checkAvailability()
 2 SYSTEMPATH/CodeIgniter.php(497): CodeIgniter\CodeIgniter->runController(Object(App\Controllers\Home))
 3 SYSTEMPATH/CodeIgniter.php(366): CodeIgniter\CodeIgniter->handleRequest(null, Object(Config\Cache), false)
 4 FCPATH/index.php(69): CodeIgniter\CodeIgniter->run()
CRITICAL - 2023-11-17 08:23:45 --> Call to a member function format() on bool
in APPPATH/Controllers/Home.php on line 418.
 1 SYSTEMPATH/CodeIgniter.php(932): App\Controllers\Home->checkAvailability()
 2 SYSTEMPATH/CodeIgniter.php(497): CodeIgniter\CodeIgniter->runController(Object(App\Controllers\Home))
 3 SYSTEMPATH/CodeIgniter.php(366): CodeIgniter\CodeIgniter->handleRequest(null, Object(Config\Cache), false)
 4 FCPATH/index.php(69): CodeIgniter\CodeIgniter->run()
CRITICAL - 2023-11-17 08:34:48 --> Call to a member function format() on bool
in APPPATH/Controllers/Home.php on line 418.
 1 SYSTEMPATH/CodeIgniter.php(932): App\Controllers\Home->checkAvailability()
 2 SYSTEMPATH/CodeIgniter.php(497): CodeIgniter\CodeIgniter->runController(Object(App\Controllers\Home))
 3 SYSTEMPATH/CodeIgniter.php(366): CodeIgniter\CodeIgniter->handleRequest(null, Object(Config\Cache), false)
 4 FCPATH/index.php(69): CodeIgniter\CodeIgniter->run()
CRITICAL - 2023-11-17 09:15:18 --> Call to a member function format() on bool
in APPPATH/Controllers/Home.php on line 418.
 1 SYSTEMPATH/CodeIgniter.php(932): App\Controllers\Home->checkAvailability()
 2 SYSTEMPATH/CodeIgniter.php(497): CodeIgniter\CodeIgniter->runController(Object(App\Controllers\Home))
 3 SYSTEMPATH/CodeIgniter.php(366): CodeIgniter\CodeIgniter->handleRequest(null, Object(Config\Cache), false)
 4 FCPATH/index.php(69): CodeIgniter\CodeIgniter->run()
CRITICAL - 2023-11-17 09:48:24 --> Call to a member function format() on bool
in APPPATH/Controllers/Home.php on line 418.
 1 SYSTEMPATH/CodeIgniter.php(932): App\Controllers\Home->checkAvailability()
 2 SYSTEMPATH/CodeIgniter.php(497): CodeIgniter\CodeIgniter->runController(Object(App\Controllers\Home))
 3 SYSTEMPATH/CodeIgniter.php(366): CodeIgniter\CodeIgniter->handleRequest(null, Object(Config\Cache), false)
 4 FCPATH/index.php(69): CodeIgniter\CodeIgniter->run()
CRITICAL - 2023-11-17 11:45:22 --> Call to a member function format() on bool
in APPPATH/Controllers/Home.php on line 418.
 1 SYSTEMPATH/CodeIgniter.php(932): App\Controllers\Home->checkAvailability()
 2 SYSTEMPATH/CodeIgniter.php(497): CodeIgniter\CodeIgniter->runController(Object(App\Controllers\Home))
 3 SYSTEMPATH/CodeIgniter.php(366): CodeIgniter\CodeIgniter->handleRequest(null, Object(Config\Cache), false)
 4 FCPATH/index.php(69): CodeIgniter\CodeIgniter->run()
CRITICAL - 2023-11-17 11:47:01 --> Call to a member function format() on bool
in APPPATH/Controllers/Home.php on line 418.
 1 SYSTEMPATH/CodeIgniter.php(932): App\Controllers\Home->checkAvailability()
 2 SYSTEMPATH/CodeIgniter.php(497): CodeIgniter\CodeIgniter->runController(Object(App\Controllers\Home))
 3 SYSTEMPATH/CodeIgniter.php(366): CodeIgniter\CodeIgniter->handleRequest(null, Object(Config\Cache), false)
 4 FCPATH/index.php(69): CodeIgniter\CodeIgniter->run()
CRITICAL - 2023-11-17 12:07:46 --> Call to a member function format() on bool
in APPPATH/Controllers/Home.php on line 418.
 1 SYSTEMPATH/CodeIgniter.php(932): App\Controllers\Home->checkAvailability()
 2 SYSTEMPATH/CodeIgniter.php(497): CodeIgniter\CodeIgniter->runController(Object(App\Controllers\Home))
 3 SYSTEMPATH/CodeIgniter.php(366): CodeIgniter\CodeIgniter->handleRequest(null, Object(Config\Cache), false)
 4 FCPATH/index.php(69): CodeIgniter\CodeIgniter->run()
CRITICAL - 2023-11-17 13:15:02 --> Call to a member function format() on bool
in APPPATH/Controllers/Home.php on line 418.
 1 SYSTEMPATH/CodeIgniter.php(932): App\Controllers\Home->checkAvailability()
 2 SYSTEMPATH/CodeIgniter.php(497): CodeIgniter\CodeIgniter->runController(Object(App\Controllers\Home))
 3 SYSTEMPATH/CodeIgniter.php(366): CodeIgniter\CodeIgniter->handleRequest(null, Object(Config\Cache), false)
 4 FCPATH/index.php(69): CodeIgniter\CodeIgniter->run()
CRITICAL - 2023-11-17 14:10:04 --> Call to a member function format() on bool
in APPPATH/Controllers/Home.php on line 418.
 1 SYSTEMPATH/CodeIgniter.php(932): App\Controllers\Home->checkAvailability()
 2 SYSTEMPATH/CodeIgniter.php(497): CodeIgniter\CodeIgniter->runController(Object(App\Controllers\Home))
 3 SYSTEMPATH/CodeIgniter.php(366): CodeIgniter\CodeIgniter->handleRequest(null, Object(Config\Cache), false)
 4 FCPATH/index.php(69): CodeIgniter\CodeIgniter->run()
CRITICAL - 2023-11-17 15:35:19 --> Call to a member function format() on bool
in APPPATH/Controllers/Home.php on line 418.
 1 SYSTEMPATH/CodeIgniter.php(932): App\Controllers\Home->checkAvailability()
 2 SYSTEMPATH/CodeIgniter.php(497): CodeIgniter\CodeIgniter->runController(Object(App\Controllers\Home))
 3 SYSTEMPATH/CodeIgniter.php(366): CodeIgniter\CodeIgniter->handleRequest(null, Object(Config\Cache), false)
 4 FCPATH/index.php(69): CodeIgniter\CodeIgniter->run()
CRITICAL - 2023-11-17 16:34:39 --> Call to a member function format() on bool
in APPPATH/Controllers/Home.php on line 418.
 1 SYSTEMPATH/CodeIgniter.php(932): App\Controllers\Home->checkAvailability()
 2 SYSTEMPATH/CodeIgniter.php(497): CodeIgniter\CodeIgniter->runController(Object(App\Controllers\Home))
 3 SYSTEMPATH/CodeIgniter.php(366): CodeIgniter\CodeIgniter->handleRequest(null, Object(Config\Cache), false)
 4 FCPATH/index.php(69): CodeIgniter\CodeIgniter->run()
CRITICAL - 2023-11-17 18:23:51 --> Call to a member function format() on bool
in APPPATH/Controllers/Home.php on line 418.
 1 SYSTEMPATH/CodeIgniter.php(932): App\Controllers\Home->checkAvailability()
 2 SYSTEMPATH/CodeIgniter.php(497): CodeIgniter\CodeIgniter->runController(Object(App\Controllers\Home))
 3 SYSTEMPATH/CodeIgniter.php(366): CodeIgniter\CodeIgniter->handleRequest(null, Object(Config\Cache), false)
 4 FCPATH/index.php(69): CodeIgniter\CodeIgniter->run()
CRITICAL - 2023-11-17 18:52:03 --> Call to a member function format() on bool
in APPPATH/Controllers/Home.php on line 418.
 1 SYSTEMPATH/CodeIgniter.php(932): App\Controllers\Home->checkAvailability()
 2 SYSTEMPATH/CodeIgniter.php(497): CodeIgniter\CodeIgniter->runController(Object(App\Controllers\Home))
 3 SYSTEMPATH/CodeIgniter.php(366): CodeIgniter\CodeIgniter->handleRequest(null, Object(Config\Cache), false)
 4 FCPATH/index.php(69): CodeIgniter\CodeIgniter->run()
CRITICAL - 2023-11-17 19:33:09 --> Call to a member function format() on bool
in APPPATH/Controllers/Home.php on line 418.
 1 SYSTEMPATH/CodeIgniter.php(932): App\Controllers\Home->checkAvailability()
 2 SYSTEMPATH/CodeIgniter.php(497): CodeIgniter\CodeIgniter->runController(Object(App\Controllers\Home))
 3 SYSTEMPATH/CodeIgniter.php(366): CodeIgniter\CodeIgniter->handleRequest(null, Object(Config\Cache), false)
 4 FCPATH/index.php(69): CodeIgniter\CodeIgniter->run()
CRITICAL - 2023-11-17 19:49:31 --> Call to a member function format() on bool
in APPPATH/Controllers/Home.php on line 418.
 1 SYSTEMPATH/CodeIgniter.php(932): App\Controllers\Home->checkAvailability()
 2 SYSTEMPATH/CodeIgniter.php(497): CodeIgniter\CodeIgniter->runController(Object(App\Controllers\Home))
 3 SYSTEMPATH/CodeIgniter.php(366): CodeIgniter\CodeIgniter->handleRequest(null, Object(Config\Cache), false)
 4 FCPATH/index.php(69): CodeIgniter\CodeIgniter->run()
CRITICAL - 2023-11-17 19:56:58 --> Call to a member function format() on bool
in APPPATH/Controllers/Home.php on line 418.
 1 SYSTEMPATH/CodeIgniter.php(932): App\Controllers\Home->checkAvailability()
 2 SYSTEMPATH/CodeIgniter.php(497): CodeIgniter\CodeIgniter->runController(Object(App\Controllers\Home))
 3 SYSTEMPATH/CodeIgniter.php(366): CodeIgniter\CodeIgniter->handleRequest(null, Object(Config\Cache), false)
 4 FCPATH/index.php(69): CodeIgniter\CodeIgniter->run()
CRITICAL - 2023-11-17 20:16:41 --> Call to a member function format() on bool
in APPPATH/Controllers/Home.php on line 418.
 1 SYSTEMPATH/CodeIgniter.php(932): App\Controllers\Home->checkAvailability()
 2 SYSTEMPATH/CodeIgniter.php(497): CodeIgniter\CodeIgniter->runController(Object(App\Controllers\Home))
 3 SYSTEMPATH/CodeIgniter.php(366): CodeIgniter\CodeIgniter->handleRequest(null, Object(Config\Cache), false)
 4 FCPATH/index.php(69): CodeIgniter\CodeIgniter->run()
CRITICAL - 2023-11-17 20:21:52 --> Call to a member function format() on bool
in APPPATH/Controllers/Home.php on line 418.
 1 SYSTEMPATH/CodeIgniter.php(932): App\Controllers\Home->checkAvailability()
 2 SYSTEMPATH/CodeIgniter.php(497): CodeIgniter\CodeIgniter->runController(Object(App\Controllers\Home))
 3 SYSTEMPATH/CodeIgniter.php(366): CodeIgniter\CodeIgniter->handleRequest(null, Object(Config\Cache), false)
 4 FCPATH/index.php(69): CodeIgniter\CodeIgniter->run()
CRITICAL - 2023-11-17 20:26:03 --> Call to a member function format() on bool
in APPPATH/Controllers/Home.php on line 418.
 1 SYSTEMPATH/CodeIgniter.php(932): App\Controllers\Home->checkAvailability()
 2 SYSTEMPATH/CodeIgniter.php(497): CodeIgniter\CodeIgniter->runController(Object(App\Controllers\Home))
 3 SYSTEMPATH/CodeIgniter.php(366): CodeIgniter\CodeIgniter->handleRequest(null, Object(Config\Cache), false)
 4 FCPATH/index.php(69): CodeIgniter\CodeIgniter->run()
CRITICAL - 2023-11-17 20:28:23 --> Call to a member function format() on bool
in APPPATH/Controllers/Home.php on line 418.
 1 SYSTEMPATH/CodeIgniter.php(932): App\Controllers\Home->checkAvailability()
 2 SYSTEMPATH/CodeIgniter.php(497): CodeIgniter\CodeIgniter->runController(Object(App\Controllers\Home))
 3 SYSTEMPATH/CodeIgniter.php(366): CodeIgniter\CodeIgniter->handleRequest(null, Object(Config\Cache), false)
 4 FCPATH/index.php(69): CodeIgniter\CodeIgniter->run()
CRITICAL - 2023-11-17 20:46:31 --> Call to a member function format() on bool
in APPPATH/Controllers/Home.php on line 418.
 1 SYSTEMPATH/CodeIgniter.php(932): App\Controllers\Home->checkAvailability()
 2 SYSTEMPATH/CodeIgniter.php(497): CodeIgniter\CodeIgniter->runController(Object(App\Controllers\Home))
 3 SYSTEMPATH/CodeIgniter.php(366): CodeIgniter\CodeIgniter->handleRequest(null, Object(Config\Cache), false)
 4 FCPATH/index.php(69): CodeIgniter\CodeIgniter->run()
CRITICAL - 2023-11-17 21:18:04 --> Call to a member function format() on bool
in APPPATH/Controllers/Home.php on line 418.
 1 SYSTEMPATH/CodeIgniter.php(932): App\Controllers\Home->checkAvailability()
 2 SYSTEMPATH/CodeIgniter.php(497): CodeIgniter\CodeIgniter->runController(Object(App\Controllers\Home))
 3 SYSTEMPATH/CodeIgniter.php(366): CodeIgniter\CodeIgniter->handleRequest(null, Object(Config\Cache), false)
 4 FCPATH/index.php(69): CodeIgniter\CodeIgniter->run()
