CRITICAL - 2024-03-16 00:52:58 --> Call to a member function format() on bool
in APPPATH/Controllers/Home.php on line 423.
 1 SYSTEMPATH/CodeIgniter.php(932): App\Controllers\Home->checkAvailability()
 2 SYSTEMPATH/CodeIgniter.php(497): CodeIgniter\CodeIgniter->runController(Object(App\Controllers\Home))
 3 SYSTEMPATH/CodeIgniter.php(366): CodeIgniter\CodeIgniter->handleRequest(null, Object(Config\Cache), false)
 4 FCPATH/index.php(69): CodeIgniter\CodeIgniter->run()
CRITICAL - 2024-03-16 01:35:47 --> Call to a member function format() on bool
in APPPATH/Controllers/Home.php on line 423.
 1 SYSTEMPATH/CodeIgniter.php(932): App\Controllers\Home->checkAvailability()
 2 SYSTEMPATH/CodeIgniter.php(497): CodeIgniter\CodeIgniter->runController(Object(App\Controllers\Home))
 3 SYSTEMPATH/CodeIgniter.php(366): CodeIgniter\CodeIgniter->handleRequest(null, Object(Config\Cache), false)
 4 FCPATH/index.php(69): CodeIgniter\CodeIgniter->run()
CRITICAL - 2024-03-16 02:05:15 --> Call to a member function format() on bool
in APPPATH/Controllers/Home.php on line 423.
 1 SYSTEMPATH/CodeIgniter.php(932): App\Controllers\Home->checkAvailability()
 2 SYSTEMPATH/CodeIgniter.php(497): CodeIgniter\CodeIgniter->runController(Object(App\Controllers\Home))
 3 SYSTEMPATH/CodeIgniter.php(366): CodeIgniter\CodeIgniter->handleRequest(null, Object(Config\Cache), false)
 4 FCPATH/index.php(69): CodeIgniter\CodeIgniter->run()
CRITICAL - 2024-03-16 05:38:17 --> Call to a member function format() on bool
in APPPATH/Controllers/Home.php on line 423.
 1 SYSTEMPATH/CodeIgniter.php(932): App\Controllers\Home->checkAvailability()
 2 SYSTEMPATH/CodeIgniter.php(497): CodeIgniter\CodeIgniter->runController(Object(App\Controllers\Home))
 3 SYSTEMPATH/CodeIgniter.php(366): CodeIgniter\CodeIgniter->handleRequest(null, Object(Config\Cache), false)
 4 FCPATH/index.php(69): CodeIgniter\CodeIgniter->run()
CRITICAL - 2024-03-16 06:41:40 --> Call to a member function format() on bool
in APPPATH/Controllers/Home.php on line 423.
 1 SYSTEMPATH/CodeIgniter.php(932): App\Controllers\Home->checkAvailability()
 2 SYSTEMPATH/CodeIgniter.php(497): CodeIgniter\CodeIgniter->runController(Object(App\Controllers\Home))
 3 SYSTEMPATH/CodeIgniter.php(366): CodeIgniter\CodeIgniter->handleRequest(null, Object(Config\Cache), false)
 4 FCPATH/index.php(69): CodeIgniter\CodeIgniter->run()
CRITICAL - 2024-03-16 12:10:17 --> Call to a member function format() on bool
in APPPATH/Controllers/Home.php on line 423.
 1 SYSTEMPATH/CodeIgniter.php(932): App\Controllers\Home->checkAvailability()
 2 SYSTEMPATH/CodeIgniter.php(497): CodeIgniter\CodeIgniter->runController(Object(App\Controllers\Home))
 3 SYSTEMPATH/CodeIgniter.php(366): CodeIgniter\CodeIgniter->handleRequest(null, Object(Config\Cache), false)
 4 FCPATH/index.php(69): CodeIgniter\CodeIgniter->run()
CRITICAL - 2024-03-16 16:46:18 --> Call to a member function format() on bool
in APPPATH/Controllers/Home.php on line 423.
 1 SYSTEMPATH/CodeIgniter.php(932): App\Controllers\Home->checkAvailability()
 2 SYSTEMPATH/CodeIgniter.php(497): CodeIgniter\CodeIgniter->runController(Object(App\Controllers\Home))
 3 SYSTEMPATH/CodeIgniter.php(366): CodeIgniter\CodeIgniter->handleRequest(null, Object(Config\Cache), false)
 4 FCPATH/index.php(69): CodeIgniter\CodeIgniter->run()
CRITICAL - 2024-03-16 17:49:14 --> Call to a member function format() on bool
in APPPATH/Controllers/Home.php on line 423.
 1 SYSTEMPATH/CodeIgniter.php(932): App\Controllers\Home->checkAvailability()
 2 SYSTEMPATH/CodeIgniter.php(497): CodeIgniter\CodeIgniter->runController(Object(App\Controllers\Home))
 3 SYSTEMPATH/CodeIgniter.php(366): CodeIgniter\CodeIgniter->handleRequest(null, Object(Config\Cache), false)
 4 FCPATH/index.php(69): CodeIgniter\CodeIgniter->run()
CRITICAL - 2024-03-16 18:40:49 --> Call to a member function format() on bool
in APPPATH/Controllers/Home.php on line 423.
 1 SYSTEMPATH/CodeIgniter.php(932): App\Controllers\Home->checkAvailability()
 2 SYSTEMPATH/CodeIgniter.php(497): CodeIgniter\CodeIgniter->runController(Object(App\Controllers\Home))
 3 SYSTEMPATH/CodeIgniter.php(366): CodeIgniter\CodeIgniter->handleRequest(null, Object(Config\Cache), false)
 4 FCPATH/index.php(69): CodeIgniter\CodeIgniter->run()
CRITICAL - 2024-03-16 18:41:27 --> Call to a member function format() on bool
in APPPATH/Controllers/Home.php on line 423.
 1 SYSTEMPATH/CodeIgniter.php(932): App\Controllers\Home->checkAvailability()
 2 SYSTEMPATH/CodeIgniter.php(497): CodeIgniter\CodeIgniter->runController(Object(App\Controllers\Home))
 3 SYSTEMPATH/CodeIgniter.php(366): CodeIgniter\CodeIgniter->handleRequest(null, Object(Config\Cache), false)
 4 FCPATH/index.php(69): CodeIgniter\CodeIgniter->run()
CRITICAL - 2024-03-16 18:45:28 --> Call to a member function format() on bool
in APPPATH/Controllers/Home.php on line 423.
 1 SYSTEMPATH/CodeIgniter.php(932): App\Controllers\Home->checkAvailability()
 2 SYSTEMPATH/CodeIgniter.php(497): CodeIgniter\CodeIgniter->runController(Object(App\Controllers\Home))
 3 SYSTEMPATH/CodeIgniter.php(366): CodeIgniter\CodeIgniter->handleRequest(null, Object(Config\Cache), false)
 4 FCPATH/index.php(69): CodeIgniter\CodeIgniter->run()
CRITICAL - 2024-03-16 18:47:58 --> Call to a member function format() on bool
in APPPATH/Controllers/Home.php on line 423.
 1 SYSTEMPATH/CodeIgniter.php(932): App\Controllers\Home->checkAvailability()
 2 SYSTEMPATH/CodeIgniter.php(497): CodeIgniter\CodeIgniter->runController(Object(App\Controllers\Home))
 3 SYSTEMPATH/CodeIgniter.php(366): CodeIgniter\CodeIgniter->handleRequest(null, Object(Config\Cache), false)
 4 FCPATH/index.php(69): CodeIgniter\CodeIgniter->run()
CRITICAL - 2024-03-16 19:32:53 --> Call to a member function format() on bool
in APPPATH/Controllers/Home.php on line 423.
 1 SYSTEMPATH/CodeIgniter.php(932): App\Controllers\Home->checkAvailability()
 2 SYSTEMPATH/CodeIgniter.php(497): CodeIgniter\CodeIgniter->runController(Object(App\Controllers\Home))
 3 SYSTEMPATH/CodeIgniter.php(366): CodeIgniter\CodeIgniter->handleRequest(null, Object(Config\Cache), false)
 4 FCPATH/index.php(69): CodeIgniter\CodeIgniter->run()
CRITICAL - 2024-03-16 19:56:48 --> Call to a member function format() on bool
in APPPATH/Controllers/Home.php on line 423.
 1 SYSTEMPATH/CodeIgniter.php(932): App\Controllers\Home->checkAvailability()
 2 SYSTEMPATH/CodeIgniter.php(497): CodeIgniter\CodeIgniter->runController(Object(App\Controllers\Home))
 3 SYSTEMPATH/CodeIgniter.php(366): CodeIgniter\CodeIgniter->handleRequest(null, Object(Config\Cache), false)
 4 FCPATH/index.php(69): CodeIgniter\CodeIgniter->run()
CRITICAL - 2024-03-16 19:58:09 --> Call to a member function format() on bool
in APPPATH/Controllers/Home.php on line 423.
 1 SYSTEMPATH/CodeIgniter.php(932): App\Controllers\Home->checkAvailability()
 2 SYSTEMPATH/CodeIgniter.php(497): CodeIgniter\CodeIgniter->runController(Object(App\Controllers\Home))
 3 SYSTEMPATH/CodeIgniter.php(366): CodeIgniter\CodeIgniter->handleRequest(null, Object(Config\Cache), false)
 4 FCPATH/index.php(69): CodeIgniter\CodeIgniter->run()
CRITICAL - 2024-03-16 20:00:31 --> Call to a member function format() on bool
in APPPATH/Controllers/Home.php on line 423.
 1 SYSTEMPATH/CodeIgniter.php(932): App\Controllers\Home->checkAvailability()
 2 SYSTEMPATH/CodeIgniter.php(497): CodeIgniter\CodeIgniter->runController(Object(App\Controllers\Home))
 3 SYSTEMPATH/CodeIgniter.php(366): CodeIgniter\CodeIgniter->handleRequest(null, Object(Config\Cache), false)
 4 FCPATH/index.php(69): CodeIgniter\CodeIgniter->run()
CRITICAL - 2024-03-16 22:33:53 --> Call to a member function format() on bool
in APPPATH/Controllers/Home.php on line 423.
 1 SYSTEMPATH/CodeIgniter.php(932): App\Controllers\Home->checkAvailability()
 2 SYSTEMPATH/CodeIgniter.php(497): CodeIgniter\CodeIgniter->runController(Object(App\Controllers\Home))
 3 SYSTEMPATH/CodeIgniter.php(366): CodeIgniter\CodeIgniter->handleRequest(null, Object(Config\Cache), false)
 4 FCPATH/index.php(69): CodeIgniter\CodeIgniter->run()
CRITICAL - 2024-03-16 23:18:34 --> Call to a member function format() on bool
in APPPATH/Controllers/Home.php on line 423.
 1 SYSTEMPATH/CodeIgniter.php(932): App\Controllers\Home->checkAvailability()
 2 SYSTEMPATH/CodeIgniter.php(497): CodeIgniter\CodeIgniter->runController(Object(App\Controllers\Home))
 3 SYSTEMPATH/CodeIgniter.php(366): CodeIgniter\CodeIgniter->handleRequest(null, Object(Config\Cache), false)
 4 FCPATH/index.php(69): CodeIgniter\CodeIgniter->run()
CRITICAL - 2024-03-16 23:35:54 --> Call to a member function format() on bool
in APPPATH/Controllers/Home.php on line 423.
 1 SYSTEMPATH/CodeIgniter.php(932): App\Controllers\Home->checkAvailability()
 2 SYSTEMPATH/CodeIgniter.php(497): CodeIgniter\CodeIgniter->runController(Object(App\Controllers\Home))
 3 SYSTEMPATH/CodeIgniter.php(366): CodeIgniter\CodeIgniter->handleRequest(null, Object(Config\Cache), false)
 4 FCPATH/index.php(69): CodeIgniter\CodeIgniter->run()
CRITICAL - 2024-03-16 23:45:40 --> Call to a member function format() on bool
in APPPATH/Controllers/Home.php on line 423.
 1 SYSTEMPATH/CodeIgniter.php(932): App\Controllers\Home->checkAvailability()
 2 SYSTEMPATH/CodeIgniter.php(497): CodeIgniter\CodeIgniter->runController(Object(App\Controllers\Home))
 3 SYSTEMPATH/CodeIgniter.php(366): CodeIgniter\CodeIgniter->handleRequest(null, Object(Config\Cache), false)
 4 FCPATH/index.php(69): CodeIgniter\CodeIgniter->run()
