INFO - 2023-08-22 05:10:52 --> Session: Class initialized using 'CodeIgniter\Session\Handlers\FileHandler' driver.
INFO - 2023-08-22 05:19:43 --> Session: Class initialized using 'CodeIgniter\Session\Handlers\FileHandler' driver.
INFO - 2023-08-22 05:25:21 --> Session: Class initialized using 'CodeIgniter\Session\Handlers\FileHandler' driver.
INFO - 2023-08-22 05:25:31 --> Session: Class initialized using 'CodeIgniter\Session\Handlers\FileHandler' driver.
ERROR - 2023-08-22 05:25:31 --> mysqli_sql_exception: Table 'micodetest_swafe_wellness.sw_appointment_query' doesn't exist in /home/micodetest/public_html/swafewellness/vendor/codeigniter4/framework/system/Database/MySQLi/Connection.php:295
Stack trace:
#0 /home/micodetest/public_html/swafewellness/vendor/codeigniter4/framework/system/Database/MySQLi/Connection.php(295): mysqli->query('INSERT INTO `sw...', 0)
#1 /home/micodetest/public_html/swafewellness/vendor/codeigniter4/framework/system/Database/BaseConnection.php(692): CodeIgniter\Database\MySQLi\Connection->execute('INSERT INTO `sw...')
#2 /home/micodetest/public_html/swafewellness/vendor/codeigniter4/framework/system/Database/BaseConnection.php(606): CodeIgniter\Database\BaseConnection->simpleQuery('INSERT INTO `sw...')
#3 /home/micodetest/public_html/swafewellness/vendor/codeigniter4/framework/system/Database/BaseBuilder.php(2309): CodeIgniter\Database\BaseConnection->query('INSERT INTO `sw...', Array, false)
#4 /home/micodetest/public_html/swafewellness/app/Helpers/query_helper.php(209): CodeIgniter\Database\BaseBuilder->insert(Array)
#5 /home/micodetest/public_html/swafewellness/app/Controllers/Home.php(86): _insert('sw_appointment_...', Array)
#6 /home/micodetest/public_html/swafewellness/vendor/codeigniter4/framework/system/CodeIgniter.php(932): App\Controllers\Home->addQuery()
#7 /home/micodetest/public_html/swafewellness/vendor/codeigniter4/framework/system/CodeIgniter.php(497): CodeIgniter\CodeIgniter->runController(Object(App\Controllers\Home))
#8 /home/micodetest/public_html/swafewellness/vendor/codeigniter4/framework/system/CodeIgniter.php(366): CodeIgniter\CodeIgniter->handleRequest(NULL, Object(Config\Cache), false)
#9 /home/micodetest/public_html/swafewellness/index.php(67): CodeIgniter\CodeIgniter->run()
#10 {main}
CRITICAL - 2023-08-22 05:25:31 --> Table 'micodetest_swafe_wellness.sw_appointment_query' doesn't exist
in SYSTEMPATH/Database/MySQLi/Connection.php on line 295.
 1 SYSTEMPATH/Database/MySQLi/Connection.php(295): mysqli->query('INSERT INTO `sw_appointment_query` (`user_name`, `email`, `phone`, `message`, `service`) VALUES (\'Afreen\', \'imafreenansari1998@gmail.com\', \'9990500583\', \'d\', \'2\')', 0)
 2 SYSTEMPATH/Database/BaseConnection.php(692): CodeIgniter\Database\MySQLi\Connection->execute('INSERT INTO `sw_appointment_query` (`user_name`, `email`, `phone`, `message`, `service`) VALUES (\'Afreen\', \'imafreenansari1998@gmail.com\', \'9990500583\', \'d\', \'2\')')
 3 SYSTEMPATH/Database/BaseConnection.php(606): CodeIgniter\Database\BaseConnection->simpleQuery('INSERT INTO `sw_appointment_query` (`user_name`, `email`, `phone`, `message`, `service`) VALUES (\'Afreen\', \'imafreenansari1998@gmail.com\', \'9990500583\', \'d\', \'2\')')
 4 SYSTEMPATH/Database/BaseBuilder.php(2309): CodeIgniter\Database\BaseConnection->query('INSERT INTO `sw_appointment_query` (`user_name`, `email`, `phone`, `message`, `service`) VALUES (:user_name:, :email:, :phone:, :message:, :service:)', [...], false)
 5 APPPATH/Helpers/query_helper.php(209): CodeIgniter\Database\BaseBuilder->insert([...])
 6 APPPATH/Controllers/Home.php(86): _insert('sw_appointment_query', [...])
 7 SYSTEMPATH/CodeIgniter.php(932): App\Controllers\Home->addQuery()
 8 SYSTEMPATH/CodeIgniter.php(497): CodeIgniter\CodeIgniter->runController(Object(App\Controllers\Home))
 9 SYSTEMPATH/CodeIgniter.php(366): CodeIgniter\CodeIgniter->handleRequest(null, Object(Config\Cache), false)
10 FCPATH/index.php(67): CodeIgniter\CodeIgniter->run()
INFO - 2023-08-22 05:25:31 --> Session: Class initialized using 'CodeIgniter\Session\Handlers\FileHandler' driver.
ERROR - 2023-08-22 05:25:31 --> mysqli_sql_exception: Table 'micodetest_swafe_wellness.sw_appointment_query' doesn't exist in /home/micodetest/public_html/swafewellness/vendor/codeigniter4/framework/system/Database/MySQLi/Connection.php:295
Stack trace:
#0 /home/micodetest/public_html/swafewellness/vendor/codeigniter4/framework/system/Database/MySQLi/Connection.php(295): mysqli->query('INSERT INTO `sw...', 0)
#1 /home/micodetest/public_html/swafewellness/vendor/codeigniter4/framework/system/Database/BaseConnection.php(692): CodeIgniter\Database\MySQLi\Connection->execute('INSERT INTO `sw...')
#2 /home/micodetest/public_html/swafewellness/vendor/codeigniter4/framework/system/Database/BaseConnection.php(606): CodeIgniter\Database\BaseConnection->simpleQuery('INSERT INTO `sw...')
#3 /home/micodetest/public_html/swafewellness/vendor/codeigniter4/framework/system/Database/BaseBuilder.php(2309): CodeIgniter\Database\BaseConnection->query('INSERT INTO `sw...', Array, false)
#4 /home/micodetest/public_html/swafewellness/app/Helpers/query_helper.php(209): CodeIgniter\Database\BaseBuilder->insert(Array)
#5 /home/micodetest/public_html/swafewellness/app/Controllers/Home.php(86): _insert('sw_appointment_...', Array)
#6 /home/micodetest/public_html/swafewellness/vendor/codeigniter4/framework/system/CodeIgniter.php(932): App\Controllers\Home->addQuery()
#7 /home/micodetest/public_html/swafewellness/vendor/codeigniter4/framework/system/CodeIgniter.php(497): CodeIgniter\CodeIgniter->runController(Object(App\Controllers\Home))
#8 /home/micodetest/public_html/swafewellness/vendor/codeigniter4/framework/system/CodeIgniter.php(366): CodeIgniter\CodeIgniter->handleRequest(NULL, Object(Config\Cache), false)
#9 /home/micodetest/public_html/swafewellness/index.php(67): CodeIgniter\CodeIgniter->run()
#10 {main}
CRITICAL - 2023-08-22 05:25:31 --> Table 'micodetest_swafe_wellness.sw_appointment_query' doesn't exist
in SYSTEMPATH/Database/MySQLi/Connection.php on line 295.
 1 SYSTEMPATH/Database/MySQLi/Connection.php(295): mysqli->query('INSERT INTO `sw_appointment_query` (`user_name`, `email`, `phone`, `message`, `service`) VALUES (\'Afreen\', \'imafreenansari1998@gmail.com\', \'9990500583\', \'d\', \'2\')', 0)
 2 SYSTEMPATH/Database/BaseConnection.php(692): CodeIgniter\Database\MySQLi\Connection->execute('INSERT INTO `sw_appointment_query` (`user_name`, `email`, `phone`, `message`, `service`) VALUES (\'Afreen\', \'imafreenansari1998@gmail.com\', \'9990500583\', \'d\', \'2\')')
 3 SYSTEMPATH/Database/BaseConnection.php(606): CodeIgniter\Database\BaseConnection->simpleQuery('INSERT INTO `sw_appointment_query` (`user_name`, `email`, `phone`, `message`, `service`) VALUES (\'Afreen\', \'imafreenansari1998@gmail.com\', \'9990500583\', \'d\', \'2\')')
 4 SYSTEMPATH/Database/BaseBuilder.php(2309): CodeIgniter\Database\BaseConnection->query('INSERT INTO `sw_appointment_query` (`user_name`, `email`, `phone`, `message`, `service`) VALUES (:user_name:, :email:, :phone:, :message:, :service:)', [...], false)
 5 APPPATH/Helpers/query_helper.php(209): CodeIgniter\Database\BaseBuilder->insert([...])
 6 APPPATH/Controllers/Home.php(86): _insert('sw_appointment_query', [...])
 7 SYSTEMPATH/CodeIgniter.php(932): App\Controllers\Home->addQuery()
 8 SYSTEMPATH/CodeIgniter.php(497): CodeIgniter\CodeIgniter->runController(Object(App\Controllers\Home))
 9 SYSTEMPATH/CodeIgniter.php(366): CodeIgniter\CodeIgniter->handleRequest(null, Object(Config\Cache), false)
10 FCPATH/index.php(67): CodeIgniter\CodeIgniter->run()
INFO - 2023-08-22 05:28:09 --> Session: Class initialized using 'CodeIgniter\Session\Handlers\FileHandler' driver.
INFO - 2023-08-22 05:28:15 --> Session: Class initialized using 'CodeIgniter\Session\Handlers\FileHandler' driver.
INFO - 2023-08-22 05:28:33 --> Session: Class initialized using 'CodeIgniter\Session\Handlers\FileHandler' driver.
INFO - 2023-08-22 05:28:33 --> Session: Class initialized using 'CodeIgniter\Session\Handlers\FileHandler' driver.
INFO - 2023-08-22 05:28:46 --> Session: Class initialized using 'CodeIgniter\Session\Handlers\FileHandler' driver.
INFO - 2023-08-22 05:28:46 --> Session: Class initialized using 'CodeIgniter\Session\Handlers\FileHandler' driver.
INFO - 2023-08-22 05:29:14 --> Session: Class initialized using 'CodeIgniter\Session\Handlers\FileHandler' driver.
INFO - 2023-08-22 05:29:14 --> Session: Class initialized using 'CodeIgniter\Session\Handlers\FileHandler' driver.
INFO - 2023-08-22 05:31:09 --> Session: Class initialized using 'CodeIgniter\Session\Handlers\FileHandler' driver.
INFO - 2023-08-22 05:31:21 --> Session: Class initialized using 'CodeIgniter\Session\Handlers\FileHandler' driver.
INFO - 2023-08-22 05:38:56 --> Session: Class initialized using 'CodeIgniter\Session\Handlers\FileHandler' driver.
INFO - 2023-08-22 05:38:57 --> Session: Class initialized using 'CodeIgniter\Session\Handlers\FileHandler' driver.
INFO - 2023-08-22 05:38:58 --> Session: Class initialized using 'CodeIgniter\Session\Handlers\FileHandler' driver.
INFO - 2023-08-22 05:39:07 --> Session: Class initialized using 'CodeIgniter\Session\Handlers\FileHandler' driver.
INFO - 2023-08-22 05:39:08 --> Session: Class initialized using 'CodeIgniter\Session\Handlers\FileHandler' driver.
INFO - 2023-08-22 05:39:27 --> Session: Class initialized using 'CodeIgniter\Session\Handlers\FileHandler' driver.
INFO - 2023-08-22 05:39:27 --> Session: Class initialized using 'CodeIgniter\Session\Handlers\FileHandler' driver.
INFO - 2023-08-22 05:40:08 --> Session: Class initialized using 'CodeIgniter\Session\Handlers\FileHandler' driver.
INFO - 2023-08-22 05:40:08 --> Session: Class initialized using 'CodeIgniter\Session\Handlers\FileHandler' driver.
INFO - 2023-08-22 05:40:32 --> Session: Class initialized using 'CodeIgniter\Session\Handlers\FileHandler' driver.
INFO - 2023-08-22 05:40:59 --> Session: Class initialized using 'CodeIgniter\Session\Handlers\FileHandler' driver.
INFO - 2023-08-22 05:41:14 --> Session: Class initialized using 'CodeIgniter\Session\Handlers\FileHandler' driver.
INFO - 2023-08-22 05:41:17 --> Session: Class initialized using 'CodeIgniter\Session\Handlers\FileHandler' driver.
INFO - 2023-08-22 05:42:02 --> Session: Class initialized using 'CodeIgniter\Session\Handlers\FileHandler' driver.
INFO - 2023-08-22 05:42:13 --> Session: Class initialized using 'CodeIgniter\Session\Handlers\FileHandler' driver.
INFO - 2023-08-22 05:42:15 --> Session: Class initialized using 'CodeIgniter\Session\Handlers\FileHandler' driver.
INFO - 2023-08-22 05:42:19 --> Session: Class initialized using 'CodeIgniter\Session\Handlers\FileHandler' driver.
INFO - 2023-08-22 05:42:41 --> Session: Class initialized using 'CodeIgniter\Session\Handlers\FileHandler' driver.
INFO - 2023-08-22 05:43:19 --> Session: Class initialized using 'CodeIgniter\Session\Handlers\FileHandler' driver.
INFO - 2023-08-22 05:46:17 --> Session: Class initialized using 'CodeIgniter\Session\Handlers\FileHandler' driver.
INFO - 2023-08-22 05:46:27 --> Session: Class initialized using 'CodeIgniter\Session\Handlers\FileHandler' driver.
INFO - 2023-08-22 05:46:37 --> Session: Class initialized using 'CodeIgniter\Session\Handlers\FileHandler' driver.
INFO - 2023-08-22 05:46:37 --> Session: Class initialized using 'CodeIgniter\Session\Handlers\FileHandler' driver.
CRITICAL - 2023-08-22 05:46:37 --> Trying to get property 'service_name' of non-object
in APPPATH/Views/dashboard/trainer/trainers-list.php on line 137.
 1 APPPATH/Views/dashboard/trainer/trainers-list.php(137): CodeIgniter\Debug\Exceptions->errorHandler(8, 'Trying to get property \'service_name\' of non-object', '/home/micodetest/public_html/swafewellness/app/Views/dashboard/trainer/trainers-list.php', 137, [...])
 2 SYSTEMPATH/View/View.php(224): include('/home/micodetest/public_html/swafewellness/app/Views/dashboard/trainer/trainers-list.php')
 3 SYSTEMPATH/View/View.php(227): CodeIgniter\View\View->CodeIgniter\View\{closure}()
 4 SYSTEMPATH/Common.php(1176): CodeIgniter\View\View->render('dashboard/trainer/trainers-list', [], true)
 5 APPPATH/Controllers/Admin.php(505): view('dashboard/trainer/trainers-list', [...])
 6 SYSTEMPATH/CodeIgniter.php(932): App\Controllers\Admin->trainerList()
 7 SYSTEMPATH/CodeIgniter.php(497): CodeIgniter\CodeIgniter->runController(Object(App\Controllers\Admin))
 8 SYSTEMPATH/CodeIgniter.php(366): CodeIgniter\CodeIgniter->handleRequest(null, Object(Config\Cache), false)
 9 FCPATH/index.php(67): CodeIgniter\CodeIgniter->run()
INFO - 2023-08-22 05:46:58 --> Session: Class initialized using 'CodeIgniter\Session\Handlers\FileHandler' driver.
INFO - 2023-08-22 05:48:25 --> Session: Class initialized using 'CodeIgniter\Session\Handlers\FileHandler' driver.
CRITICAL - 2023-08-22 05:48:25 --> Trying to get property 'service_name' of non-object
in APPPATH/Views/dashboard/trainer/trainers-list.php on line 137.
 1 APPPATH/Views/dashboard/trainer/trainers-list.php(137): CodeIgniter\Debug\Exceptions->errorHandler(8, 'Trying to get property \'service_name\' of non-object', '/home/micodetest/public_html/swafewellness/app/Views/dashboard/trainer/trainers-list.php', 137, [...])
 2 SYSTEMPATH/View/View.php(224): include('/home/micodetest/public_html/swafewellness/app/Views/dashboard/trainer/trainers-list.php')
 3 SYSTEMPATH/View/View.php(227): CodeIgniter\View\View->CodeIgniter\View\{closure}()
 4 SYSTEMPATH/Common.php(1176): CodeIgniter\View\View->render('dashboard/trainer/trainers-list', [], true)
 5 APPPATH/Controllers/Admin.php(505): view('dashboard/trainer/trainers-list', [...])
 6 SYSTEMPATH/CodeIgniter.php(932): App\Controllers\Admin->trainerList()
 7 SYSTEMPATH/CodeIgniter.php(497): CodeIgniter\CodeIgniter->runController(Object(App\Controllers\Admin))
 8 SYSTEMPATH/CodeIgniter.php(366): CodeIgniter\CodeIgniter->handleRequest(null, Object(Config\Cache), false)
 9 FCPATH/index.php(67): CodeIgniter\CodeIgniter->run()
INFO - 2023-08-22 05:48:31 --> Session: Class initialized using 'CodeIgniter\Session\Handlers\FileHandler' driver.
INFO - 2023-08-22 05:48:34 --> Session: Class initialized using 'CodeIgniter\Session\Handlers\FileHandler' driver.
INFO - 2023-08-22 05:48:40 --> Session: Class initialized using 'CodeIgniter\Session\Handlers\FileHandler' driver.
INFO - 2023-08-22 05:48:52 --> Session: Class initialized using 'CodeIgniter\Session\Handlers\FileHandler' driver.
INFO - 2023-08-22 05:48:54 --> Session: Class initialized using 'CodeIgniter\Session\Handlers\FileHandler' driver.
INFO - 2023-08-22 05:48:55 --> Session: Class initialized using 'CodeIgniter\Session\Handlers\FileHandler' driver.
INFO - 2023-08-22 05:51:33 --> Session: Class initialized using 'CodeIgniter\Session\Handlers\FileHandler' driver.
INFO - 2023-08-22 05:51:42 --> Session: Class initialized using 'CodeIgniter\Session\Handlers\FileHandler' driver.
INFO - 2023-08-22 05:51:43 --> Session: Class initialized using 'CodeIgniter\Session\Handlers\FileHandler' driver.
INFO - 2023-08-22 05:51:50 --> Session: Class initialized using 'CodeIgniter\Session\Handlers\FileHandler' driver.
INFO - 2023-08-22 05:52:16 --> Session: Class initialized using 'CodeIgniter\Session\Handlers\FileHandler' driver.
INFO - 2023-08-22 05:52:34 --> Session: Class initialized using 'CodeIgniter\Session\Handlers\FileHandler' driver.
INFO - 2023-08-22 05:52:49 --> Session: Class initialized using 'CodeIgniter\Session\Handlers\FileHandler' driver.
INFO - 2023-08-22 05:52:52 --> Session: Class initialized using 'CodeIgniter\Session\Handlers\FileHandler' driver.
INFO - 2023-08-22 05:53:06 --> Session: Class initialized using 'CodeIgniter\Session\Handlers\FileHandler' driver.
INFO - 2023-08-22 05:53:17 --> Session: Class initialized using 'CodeIgniter\Session\Handlers\FileHandler' driver.
INFO - 2023-08-22 05:54:27 --> Session: Class initialized using 'CodeIgniter\Session\Handlers\FileHandler' driver.
CRITICAL - 2023-08-22 05:54:27 --> Trying to get property 'service_name' of non-object
in APPPATH/Views/dashboard/trainer/trainers-list.php on line 137.
 1 APPPATH/Views/dashboard/trainer/trainers-list.php(137): CodeIgniter\Debug\Exceptions->errorHandler(8, 'Trying to get property \'service_name\' of non-object', '/home/micodetest/public_html/swafewellness/app/Views/dashboard/trainer/trainers-list.php', 137, [...])
 2 SYSTEMPATH/View/View.php(224): include('/home/micodetest/public_html/swafewellness/app/Views/dashboard/trainer/trainers-list.php')
 3 SYSTEMPATH/View/View.php(227): CodeIgniter\View\View->CodeIgniter\View\{closure}()
 4 SYSTEMPATH/Common.php(1176): CodeIgniter\View\View->render('dashboard/trainer/trainers-list', [], true)
 5 APPPATH/Controllers/Admin.php(505): view('dashboard/trainer/trainers-list', [...])
 6 SYSTEMPATH/CodeIgniter.php(932): App\Controllers\Admin->trainerList()
 7 SYSTEMPATH/CodeIgniter.php(497): CodeIgniter\CodeIgniter->runController(Object(App\Controllers\Admin))
 8 SYSTEMPATH/CodeIgniter.php(366): CodeIgniter\CodeIgniter->handleRequest(null, Object(Config\Cache), false)
 9 FCPATH/index.php(67): CodeIgniter\CodeIgniter->run()
INFO - 2023-08-22 05:54:29 --> Session: Class initialized using 'CodeIgniter\Session\Handlers\FileHandler' driver.
INFO - 2023-08-22 05:54:37 --> Session: Class initialized using 'CodeIgniter\Session\Handlers\FileHandler' driver.
CRITICAL - 2023-08-22 05:54:37 --> Trying to get property 'service_name' of non-object
in APPPATH/Views/dashboard/trainer/trainers-list.php on line 137.
 1 APPPATH/Views/dashboard/trainer/trainers-list.php(137): CodeIgniter\Debug\Exceptions->errorHandler(8, 'Trying to get property \'service_name\' of non-object', '/home/micodetest/public_html/swafewellness/app/Views/dashboard/trainer/trainers-list.php', 137, [...])
 2 SYSTEMPATH/View/View.php(224): include('/home/micodetest/public_html/swafewellness/app/Views/dashboard/trainer/trainers-list.php')
 3 SYSTEMPATH/View/View.php(227): CodeIgniter\View\View->CodeIgniter\View\{closure}()
 4 SYSTEMPATH/Common.php(1176): CodeIgniter\View\View->render('dashboard/trainer/trainers-list', [], true)
 5 APPPATH/Controllers/Admin.php(505): view('dashboard/trainer/trainers-list', [...])
 6 SYSTEMPATH/CodeIgniter.php(932): App\Controllers\Admin->trainerList()
 7 SYSTEMPATH/CodeIgniter.php(497): CodeIgniter\CodeIgniter->runController(Object(App\Controllers\Admin))
 8 SYSTEMPATH/CodeIgniter.php(366): CodeIgniter\CodeIgniter->handleRequest(null, Object(Config\Cache), false)
 9 FCPATH/index.php(67): CodeIgniter\CodeIgniter->run()
INFO - 2023-08-22 05:54:40 --> Session: Class initialized using 'CodeIgniter\Session\Handlers\FileHandler' driver.
INFO - 2023-08-22 05:54:42 --> Session: Class initialized using 'CodeIgniter\Session\Handlers\FileHandler' driver.
CRITICAL - 2023-08-22 05:54:42 --> Trying to get property 'service_name' of non-object
in APPPATH/Views/dashboard/trainer/trainers-list.php on line 137.
 1 APPPATH/Views/dashboard/trainer/trainers-list.php(137): CodeIgniter\Debug\Exceptions->errorHandler(8, 'Trying to get property \'service_name\' of non-object', '/home/micodetest/public_html/swafewellness/app/Views/dashboard/trainer/trainers-list.php', 137, [...])
 2 SYSTEMPATH/View/View.php(224): include('/home/micodetest/public_html/swafewellness/app/Views/dashboard/trainer/trainers-list.php')
 3 SYSTEMPATH/View/View.php(227): CodeIgniter\View\View->CodeIgniter\View\{closure}()
 4 SYSTEMPATH/Common.php(1176): CodeIgniter\View\View->render('dashboard/trainer/trainers-list', [], true)
 5 APPPATH/Controllers/Admin.php(505): view('dashboard/trainer/trainers-list', [...])
 6 SYSTEMPATH/CodeIgniter.php(932): App\Controllers\Admin->trainerList()
 7 SYSTEMPATH/CodeIgniter.php(497): CodeIgniter\CodeIgniter->runController(Object(App\Controllers\Admin))
 8 SYSTEMPATH/CodeIgniter.php(366): CodeIgniter\CodeIgniter->handleRequest(null, Object(Config\Cache), false)
 9 FCPATH/index.php(67): CodeIgniter\CodeIgniter->run()
INFO - 2023-08-22 05:54:55 --> Session: Class initialized using 'CodeIgniter\Session\Handlers\FileHandler' driver.
INFO - 2023-08-22 05:55:27 --> Session: Class initialized using 'CodeIgniter\Session\Handlers\FileHandler' driver.
INFO - 2023-08-22 06:27:45 --> Session: Class initialized using 'CodeIgniter\Session\Handlers\FileHandler' driver.
INFO - 2023-08-22 06:27:46 --> Session: Class initialized using 'CodeIgniter\Session\Handlers\FileHandler' driver.
INFO - 2023-08-22 06:27:50 --> Session: Class initialized using 'CodeIgniter\Session\Handlers\FileHandler' driver.
INFO - 2023-08-22 06:27:51 --> Session: Class initialized using 'CodeIgniter\Session\Handlers\FileHandler' driver.
INFO - 2023-08-22 06:27:57 --> Session: Class initialized using 'CodeIgniter\Session\Handlers\FileHandler' driver.
CRITICAL - 2023-08-22 06:27:57 --> Trying to get property 'service_name' of non-object
in APPPATH/Views/dashboard/trainer/trainers-list.php on line 137.
 1 APPPATH/Views/dashboard/trainer/trainers-list.php(137): CodeIgniter\Debug\Exceptions->errorHandler(8, 'Trying to get property \'service_name\' of non-object', '/home/micodetest/public_html/swafewellness/app/Views/dashboard/trainer/trainers-list.php', 137, [...])
 2 SYSTEMPATH/View/View.php(224): include('/home/micodetest/public_html/swafewellness/app/Views/dashboard/trainer/trainers-list.php')
 3 SYSTEMPATH/View/View.php(227): CodeIgniter\View\View->CodeIgniter\View\{closure}()
 4 SYSTEMPATH/Common.php(1176): CodeIgniter\View\View->render('dashboard/trainer/trainers-list', [], true)
 5 APPPATH/Controllers/Admin.php(505): view('dashboard/trainer/trainers-list', [...])
 6 SYSTEMPATH/CodeIgniter.php(932): App\Controllers\Admin->trainerList()
 7 SYSTEMPATH/CodeIgniter.php(497): CodeIgniter\CodeIgniter->runController(Object(App\Controllers\Admin))
 8 SYSTEMPATH/CodeIgniter.php(366): CodeIgniter\CodeIgniter->handleRequest(null, Object(Config\Cache), false)
 9 FCPATH/index.php(67): CodeIgniter\CodeIgniter->run()
INFO - 2023-08-22 06:45:02 --> Session: Class initialized using 'CodeIgniter\Session\Handlers\FileHandler' driver.
INFO - 2023-08-22 06:45:38 --> Session: Class initialized using 'CodeIgniter\Session\Handlers\FileHandler' driver.
INFO - 2023-08-22 11:54:09 --> Session: Class initialized using 'CodeIgniter\Session\Handlers\FileHandler' driver.
