CRITICAL - 2023-09-16 18:54:25 --> Class "Locale" not found
in SYSTEMPATH/CodeIgniter.php on line 195.
 1 FCPATH/index.php(55): CodeIgniter\CodeIgniter->initialize()
CRITICAL - 2023-09-16 18:54:39 --> Class "Locale" not found
in SYSTEMPATH/CodeIgniter.php on line 195.
 1 FCPATH/index.php(55): CodeIgniter\CodeIgniter->initialize()
CRITICAL - 2023-09-16 18:57:25 --> Class "Locale" not found
in SYSTEMPATH/CodeIgniter.php on line 195.
 1 FCPATH/index.php(55): CodeIgniter\CodeIgniter->initialize()
CRITICAL - 2023-09-16 18:59:16 --> Class "Locale" not found
in SYSTEMPATH/CodeIgniter.php on line 195.
 1 FCPATH/index.php(55): CodeIgniter\CodeIgniter->initialize()
CRITICAL - 2023-09-16 19:00:58 --> Class "Locale" not found
in SYSTEMPATH/CodeIgniter.php on line 195.
 1 FCPATH/index.php(55): CodeIgniter\CodeIgniter->initialize()
CRITICAL - 2023-09-16 19:01:42 --> Class "Locale" not found
in SYSTEMPATH/CodeIgniter.php on line 195.
 1 FCPATH/index.php(55): CodeIgniter\CodeIgniter->initialize()
CRITICAL - 2023-09-16 19:02:35 --> Class "Locale" not found
in SYSTEMPATH/CodeIgniter.php on line 195.
 1 FCPATH/index.php(59): CodeIgniter\CodeIgniter->initialize()
CRITICAL - 2023-09-16 19:02:47 --> Class "Locale" not found
in SYSTEMPATH/CodeIgniter.php on line 195.
 1 FCPATH/index.php(59): CodeIgniter\CodeIgniter->initialize()
CRITICAL - 2023-09-16 19:08:50 --> Class "Locale" not found
in SYSTEMPATH/CodeIgniter.php on line 195.
 1 FCPATH/index.php(57): CodeIgniter\CodeIgniter->initialize()
CRITICAL - 2023-09-16 19:08:52 --> Class "Locale" not found
in SYSTEMPATH/CodeIgniter.php on line 195.
 1 FCPATH/index.php(57): CodeIgniter\CodeIgniter->initialize()
CRITICAL - 2023-09-16 19:08:52 --> Class "Locale" not found
in SYSTEMPATH/CodeIgniter.php on line 195.
 1 FCPATH/index.php(57): CodeIgniter\CodeIgniter->initialize()
CRITICAL - 2023-09-16 19:10:06 --> Class "Locale" not found
in SYSTEMPATH/CodeIgniter.php on line 195.
 1 FCPATH/index.php(57): CodeIgniter\CodeIgniter->initialize()
CRITICAL - 2023-09-16 19:17:18 --> Class "Locale" not found
in SYSTEMPATH/CodeIgniter.php on line 195.
 1 FCPATH/index.php(57): CodeIgniter\CodeIgniter->initialize()
CRITICAL - 2023-09-16 19:19:45 --> Class "Locale" not found
in SYSTEMPATH/CodeIgniter.php on line 195.
 1 FCPATH/index.php(57): CodeIgniter\CodeIgniter->initialize()
CRITICAL - 2023-09-16 19:24:40 --> Class "Locale" not found
in SYSTEMPATH/CodeIgniter.php on line 195.
 1 FCPATH/index.php(57): CodeIgniter\CodeIgniter->initialize()
CRITICAL - 2023-09-16 19:26:42 --> Class "Locale" not found
in SYSTEMPATH/CodeIgniter.php on line 195.
 1 FCPATH/index.php(57): CodeIgniter\CodeIgniter->initialize()
CRITICAL - 2023-09-16 19:26:45 --> Class "Locale" not found
in SYSTEMPATH/CodeIgniter.php on line 195.
 1 FCPATH/index.php(57): CodeIgniter\CodeIgniter->initialize()
CRITICAL - 2023-09-16 19:26:46 --> Class "Locale" not found
in SYSTEMPATH/CodeIgniter.php on line 195.
 1 FCPATH/index.php(57): CodeIgniter\CodeIgniter->initialize()
CRITICAL - 2023-09-16 19:27:20 --> Class "Locale" not found
in SYSTEMPATH/CodeIgniter.php on line 195.
 1 FCPATH/index.php(57): CodeIgniter\CodeIgniter->initialize()
CRITICAL - 2023-09-16 19:28:07 --> Class "Locale" not found
in SYSTEMPATH/CodeIgniter.php on line 195.
 1 FCPATH/index.php(57): CodeIgniter\CodeIgniter->initialize()
CRITICAL - 2023-09-16 19:28:35 --> Class "Locale" not found
in SYSTEMPATH/CodeIgniter.php on line 195.
 1 FCPATH/index.php(57): CodeIgniter\CodeIgniter->initialize()
CRITICAL - 2023-09-16 19:34:12 --> Class "Locale" not found
in SYSTEMPATH/CodeIgniter.php on line 195.
 1 FCPATH/index.php(57): CodeIgniter\CodeIgniter->initialize()
CRITICAL - 2023-09-16 19:34:42 --> Class "Locale" not found
in SYSTEMPATH/CodeIgniter.php on line 195.
 1 FCPATH/index.php(57): CodeIgniter\CodeIgniter->initialize()
CRITICAL - 2023-09-16 19:35:07 --> Class "Locale" not found
in SYSTEMPATH/CodeIgniter.php on line 195.
 1 FCPATH/index.php(57): CodeIgniter\CodeIgniter->initialize()
CRITICAL - 2023-09-16 19:35:20 --> Class "Locale" not found
in SYSTEMPATH/CodeIgniter.php on line 195.
 1 FCPATH/index.php(57): CodeIgniter\CodeIgniter->initialize()
CRITICAL - 2023-09-16 19:36:44 --> Class "Locale" not found
in SYSTEMPATH/CodeIgniter.php on line 195.
 1 FCPATH/index.php(57): CodeIgniter\CodeIgniter->initialize()
CRITICAL - 2023-09-16 19:36:44 --> Uncaught Error: Class "Locale" not found in /home/swafewellness/public_html/vendor/codeigniter4/framework/system/I18n/TimeTrait.php:74
Stack trace:
#0 /home/swafewellness/public_html/vendor/codeigniter4/framework/system/I18n/TimeTrait.php(115): CodeIgniter\I18n\Time->__construct(NULL, NULL, NULL)
#1 /home/swafewellness/public_html/vendor/codeigniter4/framework/system/HTTP/ResponseTrait.php(468): CodeIgniter\I18n\Time::now()
#2 /home/swafewellness/public_html/vendor/codeigniter4/framework/system/HTTP/ResponseTrait.php(446): CodeIgniter\HTTP\Response->sendHeaders()
#3 /home/swafewellness/public_html/vendor/codeigniter4/framework/system/Debug/Exceptions.php(150): CodeIgniter\HTTP\Response->send()
#4 [internal function]: CodeIgniter\Debug\Exceptions->exceptionHandler(Object(Error))
#5 {main}
  thrown
【Previous Exception】
Error
Class "Locale" not found
#0 /home/swafewellness/public_html/index.php(57): CodeIgniter\CodeIgniter->initialize()
#1 {main}
in SYSTEMPATH/I18n/TimeTrait.php on line 74.
 1 [internal function]: CodeIgniter\Debug\Exceptions->shutdownHandler()
CRITICAL - 2023-09-16 19:37:19 --> Class "Locale" not found
in SYSTEMPATH/CodeIgniter.php on line 195.
 1 FCPATH/index.php(57): CodeIgniter\CodeIgniter->initialize()
CRITICAL - 2023-09-16 19:48:24 --> Class "Locale" not found
in SYSTEMPATH/CodeIgniter.php on line 195.
 1 FCPATH/index.php(57): CodeIgniter\CodeIgniter->initialize()
CRITICAL - 2023-09-16 19:48:24 --> Uncaught Error: Class "Locale" not found in /home/swafewellness/public_html/vendor/codeigniter4/framework/system/I18n/TimeTrait.php:74
Stack trace:
#0 /home/swafewellness/public_html/vendor/codeigniter4/framework/system/I18n/TimeTrait.php(115): CodeIgniter\I18n\Time->__construct(NULL, NULL, NULL)
#1 /home/swafewellness/public_html/vendor/codeigniter4/framework/system/HTTP/ResponseTrait.php(468): CodeIgniter\I18n\Time::now()
#2 /home/swafewellness/public_html/vendor/codeigniter4/framework/system/HTTP/ResponseTrait.php(446): CodeIgniter\HTTP\Response->sendHeaders()
#3 /home/swafewellness/public_html/vendor/codeigniter4/framework/system/Debug/Exceptions.php(150): CodeIgniter\HTTP\Response->send()
#4 [internal function]: CodeIgniter\Debug\Exceptions->exceptionHandler(Object(Error))
#5 {main}
  thrown
【Previous Exception】
Error
Class "Locale" not found
#0 /home/swafewellness/public_html/index.php(57): CodeIgniter\CodeIgniter->initialize()
#1 {main}
in SYSTEMPATH/I18n/TimeTrait.php on line 74.
 1 [internal function]: CodeIgniter\Debug\Exceptions->shutdownHandler()
CRITICAL - 2023-09-16 21:48:09 --> Class "Locale" not found
in SYSTEMPATH/CodeIgniter.php on line 195.
 1 FCPATH/index.php(57): CodeIgniter\CodeIgniter->initialize()
CRITICAL - 2023-09-16 21:48:10 --> Class "Locale" not found
in SYSTEMPATH/CodeIgniter.php on line 195.
 1 FCPATH/index.php(57): CodeIgniter\CodeIgniter->initialize()
CRITICAL - 2023-09-16 21:48:10 --> Class "Locale" not found
in SYSTEMPATH/CodeIgniter.php on line 195.
 1 FCPATH/index.php(57): CodeIgniter\CodeIgniter->initialize()
CRITICAL - 2023-09-16 22:18:09 --> Class "Locale" not found
in SYSTEMPATH/CodeIgniter.php on line 195.
 1 FCPATH/index.php(57): CodeIgniter\CodeIgniter->initialize()
CRITICAL - 2023-09-16 22:18:12 --> Class "Locale" not found
in SYSTEMPATH/CodeIgniter.php on line 195.
 1 FCPATH/index.php(57): CodeIgniter\CodeIgniter->initialize()
