CRITICAL - 2023-11-07 01:29:18 --> Call to a member function format() on bool
in APPPATH/Controllers/Home.php on line 418.
 1 SYSTEMPATH/CodeIgniter.php(932): App\Controllers\Home->checkAvailability()
 2 SYSTEMPATH/CodeIgniter.php(497): CodeIgniter\CodeIgniter->runController(Object(App\Controllers\Home))
 3 SYSTEMPATH/CodeIgniter.php(366): CodeIgniter\CodeIgniter->handleRequest(null, Object(Config\Cache), false)
 4 FCPATH/index.php(69): CodeIgniter\CodeIgniter->run()
CRITICAL - 2023-11-07 06:00:57 --> Call to a member function format() on bool
in APPPATH/Controllers/Home.php on line 418.
 1 SYSTEMPATH/CodeIgniter.php(932): App\Controllers\Home->checkAvailability()
 2 SYSTEMPATH/CodeIgniter.php(497): CodeIgniter\CodeIgniter->runController(Object(App\Controllers\Home))
 3 SYSTEMPATH/CodeIgniter.php(366): CodeIgniter\CodeIgniter->handleRequest(null, Object(Config\Cache), false)
 4 FCPATH/index.php(69): CodeIgniter\CodeIgniter->run()
CRITICAL - 2023-11-07 08:25:07 --> Call to a member function format() on bool
in APPPATH/Controllers/Home.php on line 418.
 1 SYSTEMPATH/CodeIgniter.php(932): App\Controllers\Home->checkAvailability()
 2 SYSTEMPATH/CodeIgniter.php(497): CodeIgniter\CodeIgniter->runController(Object(App\Controllers\Home))
 3 SYSTEMPATH/CodeIgniter.php(366): CodeIgniter\CodeIgniter->handleRequest(null, Object(Config\Cache), false)
 4 FCPATH/index.php(69): CodeIgniter\CodeIgniter->run()
CRITICAL - 2023-11-07 09:59:12 --> Call to a member function format() on bool
in APPPATH/Controllers/Home.php on line 418.
 1 SYSTEMPATH/CodeIgniter.php(932): App\Controllers\Home->checkAvailability()
 2 SYSTEMPATH/CodeIgniter.php(497): CodeIgniter\CodeIgniter->runController(Object(App\Controllers\Home))
 3 SYSTEMPATH/CodeIgniter.php(366): CodeIgniter\CodeIgniter->handleRequest(null, Object(Config\Cache), false)
 4 FCPATH/index.php(69): CodeIgniter\CodeIgniter->run()
CRITICAL - 2023-11-07 11:47:09 --> Call to a member function format() on bool
in APPPATH/Controllers/Home.php on line 418.
 1 SYSTEMPATH/CodeIgniter.php(932): App\Controllers\Home->checkAvailability()
 2 SYSTEMPATH/CodeIgniter.php(497): CodeIgniter\CodeIgniter->runController(Object(App\Controllers\Home))
 3 SYSTEMPATH/CodeIgniter.php(366): CodeIgniter\CodeIgniter->handleRequest(null, Object(Config\Cache), false)
 4 FCPATH/index.php(69): CodeIgniter\CodeIgniter->run()
CRITICAL - 2023-11-07 14:01:01 --> Call to a member function format() on bool
in APPPATH/Controllers/Home.php on line 418.
 1 SYSTEMPATH/CodeIgniter.php(932): App\Controllers\Home->checkAvailability()
 2 SYSTEMPATH/CodeIgniter.php(497): CodeIgniter\CodeIgniter->runController(Object(App\Controllers\Home))
 3 SYSTEMPATH/CodeIgniter.php(366): CodeIgniter\CodeIgniter->handleRequest(null, Object(Config\Cache), false)
 4 FCPATH/index.php(69): CodeIgniter\CodeIgniter->run()
CRITICAL - 2023-11-07 14:55:41 --> Call to a member function format() on bool
in APPPATH/Controllers/Home.php on line 418.
 1 SYSTEMPATH/CodeIgniter.php(932): App\Controllers\Home->checkAvailability()
 2 SYSTEMPATH/CodeIgniter.php(497): CodeIgniter\CodeIgniter->runController(Object(App\Controllers\Home))
 3 SYSTEMPATH/CodeIgniter.php(366): CodeIgniter\CodeIgniter->handleRequest(null, Object(Config\Cache), false)
 4 FCPATH/index.php(69): CodeIgniter\CodeIgniter->run()
CRITICAL - 2023-11-07 15:25:25 --> Call to a member function format() on bool
in APPPATH/Controllers/Home.php on line 418.
 1 SYSTEMPATH/CodeIgniter.php(932): App\Controllers\Home->checkAvailability()
 2 SYSTEMPATH/CodeIgniter.php(497): CodeIgniter\CodeIgniter->runController(Object(App\Controllers\Home))
 3 SYSTEMPATH/CodeIgniter.php(366): CodeIgniter\CodeIgniter->handleRequest(null, Object(Config\Cache), false)
 4 FCPATH/index.php(69): CodeIgniter\CodeIgniter->run()
CRITICAL - 2023-11-07 16:11:07 --> Call to a member function format() on bool
in APPPATH/Controllers/Home.php on line 418.
 1 SYSTEMPATH/CodeIgniter.php(932): App\Controllers\Home->checkAvailability()
 2 SYSTEMPATH/CodeIgniter.php(497): CodeIgniter\CodeIgniter->runController(Object(App\Controllers\Home))
 3 SYSTEMPATH/CodeIgniter.php(366): CodeIgniter\CodeIgniter->handleRequest(null, Object(Config\Cache), false)
 4 FCPATH/index.php(69): CodeIgniter\CodeIgniter->run()
CRITICAL - 2023-11-07 16:13:39 --> Call to a member function format() on bool
in APPPATH/Controllers/Home.php on line 418.
 1 SYSTEMPATH/CodeIgniter.php(932): App\Controllers\Home->checkAvailability()
 2 SYSTEMPATH/CodeIgniter.php(497): CodeIgniter\CodeIgniter->runController(Object(App\Controllers\Home))
 3 SYSTEMPATH/CodeIgniter.php(366): CodeIgniter\CodeIgniter->handleRequest(null, Object(Config\Cache), false)
 4 FCPATH/index.php(69): CodeIgniter\CodeIgniter->run()
CRITICAL - 2023-11-07 16:45:07 --> Call to a member function format() on bool
in APPPATH/Controllers/Home.php on line 418.
 1 SYSTEMPATH/CodeIgniter.php(932): App\Controllers\Home->checkAvailability()
 2 SYSTEMPATH/CodeIgniter.php(497): CodeIgniter\CodeIgniter->runController(Object(App\Controllers\Home))
 3 SYSTEMPATH/CodeIgniter.php(366): CodeIgniter\CodeIgniter->handleRequest(null, Object(Config\Cache), false)
 4 FCPATH/index.php(69): CodeIgniter\CodeIgniter->run()
CRITICAL - 2023-11-07 17:35:02 --> Call to a member function format() on bool
in APPPATH/Controllers/Home.php on line 418.
 1 SYSTEMPATH/CodeIgniter.php(932): App\Controllers\Home->checkAvailability()
 2 SYSTEMPATH/CodeIgniter.php(497): CodeIgniter\CodeIgniter->runController(Object(App\Controllers\Home))
 3 SYSTEMPATH/CodeIgniter.php(366): CodeIgniter\CodeIgniter->handleRequest(null, Object(Config\Cache), false)
 4 FCPATH/index.php(69): CodeIgniter\CodeIgniter->run()
CRITICAL - 2023-11-07 17:42:48 --> Call to a member function format() on bool
in APPPATH/Controllers/Home.php on line 418.
 1 SYSTEMPATH/CodeIgniter.php(932): App\Controllers\Home->checkAvailability()
 2 SYSTEMPATH/CodeIgniter.php(497): CodeIgniter\CodeIgniter->runController(Object(App\Controllers\Home))
 3 SYSTEMPATH/CodeIgniter.php(366): CodeIgniter\CodeIgniter->handleRequest(null, Object(Config\Cache), false)
 4 FCPATH/index.php(69): CodeIgniter\CodeIgniter->run()
CRITICAL - 2023-11-07 19:33:17 --> Call to a member function format() on bool
in APPPATH/Controllers/Home.php on line 418.
 1 SYSTEMPATH/CodeIgniter.php(932): App\Controllers\Home->checkAvailability()
 2 SYSTEMPATH/CodeIgniter.php(497): CodeIgniter\CodeIgniter->runController(Object(App\Controllers\Home))
 3 SYSTEMPATH/CodeIgniter.php(366): CodeIgniter\CodeIgniter->handleRequest(null, Object(Config\Cache), false)
 4 FCPATH/index.php(69): CodeIgniter\CodeIgniter->run()
CRITICAL - 2023-11-07 19:38:21 --> Call to a member function format() on bool
in APPPATH/Controllers/Home.php on line 418.
 1 SYSTEMPATH/CodeIgniter.php(932): App\Controllers\Home->checkAvailability()
 2 SYSTEMPATH/CodeIgniter.php(497): CodeIgniter\CodeIgniter->runController(Object(App\Controllers\Home))
 3 SYSTEMPATH/CodeIgniter.php(366): CodeIgniter\CodeIgniter->handleRequest(null, Object(Config\Cache), false)
 4 FCPATH/index.php(69): CodeIgniter\CodeIgniter->run()
CRITICAL - 2023-11-07 20:18:30 --> Call to a member function format() on bool
in APPPATH/Controllers/Home.php on line 418.
 1 SYSTEMPATH/CodeIgniter.php(932): App\Controllers\Home->checkAvailability()
 2 SYSTEMPATH/CodeIgniter.php(497): CodeIgniter\CodeIgniter->runController(Object(App\Controllers\Home))
 3 SYSTEMPATH/CodeIgniter.php(366): CodeIgniter\CodeIgniter->handleRequest(null, Object(Config\Cache), false)
 4 FCPATH/index.php(69): CodeIgniter\CodeIgniter->run()
CRITICAL - 2023-11-07 22:01:01 --> Call to a member function format() on bool
in APPPATH/Controllers/Home.php on line 418.
 1 SYSTEMPATH/CodeIgniter.php(932): App\Controllers\Home->checkAvailability()
 2 SYSTEMPATH/CodeIgniter.php(497): CodeIgniter\CodeIgniter->runController(Object(App\Controllers\Home))
 3 SYSTEMPATH/CodeIgniter.php(366): CodeIgniter\CodeIgniter->handleRequest(null, Object(Config\Cache), false)
 4 FCPATH/index.php(69): CodeIgniter\CodeIgniter->run()
CRITICAL - 2023-11-07 23:29:21 --> Call to a member function format() on bool
in APPPATH/Controllers/Home.php on line 418.
 1 SYSTEMPATH/CodeIgniter.php(932): App\Controllers\Home->checkAvailability()
 2 SYSTEMPATH/CodeIgniter.php(497): CodeIgniter\CodeIgniter->runController(Object(App\Controllers\Home))
 3 SYSTEMPATH/CodeIgniter.php(366): CodeIgniter\CodeIgniter->handleRequest(null, Object(Config\Cache), false)
 4 FCPATH/index.php(69): CodeIgniter\CodeIgniter->run()
