CRITICAL - 2024-02-24 01:29:06 --> Call to a member function format() on bool
in APPPATH/Controllers/Home.php on line 423.
 1 SYSTEMPATH/CodeIgniter.php(932): App\Controllers\Home->checkAvailability()
 2 SYSTEMPATH/CodeIgniter.php(497): CodeIgniter\CodeIgniter->runController(Object(App\Controllers\Home))
 3 SYSTEMPATH/CodeIgniter.php(366): CodeIgniter\CodeIgniter->handleRequest(null, Object(Config\Cache), false)
 4 FCPATH/index.php(69): CodeIgniter\CodeIgniter->run()
CRITICAL - 2024-02-24 02:22:06 --> Call to a member function format() on bool
in APPPATH/Controllers/Home.php on line 423.
 1 SYSTEMPATH/CodeIgniter.php(932): App\Controllers\Home->checkAvailability()
 2 SYSTEMPATH/CodeIgniter.php(497): CodeIgniter\CodeIgniter->runController(Object(App\Controllers\Home))
 3 SYSTEMPATH/CodeIgniter.php(366): CodeIgniter\CodeIgniter->handleRequest(null, Object(Config\Cache), false)
 4 FCPATH/index.php(69): CodeIgniter\CodeIgniter->run()
CRITICAL - 2024-02-24 02:30:29 --> Call to a member function format() on bool
in APPPATH/Controllers/Home.php on line 423.
 1 SYSTEMPATH/CodeIgniter.php(932): App\Controllers\Home->checkAvailability()
 2 SYSTEMPATH/CodeIgniter.php(497): CodeIgniter\CodeIgniter->runController(Object(App\Controllers\Home))
 3 SYSTEMPATH/CodeIgniter.php(366): CodeIgniter\CodeIgniter->handleRequest(null, Object(Config\Cache), false)
 4 FCPATH/index.php(69): CodeIgniter\CodeIgniter->run()
CRITICAL - 2024-02-24 04:32:12 --> Call to a member function format() on bool
in APPPATH/Controllers/Home.php on line 423.
 1 SYSTEMPATH/CodeIgniter.php(932): App\Controllers\Home->checkAvailability()
 2 SYSTEMPATH/CodeIgniter.php(497): CodeIgniter\CodeIgniter->runController(Object(App\Controllers\Home))
 3 SYSTEMPATH/CodeIgniter.php(366): CodeIgniter\CodeIgniter->handleRequest(null, Object(Config\Cache), false)
 4 FCPATH/index.php(69): CodeIgniter\CodeIgniter->run()
CRITICAL - 2024-02-24 04:39:46 --> Call to a member function format() on bool
in APPPATH/Controllers/Home.php on line 423.
 1 SYSTEMPATH/CodeIgniter.php(932): App\Controllers\Home->checkAvailability()
 2 SYSTEMPATH/CodeIgniter.php(497): CodeIgniter\CodeIgniter->runController(Object(App\Controllers\Home))
 3 SYSTEMPATH/CodeIgniter.php(366): CodeIgniter\CodeIgniter->handleRequest(null, Object(Config\Cache), false)
 4 FCPATH/index.php(69): CodeIgniter\CodeIgniter->run()
CRITICAL - 2024-02-24 05:05:19 --> Call to a member function format() on bool
in APPPATH/Controllers/Home.php on line 423.
 1 SYSTEMPATH/CodeIgniter.php(932): App\Controllers\Home->checkAvailability()
 2 SYSTEMPATH/CodeIgniter.php(497): CodeIgniter\CodeIgniter->runController(Object(App\Controllers\Home))
 3 SYSTEMPATH/CodeIgniter.php(366): CodeIgniter\CodeIgniter->handleRequest(null, Object(Config\Cache), false)
 4 FCPATH/index.php(69): CodeIgniter\CodeIgniter->run()
CRITICAL - 2024-02-24 05:07:16 --> Call to a member function format() on bool
in APPPATH/Controllers/Home.php on line 423.
 1 SYSTEMPATH/CodeIgniter.php(932): App\Controllers\Home->checkAvailability()
 2 SYSTEMPATH/CodeIgniter.php(497): CodeIgniter\CodeIgniter->runController(Object(App\Controllers\Home))
 3 SYSTEMPATH/CodeIgniter.php(366): CodeIgniter\CodeIgniter->handleRequest(null, Object(Config\Cache), false)
 4 FCPATH/index.php(69): CodeIgniter\CodeIgniter->run()
CRITICAL - 2024-02-24 06:27:40 --> Call to a member function format() on bool
in APPPATH/Controllers/Home.php on line 423.
 1 SYSTEMPATH/CodeIgniter.php(932): App\Controllers\Home->checkAvailability()
 2 SYSTEMPATH/CodeIgniter.php(497): CodeIgniter\CodeIgniter->runController(Object(App\Controllers\Home))
 3 SYSTEMPATH/CodeIgniter.php(366): CodeIgniter\CodeIgniter->handleRequest(null, Object(Config\Cache), false)
 4 FCPATH/index.php(69): CodeIgniter\CodeIgniter->run()
CRITICAL - 2024-02-24 08:17:39 --> Call to a member function format() on bool
in APPPATH/Controllers/Home.php on line 423.
 1 SYSTEMPATH/CodeIgniter.php(932): App\Controllers\Home->checkAvailability()
 2 SYSTEMPATH/CodeIgniter.php(497): CodeIgniter\CodeIgniter->runController(Object(App\Controllers\Home))
 3 SYSTEMPATH/CodeIgniter.php(366): CodeIgniter\CodeIgniter->handleRequest(null, Object(Config\Cache), false)
 4 FCPATH/index.php(69): CodeIgniter\CodeIgniter->run()
CRITICAL - 2024-02-24 12:33:06 --> Call to a member function format() on bool
in APPPATH/Controllers/Home.php on line 423.
 1 SYSTEMPATH/CodeIgniter.php(932): App\Controllers\Home->checkAvailability()
 2 SYSTEMPATH/CodeIgniter.php(497): CodeIgniter\CodeIgniter->runController(Object(App\Controllers\Home))
 3 SYSTEMPATH/CodeIgniter.php(366): CodeIgniter\CodeIgniter->handleRequest(null, Object(Config\Cache), false)
 4 FCPATH/index.php(69): CodeIgniter\CodeIgniter->run()
CRITICAL - 2024-02-24 12:55:47 --> Call to a member function format() on bool
in APPPATH/Controllers/Home.php on line 423.
 1 SYSTEMPATH/CodeIgniter.php(932): App\Controllers\Home->checkAvailability()
 2 SYSTEMPATH/CodeIgniter.php(497): CodeIgniter\CodeIgniter->runController(Object(App\Controllers\Home))
 3 SYSTEMPATH/CodeIgniter.php(366): CodeIgniter\CodeIgniter->handleRequest(null, Object(Config\Cache), false)
 4 FCPATH/index.php(69): CodeIgniter\CodeIgniter->run()
CRITICAL - 2024-02-24 13:23:38 --> Call to a member function format() on bool
in APPPATH/Controllers/Home.php on line 423.
 1 SYSTEMPATH/CodeIgniter.php(932): App\Controllers\Home->checkAvailability()
 2 SYSTEMPATH/CodeIgniter.php(497): CodeIgniter\CodeIgniter->runController(Object(App\Controllers\Home))
 3 SYSTEMPATH/CodeIgniter.php(366): CodeIgniter\CodeIgniter->handleRequest(null, Object(Config\Cache), false)
 4 FCPATH/index.php(69): CodeIgniter\CodeIgniter->run()
CRITICAL - 2024-02-24 13:56:11 --> Call to a member function format() on bool
in APPPATH/Controllers/Home.php on line 423.
 1 SYSTEMPATH/CodeIgniter.php(932): App\Controllers\Home->checkAvailability()
 2 SYSTEMPATH/CodeIgniter.php(497): CodeIgniter\CodeIgniter->runController(Object(App\Controllers\Home))
 3 SYSTEMPATH/CodeIgniter.php(366): CodeIgniter\CodeIgniter->handleRequest(null, Object(Config\Cache), false)
 4 FCPATH/index.php(69): CodeIgniter\CodeIgniter->run()
CRITICAL - 2024-02-24 14:02:12 --> Call to a member function format() on bool
in APPPATH/Controllers/Home.php on line 423.
 1 SYSTEMPATH/CodeIgniter.php(932): App\Controllers\Home->checkAvailability()
 2 SYSTEMPATH/CodeIgniter.php(497): CodeIgniter\CodeIgniter->runController(Object(App\Controllers\Home))
 3 SYSTEMPATH/CodeIgniter.php(366): CodeIgniter\CodeIgniter->handleRequest(null, Object(Config\Cache), false)
 4 FCPATH/index.php(69): CodeIgniter\CodeIgniter->run()
CRITICAL - 2024-02-24 15:01:36 --> Call to a member function format() on bool
in APPPATH/Controllers/Home.php on line 423.
 1 SYSTEMPATH/CodeIgniter.php(932): App\Controllers\Home->checkAvailability()
 2 SYSTEMPATH/CodeIgniter.php(497): CodeIgniter\CodeIgniter->runController(Object(App\Controllers\Home))
 3 SYSTEMPATH/CodeIgniter.php(366): CodeIgniter\CodeIgniter->handleRequest(null, Object(Config\Cache), false)
 4 FCPATH/index.php(69): CodeIgniter\CodeIgniter->run()
CRITICAL - 2024-02-24 17:54:10 --> Call to a member function format() on bool
in APPPATH/Controllers/Home.php on line 423.
 1 SYSTEMPATH/CodeIgniter.php(932): App\Controllers\Home->checkAvailability()
 2 SYSTEMPATH/CodeIgniter.php(497): CodeIgniter\CodeIgniter->runController(Object(App\Controllers\Home))
 3 SYSTEMPATH/CodeIgniter.php(366): CodeIgniter\CodeIgniter->handleRequest(null, Object(Config\Cache), false)
 4 FCPATH/index.php(69): CodeIgniter\CodeIgniter->run()
CRITICAL - 2024-02-24 18:44:17 --> Call to a member function format() on bool
in APPPATH/Controllers/Home.php on line 423.
 1 SYSTEMPATH/CodeIgniter.php(932): App\Controllers\Home->checkAvailability()
 2 SYSTEMPATH/CodeIgniter.php(497): CodeIgniter\CodeIgniter->runController(Object(App\Controllers\Home))
 3 SYSTEMPATH/CodeIgniter.php(366): CodeIgniter\CodeIgniter->handleRequest(null, Object(Config\Cache), false)
 4 FCPATH/index.php(69): CodeIgniter\CodeIgniter->run()
CRITICAL - 2024-02-24 20:18:29 --> Call to a member function format() on bool
in APPPATH/Controllers/Home.php on line 423.
 1 SYSTEMPATH/CodeIgniter.php(932): App\Controllers\Home->checkAvailability()
 2 SYSTEMPATH/CodeIgniter.php(497): CodeIgniter\CodeIgniter->runController(Object(App\Controllers\Home))
 3 SYSTEMPATH/CodeIgniter.php(366): CodeIgniter\CodeIgniter->handleRequest(null, Object(Config\Cache), false)
 4 FCPATH/index.php(69): CodeIgniter\CodeIgniter->run()
CRITICAL - 2024-02-24 20:53:43 --> Call to a member function format() on bool
in APPPATH/Controllers/Home.php on line 423.
 1 SYSTEMPATH/CodeIgniter.php(932): App\Controllers\Home->checkAvailability()
 2 SYSTEMPATH/CodeIgniter.php(497): CodeIgniter\CodeIgniter->runController(Object(App\Controllers\Home))
 3 SYSTEMPATH/CodeIgniter.php(366): CodeIgniter\CodeIgniter->handleRequest(null, Object(Config\Cache), false)
 4 FCPATH/index.php(69): CodeIgniter\CodeIgniter->run()
CRITICAL - 2024-02-24 21:08:15 --> Call to a member function format() on bool
in APPPATH/Controllers/Home.php on line 423.
 1 SYSTEMPATH/CodeIgniter.php(932): App\Controllers\Home->checkAvailability()
 2 SYSTEMPATH/CodeIgniter.php(497): CodeIgniter\CodeIgniter->runController(Object(App\Controllers\Home))
 3 SYSTEMPATH/CodeIgniter.php(366): CodeIgniter\CodeIgniter->handleRequest(null, Object(Config\Cache), false)
 4 FCPATH/index.php(69): CodeIgniter\CodeIgniter->run()
