CRITICAL - 2023-09-18 08:48:56 --> Invalid argument supplied for foreach()
in APPPATH/Views/front/checkout.php on line 450.
 1 APPPATH/Views/front/checkout.php(450): CodeIgniter\Debug\Exceptions->errorHandler(2, 'Invalid argument supplied for foreach()', '/home/swafewellness/public_html/app/Views/front/checkout.php', 450, [...])
 2 SYSTEMPATH/View/View.php(224): include('/home/swafewellness/public_html/app/Views/front/checkout.php')
 3 SYSTEMPATH/View/View.php(227): CodeIgniter\View\View->CodeIgniter\View\{closure}()
 4 SYSTEMPATH/Common.php(1176): CodeIgniter\View\View->render('front/checkout', [], true)
 5 APPPATH/Controllers/Home.php(594): view('front/checkout', [...])
 6 SYSTEMPATH/CodeIgniter.php(932): App\Controllers\Home->checkout()
 7 SYSTEMPATH/CodeIgniter.php(497): CodeIgniter\CodeIgniter->runController(Object(App\Controllers\Home))
 8 SYSTEMPATH/CodeIgniter.php(366): CodeIgniter\CodeIgniter->handleRequest(null, Object(Config\Cache), false)
 9 FCPATH/index.php(69): CodeIgniter\CodeIgniter->run()
CRITICAL - 2023-09-18 10:01:52 --> Invalid argument supplied for foreach()
in APPPATH/Views/front/checkout.php on line 450.
 1 APPPATH/Views/front/checkout.php(450): CodeIgniter\Debug\Exceptions->errorHandler(2, 'Invalid argument supplied for foreach()', '/home/swafewellness/public_html/app/Views/front/checkout.php', 450, [...])
 2 SYSTEMPATH/View/View.php(224): include('/home/swafewellness/public_html/app/Views/front/checkout.php')
 3 SYSTEMPATH/View/View.php(227): CodeIgniter\View\View->CodeIgniter\View\{closure}()
 4 SYSTEMPATH/Common.php(1176): CodeIgniter\View\View->render('front/checkout', [], true)
 5 APPPATH/Controllers/Home.php(594): view('front/checkout', [...])
 6 SYSTEMPATH/CodeIgniter.php(932): App\Controllers\Home->checkout()
 7 SYSTEMPATH/CodeIgniter.php(497): CodeIgniter\CodeIgniter->runController(Object(App\Controllers\Home))
 8 SYSTEMPATH/CodeIgniter.php(366): CodeIgniter\CodeIgniter->handleRequest(null, Object(Config\Cache), false)
 9 FCPATH/index.php(69): CodeIgniter\CodeIgniter->run()
CRITICAL - 2023-09-18 10:23:34 --> Invalid argument supplied for foreach()
in APPPATH/Views/front/checkout.php on line 450.
 1 APPPATH/Views/front/checkout.php(450): CodeIgniter\Debug\Exceptions->errorHandler(2, 'Invalid argument supplied for foreach()', '/home/swafewellness/public_html/app/Views/front/checkout.php', 450, [...])
 2 SYSTEMPATH/View/View.php(224): include('/home/swafewellness/public_html/app/Views/front/checkout.php')
 3 SYSTEMPATH/View/View.php(227): CodeIgniter\View\View->CodeIgniter\View\{closure}()
 4 SYSTEMPATH/Common.php(1176): CodeIgniter\View\View->render('front/checkout', [], true)
 5 APPPATH/Controllers/Home.php(594): view('front/checkout', [...])
 6 SYSTEMPATH/CodeIgniter.php(932): App\Controllers\Home->checkout()
 7 SYSTEMPATH/CodeIgniter.php(497): CodeIgniter\CodeIgniter->runController(Object(App\Controllers\Home))
 8 SYSTEMPATH/CodeIgniter.php(366): CodeIgniter\CodeIgniter->handleRequest(null, Object(Config\Cache), false)
 9 FCPATH/index.php(69): CodeIgniter\CodeIgniter->run()
CRITICAL - 2023-09-18 11:47:42 --> Invalid argument supplied for foreach()
in APPPATH/Views/front/checkout.php on line 450.
 1 APPPATH/Views/front/checkout.php(450): CodeIgniter\Debug\Exceptions->errorHandler(2, 'Invalid argument supplied for foreach()', '/home/swafewellness/public_html/app/Views/front/checkout.php', 450, [...])
 2 SYSTEMPATH/View/View.php(224): include('/home/swafewellness/public_html/app/Views/front/checkout.php')
 3 SYSTEMPATH/View/View.php(227): CodeIgniter\View\View->CodeIgniter\View\{closure}()
 4 SYSTEMPATH/Common.php(1176): CodeIgniter\View\View->render('front/checkout', [], true)
 5 APPPATH/Controllers/Home.php(594): view('front/checkout', [...])
 6 SYSTEMPATH/CodeIgniter.php(932): App\Controllers\Home->checkout()
 7 SYSTEMPATH/CodeIgniter.php(497): CodeIgniter\CodeIgniter->runController(Object(App\Controllers\Home))
 8 SYSTEMPATH/CodeIgniter.php(366): CodeIgniter\CodeIgniter->handleRequest(null, Object(Config\Cache), false)
 9 FCPATH/index.php(69): CodeIgniter\CodeIgniter->run()
CRITICAL - 2023-09-18 11:49:55 --> Invalid argument supplied for foreach()
in APPPATH/Views/front/checkout.php on line 450.
 1 APPPATH/Views/front/checkout.php(450): CodeIgniter\Debug\Exceptions->errorHandler(2, 'Invalid argument supplied for foreach()', '/home/swafewellness/public_html/app/Views/front/checkout.php', 450, [...])
 2 SYSTEMPATH/View/View.php(224): include('/home/swafewellness/public_html/app/Views/front/checkout.php')
 3 SYSTEMPATH/View/View.php(227): CodeIgniter\View\View->CodeIgniter\View\{closure}()
 4 SYSTEMPATH/Common.php(1176): CodeIgniter\View\View->render('front/checkout', [], true)
 5 APPPATH/Controllers/Home.php(594): view('front/checkout', [...])
 6 SYSTEMPATH/CodeIgniter.php(932): App\Controllers\Home->checkout()
 7 SYSTEMPATH/CodeIgniter.php(497): CodeIgniter\CodeIgniter->runController(Object(App\Controllers\Home))
 8 SYSTEMPATH/CodeIgniter.php(366): CodeIgniter\CodeIgniter->handleRequest(null, Object(Config\Cache), false)
 9 FCPATH/index.php(69): CodeIgniter\CodeIgniter->run()
CRITICAL - 2023-09-18 11:51:39 --> Invalid argument supplied for foreach()
in APPPATH/Views/front/checkout.php on line 450.
 1 APPPATH/Views/front/checkout.php(450): CodeIgniter\Debug\Exceptions->errorHandler(2, 'Invalid argument supplied for foreach()', '/home/swafewellness/public_html/app/Views/front/checkout.php', 450, [...])
 2 SYSTEMPATH/View/View.php(224): include('/home/swafewellness/public_html/app/Views/front/checkout.php')
 3 SYSTEMPATH/View/View.php(227): CodeIgniter\View\View->CodeIgniter\View\{closure}()
 4 SYSTEMPATH/Common.php(1176): CodeIgniter\View\View->render('front/checkout', [], true)
 5 APPPATH/Controllers/Home.php(594): view('front/checkout', [...])
 6 SYSTEMPATH/CodeIgniter.php(932): App\Controllers\Home->checkout()
 7 SYSTEMPATH/CodeIgniter.php(497): CodeIgniter\CodeIgniter->runController(Object(App\Controllers\Home))
 8 SYSTEMPATH/CodeIgniter.php(366): CodeIgniter\CodeIgniter->handleRequest(null, Object(Config\Cache), false)
 9 FCPATH/index.php(69): CodeIgniter\CodeIgniter->run()
