INFO - 2023-08-10 04:46:20 --> Session: Class initialized using 'CodeIgniter\Session\Handlers\FileHandler' driver.
CRITICAL - 2023-08-10 04:46:20 --> The route for "web.login" cannot be found.
in SYSTEMPATH\HTTP\RedirectResponse.php on line 60.
 1 SYSTEMPATH\HTTP\RedirectResponse.php(60): CodeIgniter\HTTP\Exceptions\HTTPException::forInvalidRedirectRoute('web.login')
 2 APPPATH\Filters\LoginFilter.php(15): CodeIgniter\HTTP\RedirectResponse->route(false)
 3 SYSTEMPATH\Filters\Filters.php(173): App\Filters\LoginFilter->before(Object(CodeIgniter\HTTP\IncomingRequest), null)
 4 SYSTEMPATH\CodeIgniter.php(471): CodeIgniter\Filters\Filters->run('admin', 'before')
 5 SYSTEMPATH\CodeIgniter.php(366): CodeIgniter\CodeIgniter->handleRequest(null, Object(Config\Cache), false)
 6 FCPATH\index.php(67): CodeIgniter\CodeIgniter->run()
 7 SYSTEMPATH\Commands\Server\rewrite.php(47): require_once('C:\\xampp2\\htdocs\\swafe\\public\\index.php')
INFO - 2023-08-10 04:47:41 --> Session: Class initialized using 'CodeIgniter\Session\Handlers\FileHandler' driver.
CRITICAL - 2023-08-10 04:47:41 --> The route for "login" cannot be found.
in SYSTEMPATH\HTTP\RedirectResponse.php on line 60.
 1 SYSTEMPATH\HTTP\RedirectResponse.php(60): CodeIgniter\HTTP\Exceptions\HTTPException::forInvalidRedirectRoute('login')
 2 APPPATH\Filters\LoginFilter.php(15): CodeIgniter\HTTP\RedirectResponse->route(false)
 3 SYSTEMPATH\Filters\Filters.php(173): App\Filters\LoginFilter->before(Object(CodeIgniter\HTTP\IncomingRequest), null)
 4 SYSTEMPATH\CodeIgniter.php(471): CodeIgniter\Filters\Filters->run('admin', 'before')
 5 SYSTEMPATH\CodeIgniter.php(366): CodeIgniter\CodeIgniter->handleRequest(null, Object(Config\Cache), false)
 6 FCPATH\index.php(67): CodeIgniter\CodeIgniter->run()
 7 SYSTEMPATH\Commands\Server\rewrite.php(47): require_once('C:\\xampp2\\htdocs\\swafe\\public\\index.php')
INFO - 2023-08-10 04:47:43 --> Session: Class initialized using 'CodeIgniter\Session\Handlers\FileHandler' driver.
CRITICAL - 2023-08-10 04:47:43 --> The route for "login" cannot be found.
in SYSTEMPATH\HTTP\RedirectResponse.php on line 60.
 1 SYSTEMPATH\HTTP\RedirectResponse.php(60): CodeIgniter\HTTP\Exceptions\HTTPException::forInvalidRedirectRoute('login')
 2 APPPATH\Filters\LoginFilter.php(15): CodeIgniter\HTTP\RedirectResponse->route(false)
 3 SYSTEMPATH\Filters\Filters.php(173): App\Filters\LoginFilter->before(Object(CodeIgniter\HTTP\IncomingRequest), null)
 4 SYSTEMPATH\CodeIgniter.php(471): CodeIgniter\Filters\Filters->run('admin', 'before')
 5 SYSTEMPATH\CodeIgniter.php(366): CodeIgniter\CodeIgniter->handleRequest(null, Object(Config\Cache), false)
 6 FCPATH\index.php(67): CodeIgniter\CodeIgniter->run()
 7 SYSTEMPATH\Commands\Server\rewrite.php(47): require_once('C:\\xampp2\\htdocs\\swafe\\public\\index.php')
INFO - 2023-08-10 04:48:21 --> Session: Class initialized using 'CodeIgniter\Session\Handlers\FileHandler' driver.
INFO - 2023-08-10 04:48:21 --> Session: Class initialized using 'CodeIgniter\Session\Handlers\FileHandler' driver.
INFO - 2023-08-10 04:48:41 --> Session: Class initialized using 'CodeIgniter\Session\Handlers\FileHandler' driver.
INFO - 2023-08-10 04:48:43 --> Session: Class initialized using 'CodeIgniter\Session\Handlers\FileHandler' driver.
INFO - 2023-08-10 04:48:43 --> Session: Class initialized using 'CodeIgniter\Session\Handlers\FileHandler' driver.
INFO - 2023-08-10 04:49:03 --> Session: Class initialized using 'CodeIgniter\Session\Handlers\FileHandler' driver.
INFO - 2023-08-10 04:49:04 --> Session: Class initialized using 'CodeIgniter\Session\Handlers\FileHandler' driver.
INFO - 2023-08-10 04:49:11 --> Session: Class initialized using 'CodeIgniter\Session\Handlers\FileHandler' driver.
INFO - 2023-08-10 04:49:26 --> Session: Class initialized using 'CodeIgniter\Session\Handlers\FileHandler' driver.
INFO - 2023-08-10 04:49:36 --> Session: Class initialized using 'CodeIgniter\Session\Handlers\FileHandler' driver.
INFO - 2023-08-10 04:51:07 --> Session: Class initialized using 'CodeIgniter\Session\Handlers\FileHandler' driver.
INFO - 2023-08-10 04:53:26 --> Session: Class initialized using 'CodeIgniter\Session\Handlers\FileHandler' driver.
INFO - 2023-08-10 04:54:19 --> Session: Class initialized using 'CodeIgniter\Session\Handlers\FileHandler' driver.
INFO - 2023-08-10 04:56:51 --> Session: Class initialized using 'CodeIgniter\Session\Handlers\FileHandler' driver.
INFO - 2023-08-10 05:08:51 --> Session: Class initialized using 'CodeIgniter\Session\Handlers\FileHandler' driver.
INFO - 2023-08-10 05:09:58 --> Session: Class initialized using 'CodeIgniter\Session\Handlers\FileHandler' driver.
INFO - 2023-08-10 05:09:59 --> Session: Class initialized using 'CodeIgniter\Session\Handlers\FileHandler' driver.
INFO - 2023-08-10 05:09:59 --> Session: Class initialized using 'CodeIgniter\Session\Handlers\FileHandler' driver.
INFO - 2023-08-10 05:09:59 --> Session: Class initialized using 'CodeIgniter\Session\Handlers\FileHandler' driver.
INFO - 2023-08-10 05:11:47 --> Session: Class initialized using 'CodeIgniter\Session\Handlers\FileHandler' driver.
INFO - 2023-08-10 05:12:06 --> Session: Class initialized using 'CodeIgniter\Session\Handlers\FileHandler' driver.
INFO - 2023-08-10 05:12:44 --> Session: Class initialized using 'CodeIgniter\Session\Handlers\FileHandler' driver.
INFO - 2023-08-10 05:12:55 --> Session: Class initialized using 'CodeIgniter\Session\Handlers\FileHandler' driver.
INFO - 2023-08-10 05:13:10 --> Session: Class initialized using 'CodeIgniter\Session\Handlers\FileHandler' driver.
INFO - 2023-08-10 05:14:17 --> Session: Class initialized using 'CodeIgniter\Session\Handlers\FileHandler' driver.
INFO - 2023-08-10 05:14:27 --> Session: Class initialized using 'CodeIgniter\Session\Handlers\FileHandler' driver.
INFO - 2023-08-10 05:14:41 --> Session: Class initialized using 'CodeIgniter\Session\Handlers\FileHandler' driver.
INFO - 2023-08-10 05:15:05 --> Session: Class initialized using 'CodeIgniter\Session\Handlers\FileHandler' driver.
INFO - 2023-08-10 05:15:09 --> Session: Class initialized using 'CodeIgniter\Session\Handlers\FileHandler' driver.
INFO - 2023-08-10 05:15:12 --> Session: Class initialized using 'CodeIgniter\Session\Handlers\FileHandler' driver.
INFO - 2023-08-10 05:15:45 --> Session: Class initialized using 'CodeIgniter\Session\Handlers\FileHandler' driver.
INFO - 2023-08-10 05:15:51 --> Session: Class initialized using 'CodeIgniter\Session\Handlers\FileHandler' driver.
INFO - 2023-08-10 05:18:09 --> Session: Class initialized using 'CodeIgniter\Session\Handlers\FileHandler' driver.
INFO - 2023-08-10 05:18:16 --> Session: Class initialized using 'CodeIgniter\Session\Handlers\FileHandler' driver.
INFO - 2023-08-10 05:21:53 --> Session: Class initialized using 'CodeIgniter\Session\Handlers\FileHandler' driver.
INFO - 2023-08-10 05:23:36 --> Session: Class initialized using 'CodeIgniter\Session\Handlers\FileHandler' driver.
INFO - 2023-08-10 05:24:25 --> Session: Class initialized using 'CodeIgniter\Session\Handlers\FileHandler' driver.
INFO - 2023-08-10 05:24:28 --> Session: Class initialized using 'CodeIgniter\Session\Handlers\FileHandler' driver.
INFO - 2023-08-10 05:24:29 --> Session: Class initialized using 'CodeIgniter\Session\Handlers\FileHandler' driver.
INFO - 2023-08-10 05:24:29 --> Session: Class initialized using 'CodeIgniter\Session\Handlers\FileHandler' driver.
INFO - 2023-08-10 05:24:34 --> Session: Class initialized using 'CodeIgniter\Session\Handlers\FileHandler' driver.
INFO - 2023-08-10 05:25:42 --> Session: Class initialized using 'CodeIgniter\Session\Handlers\FileHandler' driver.
INFO - 2023-08-10 05:25:49 --> Session: Class initialized using 'CodeIgniter\Session\Handlers\FileHandler' driver.
INFO - 2023-08-10 05:31:29 --> Session: Class initialized using 'CodeIgniter\Session\Handlers\FileHandler' driver.
INFO - 2023-08-10 05:31:30 --> Session: Class initialized using 'CodeIgniter\Session\Handlers\FileHandler' driver.
INFO - 2023-08-10 05:31:35 --> Session: Class initialized using 'CodeIgniter\Session\Handlers\FileHandler' driver.
INFO - 2023-08-10 05:32:04 --> Session: Class initialized using 'CodeIgniter\Session\Handlers\FileHandler' driver.
INFO - 2023-08-10 05:32:07 --> Session: Class initialized using 'CodeIgniter\Session\Handlers\FileHandler' driver.
INFO - 2023-08-10 05:32:50 --> Session: Class initialized using 'CodeIgniter\Session\Handlers\FileHandler' driver.
INFO - 2023-08-10 05:32:59 --> Session: Class initialized using 'CodeIgniter\Session\Handlers\FileHandler' driver.
INFO - 2023-08-10 05:33:03 --> Session: Class initialized using 'CodeIgniter\Session\Handlers\FileHandler' driver.
INFO - 2023-08-10 05:33:06 --> Session: Class initialized using 'CodeIgniter\Session\Handlers\FileHandler' driver.
INFO - 2023-08-10 05:35:16 --> Session: Class initialized using 'CodeIgniter\Session\Handlers\FileHandler' driver.
INFO - 2023-08-10 05:39:59 --> Session: Class initialized using 'CodeIgniter\Session\Handlers\FileHandler' driver.
INFO - 2023-08-10 05:42:29 --> Session: Class initialized using 'CodeIgniter\Session\Handlers\FileHandler' driver.
INFO - 2023-08-10 05:44:48 --> Session: Class initialized using 'CodeIgniter\Session\Handlers\FileHandler' driver.
INFO - 2023-08-10 05:44:54 --> Session: Class initialized using 'CodeIgniter\Session\Handlers\FileHandler' driver.
INFO - 2023-08-10 05:45:24 --> Session: Class initialized using 'CodeIgniter\Session\Handlers\FileHandler' driver.
INFO - 2023-08-10 05:47:15 --> Session: Class initialized using 'CodeIgniter\Session\Handlers\FileHandler' driver.
INFO - 2023-08-10 05:48:57 --> Session: Class initialized using 'CodeIgniter\Session\Handlers\FileHandler' driver.
INFO - 2023-08-10 05:49:09 --> Session: Class initialized using 'CodeIgniter\Session\Handlers\FileHandler' driver.
INFO - 2023-08-10 05:49:41 --> Session: Class initialized using 'CodeIgniter\Session\Handlers\FileHandler' driver.
INFO - 2023-08-10 05:49:47 --> Session: Class initialized using 'CodeIgniter\Session\Handlers\FileHandler' driver.
INFO - 2023-08-10 05:52:27 --> Session: Class initialized using 'CodeIgniter\Session\Handlers\FileHandler' driver.
INFO - 2023-08-10 05:52:50 --> Session: Class initialized using 'CodeIgniter\Session\Handlers\FileHandler' driver.
INFO - 2023-08-10 06:08:01 --> Session: Class initialized using 'CodeIgniter\Session\Handlers\FileHandler' driver.
INFO - 2023-08-10 06:26:39 --> Session: Class initialized using 'CodeIgniter\Session\Handlers\FileHandler' driver.
INFO - 2023-08-10 06:27:08 --> Session: Class initialized using 'CodeIgniter\Session\Handlers\FileHandler' driver.
CRITICAL - 2023-08-10 06:27:08 --> Undefined index: thumbnail
in APPPATH\Controllers\Admin.php on line 88.
 1 APPPATH\Controllers\Admin.php(88): CodeIgniter\Debug\Exceptions->errorHandler(8, 'Undefined index: thumbnail', 'C:\\xampp2\\htdocs\\swafe\\app\\Controllers\\Admin.php', 88, [...])
 2 SYSTEMPATH\CodeIgniter.php(932): App\Controllers\Admin->addPackages()
 3 SYSTEMPATH\CodeIgniter.php(497): CodeIgniter\CodeIgniter->runController(Object(App\Controllers\Admin))
 4 SYSTEMPATH\CodeIgniter.php(366): CodeIgniter\CodeIgniter->handleRequest(null, Object(Config\Cache), false)
 5 FCPATH\index.php(67): CodeIgniter\CodeIgniter->run()
 6 SYSTEMPATH\Commands\Server\rewrite.php(47): require_once('C:\\xampp2\\htdocs\\swafe\\public\\index.php')
INFO - 2023-08-10 06:27:40 --> Session: Class initialized using 'CodeIgniter\Session\Handlers\FileHandler' driver.
CRITICAL - 2023-08-10 06:27:40 --> move_uploaded_file(documents/category/1691648860.jpg): failed to open stream: No such file or directory
in APPPATH\Controllers\Admin.php on line 88.
 1 [internal function]: CodeIgniter\Debug\Exceptions->errorHandler(2, 'move_uploaded_file(documents/category/1691648860.jpg): failed to open stream: No such file or directory', 'C:\\xampp2\\htdocs\\swafe\\app\\Controllers\\Admin.php', 88, [...])
 2 APPPATH\Controllers\Admin.php(88): move_uploaded_file('C:\\xampp2\\tmp\\phpFB88.tmp', 'documents/category/1691648860.jpg')
 3 SYSTEMPATH\CodeIgniter.php(932): App\Controllers\Admin->addPackages()
 4 SYSTEMPATH\CodeIgniter.php(497): CodeIgniter\CodeIgniter->runController(Object(App\Controllers\Admin))
 5 SYSTEMPATH\CodeIgniter.php(366): CodeIgniter\CodeIgniter->handleRequest(null, Object(Config\Cache), false)
 6 FCPATH\index.php(67): CodeIgniter\CodeIgniter->run()
 7 SYSTEMPATH\Commands\Server\rewrite.php(47): require_once('C:\\xampp2\\htdocs\\swafe\\public\\index.php')
INFO - 2023-08-10 06:29:54 --> Session: Class initialized using 'CodeIgniter\Session\Handlers\FileHandler' driver.
CRITICAL - 2023-08-10 06:29:54 --> You must set the database table to be used with your query.
in SYSTEMPATH\Database\BaseConnection.php on line 883.
 1 APPPATH\Helpers\query_helper.php(167): CodeIgniter\Database\BaseConnection->table('')
 2 APPPATH\Controllers\Admin.php(101): _insert('', [...])
 3 SYSTEMPATH\CodeIgniter.php(932): App\Controllers\Admin->addPackages()
 4 SYSTEMPATH\CodeIgniter.php(497): CodeIgniter\CodeIgniter->runController(Object(App\Controllers\Admin))
 5 SYSTEMPATH\CodeIgniter.php(366): CodeIgniter\CodeIgniter->handleRequest(null, Object(Config\Cache), false)
 6 FCPATH\index.php(67): CodeIgniter\CodeIgniter->run()
 7 SYSTEMPATH\Commands\Server\rewrite.php(47): require_once('C:\\xampp2\\htdocs\\swafe\\public\\index.php')
INFO - 2023-08-10 06:30:27 --> Session: Class initialized using 'CodeIgniter\Session\Handlers\FileHandler' driver.
INFO - 2023-08-10 06:31:00 --> Session: Class initialized using 'CodeIgniter\Session\Handlers\FileHandler' driver.
INFO - 2023-08-10 06:32:34 --> Session: Class initialized using 'CodeIgniter\Session\Handlers\FileHandler' driver.
INFO - 2023-08-10 06:32:38 --> Session: Class initialized using 'CodeIgniter\Session\Handlers\FileHandler' driver.
INFO - 2023-08-10 06:32:38 --> Session: Class initialized using 'CodeIgniter\Session\Handlers\FileHandler' driver.
INFO - 2023-08-10 06:32:38 --> Session: Class initialized using 'CodeIgniter\Session\Handlers\FileHandler' driver.
INFO - 2023-08-10 06:32:52 --> Session: Class initialized using 'CodeIgniter\Session\Handlers\FileHandler' driver.
INFO - 2023-08-10 06:33:18 --> Session: Class initialized using 'CodeIgniter\Session\Handlers\FileHandler' driver.
INFO - 2023-08-10 06:34:09 --> Session: Class initialized using 'CodeIgniter\Session\Handlers\FileHandler' driver.
INFO - 2023-08-10 06:36:07 --> Session: Class initialized using 'CodeIgniter\Session\Handlers\FileHandler' driver.
INFO - 2023-08-10 06:38:02 --> Session: Class initialized using 'CodeIgniter\Session\Handlers\FileHandler' driver.
INFO - 2023-08-10 06:38:13 --> Session: Class initialized using 'CodeIgniter\Session\Handlers\FileHandler' driver.
INFO - 2023-08-10 06:38:29 --> Session: Class initialized using 'CodeIgniter\Session\Handlers\FileHandler' driver.
INFO - 2023-08-10 06:38:42 --> Session: Class initialized using 'CodeIgniter\Session\Handlers\FileHandler' driver.
INFO - 2023-08-10 06:38:46 --> Session: Class initialized using 'CodeIgniter\Session\Handlers\FileHandler' driver.
INFO - 2023-08-10 06:39:40 --> Session: Class initialized using 'CodeIgniter\Session\Handlers\FileHandler' driver.
INFO - 2023-08-10 06:40:27 --> Session: Class initialized using 'CodeIgniter\Session\Handlers\FileHandler' driver.
INFO - 2023-08-10 06:42:24 --> Session: Class initialized using 'CodeIgniter\Session\Handlers\FileHandler' driver.
INFO - 2023-08-10 06:42:26 --> Session: Class initialized using 'CodeIgniter\Session\Handlers\FileHandler' driver.
INFO - 2023-08-10 06:42:33 --> Session: Class initialized using 'CodeIgniter\Session\Handlers\FileHandler' driver.
INFO - 2023-08-10 06:42:47 --> Session: Class initialized using 'CodeIgniter\Session\Handlers\FileHandler' driver.
INFO - 2023-08-10 06:43:09 --> Session: Class initialized using 'CodeIgniter\Session\Handlers\FileHandler' driver.
INFO - 2023-08-10 06:43:24 --> Session: Class initialized using 'CodeIgniter\Session\Handlers\FileHandler' driver.
INFO - 2023-08-10 06:43:57 --> Session: Class initialized using 'CodeIgniter\Session\Handlers\FileHandler' driver.
INFO - 2023-08-10 06:48:27 --> Session: Class initialized using 'CodeIgniter\Session\Handlers\FileHandler' driver.
INFO - 2023-08-10 06:49:51 --> Session: Class initialized using 'CodeIgniter\Session\Handlers\FileHandler' driver.
INFO - 2023-08-10 07:04:14 --> Session: Class initialized using 'CodeIgniter\Session\Handlers\FileHandler' driver.
INFO - 2023-08-10 07:05:45 --> Session: Class initialized using 'CodeIgniter\Session\Handlers\FileHandler' driver.
INFO - 2023-08-10 07:06:26 --> Session: Class initialized using 'CodeIgniter\Session\Handlers\FileHandler' driver.
INFO - 2023-08-10 07:10:17 --> Session: Class initialized using 'CodeIgniter\Session\Handlers\FileHandler' driver.
INFO - 2023-08-10 07:10:32 --> Session: Class initialized using 'CodeIgniter\Session\Handlers\FileHandler' driver.
INFO - 2023-08-10 07:12:16 --> Session: Class initialized using 'CodeIgniter\Session\Handlers\FileHandler' driver.
INFO - 2023-08-10 07:12:27 --> Session: Class initialized using 'CodeIgniter\Session\Handlers\FileHandler' driver.
INFO - 2023-08-10 07:13:22 --> Session: Class initialized using 'CodeIgniter\Session\Handlers\FileHandler' driver.
INFO - 2023-08-10 07:25:34 --> Session: Class initialized using 'CodeIgniter\Session\Handlers\FileHandler' driver.
INFO - 2023-08-10 07:25:45 --> Session: Class initialized using 'CodeIgniter\Session\Handlers\FileHandler' driver.
CRITICAL - 2023-08-10 07:25:45 --> Trying to get property 'package_name' of non-object
in APPPATH\Views\dashboard\products\package-list.php on line 41.
 1 APPPATH\Views\dashboard\products\package-list.php(41): CodeIgniter\Debug\Exceptions->errorHandler(8, 'Trying to get property \'package_name\' of non-object', 'C:\\xampp2\\htdocs\\swafe\\app\\Views\\dashboard\\products\\package-list.php', 41, [...])
 2 SYSTEMPATH\View\View.php(224): include('C:\\xampp2\\htdocs\\swafe\\app\\Views\\dashboard\\products\\package-list.php')
 3 SYSTEMPATH\View\View.php(227): CodeIgniter\View\View->CodeIgniter\View\{closure}()
 4 SYSTEMPATH\Common.php(1176): CodeIgniter\View\View->render('dashboard/products/package-list', [], true)
 5 APPPATH\Controllers\Admin.php(130): view('dashboard/products/package-list', [...])
 6 SYSTEMPATH\CodeIgniter.php(932): App\Controllers\Admin->packagesList()
 7 SYSTEMPATH\CodeIgniter.php(497): CodeIgniter\CodeIgniter->runController(Object(App\Controllers\Admin))
 8 SYSTEMPATH\CodeIgniter.php(366): CodeIgniter\CodeIgniter->handleRequest(null, Object(Config\Cache), false)
 9 FCPATH\index.php(67): CodeIgniter\CodeIgniter->run()
10 SYSTEMPATH\Commands\Server\rewrite.php(47): require_once('C:\\xampp2\\htdocs\\swafe\\public\\index.php')
INFO - 2023-08-10 07:26:28 --> Session: Class initialized using 'CodeIgniter\Session\Handlers\FileHandler' driver.
CRITICAL - 2023-08-10 07:26:28 --> Trying to get property 'package_name' of non-object
in APPPATH\Views\dashboard\products\package-list.php on line 41.
 1 APPPATH\Views\dashboard\products\package-list.php(41): CodeIgniter\Debug\Exceptions->errorHandler(8, 'Trying to get property \'package_name\' of non-object', 'C:\\xampp2\\htdocs\\swafe\\app\\Views\\dashboard\\products\\package-list.php', 41, [...])
 2 SYSTEMPATH\View\View.php(224): include('C:\\xampp2\\htdocs\\swafe\\app\\Views\\dashboard\\products\\package-list.php')
 3 SYSTEMPATH\View\View.php(227): CodeIgniter\View\View->CodeIgniter\View\{closure}()
 4 SYSTEMPATH\Common.php(1176): CodeIgniter\View\View->render('dashboard/products/package-list', [], true)
 5 APPPATH\Controllers\Admin.php(131): view('dashboard/products/package-list', [...])
 6 SYSTEMPATH\CodeIgniter.php(932): App\Controllers\Admin->packagesList()
 7 SYSTEMPATH\CodeIgniter.php(497): CodeIgniter\CodeIgniter->runController(Object(App\Controllers\Admin))
 8 SYSTEMPATH\CodeIgniter.php(366): CodeIgniter\CodeIgniter->handleRequest(null, Object(Config\Cache), false)
 9 FCPATH\index.php(67): CodeIgniter\CodeIgniter->run()
10 SYSTEMPATH\Commands\Server\rewrite.php(47): require_once('C:\\xampp2\\htdocs\\swafe\\public\\index.php')
INFO - 2023-08-10 07:26:40 --> Session: Class initialized using 'CodeIgniter\Session\Handlers\FileHandler' driver.
INFO - 2023-08-10 07:26:56 --> Session: Class initialized using 'CodeIgniter\Session\Handlers\FileHandler' driver.
INFO - 2023-08-10 07:27:32 --> Session: Class initialized using 'CodeIgniter\Session\Handlers\FileHandler' driver.
INFO - 2023-08-10 07:29:52 --> Session: Class initialized using 'CodeIgniter\Session\Handlers\FileHandler' driver.
INFO - 2023-08-10 07:39:51 --> Session: Class initialized using 'CodeIgniter\Session\Handlers\FileHandler' driver.
INFO - 2023-08-10 07:40:25 --> Session: Class initialized using 'CodeIgniter\Session\Handlers\FileHandler' driver.
INFO - 2023-08-10 07:41:16 --> Session: Class initialized using 'CodeIgniter\Session\Handlers\FileHandler' driver.
INFO - 2023-08-10 07:42:36 --> Session: Class initialized using 'CodeIgniter\Session\Handlers\FileHandler' driver.
INFO - 2023-08-10 07:46:03 --> Session: Class initialized using 'CodeIgniter\Session\Handlers\FileHandler' driver.
INFO - 2023-08-10 07:46:49 --> Session: Class initialized using 'CodeIgniter\Session\Handlers\FileHandler' driver.
INFO - 2023-08-10 07:46:59 --> Session: Class initialized using 'CodeIgniter\Session\Handlers\FileHandler' driver.
INFO - 2023-08-10 07:49:23 --> Session: Class initialized using 'CodeIgniter\Session\Handlers\FileHandler' driver.
INFO - 2023-08-10 07:49:56 --> Session: Class initialized using 'CodeIgniter\Session\Handlers\FileHandler' driver.
INFO - 2023-08-10 07:51:00 --> Session: Class initialized using 'CodeIgniter\Session\Handlers\FileHandler' driver.
INFO - 2023-08-10 07:57:43 --> Session: Class initialized using 'CodeIgniter\Session\Handlers\FileHandler' driver.
INFO - 2023-08-10 07:58:16 --> Session: Class initialized using 'CodeIgniter\Session\Handlers\FileHandler' driver.
INFO - 2023-08-10 07:58:16 --> Session: Class initialized using 'CodeIgniter\Session\Handlers\FileHandler' driver.
INFO - 2023-08-10 07:59:05 --> Session: Class initialized using 'CodeIgniter\Session\Handlers\FileHandler' driver.
INFO - 2023-08-10 07:59:09 --> Session: Class initialized using 'CodeIgniter\Session\Handlers\FileHandler' driver.
INFO - 2023-08-10 07:59:40 --> Session: Class initialized using 'CodeIgniter\Session\Handlers\FileHandler' driver.
INFO - 2023-08-10 07:59:59 --> Session: Class initialized using 'CodeIgniter\Session\Handlers\FileHandler' driver.
INFO - 2023-08-10 08:00:19 --> Session: Class initialized using 'CodeIgniter\Session\Handlers\FileHandler' driver.
INFO - 2023-08-10 08:00:24 --> Session: Class initialized using 'CodeIgniter\Session\Handlers\FileHandler' driver.
INFO - 2023-08-10 08:00:39 --> Session: Class initialized using 'CodeIgniter\Session\Handlers\FileHandler' driver.
INFO - 2023-08-10 08:01:01 --> Session: Class initialized using 'CodeIgniter\Session\Handlers\FileHandler' driver.
INFO - 2023-08-10 08:04:19 --> Session: Class initialized using 'CodeIgniter\Session\Handlers\FileHandler' driver.
CRITICAL - 2023-08-10 08:04:19 --> Object of class stdClass could not be converted to string
in APPPATH\Controllers\Admin.php on line 146.
 1 SYSTEMPATH\CodeIgniter.php(932): App\Controllers\Admin->changePkgStatus()
 2 SYSTEMPATH\CodeIgniter.php(497): CodeIgniter\CodeIgniter->runController(Object(App\Controllers\Admin))
 3 SYSTEMPATH\CodeIgniter.php(366): CodeIgniter\CodeIgniter->handleRequest(null, Object(Config\Cache), false)
 4 FCPATH\index.php(67): CodeIgniter\CodeIgniter->run()
 5 SYSTEMPATH\Commands\Server\rewrite.php(47): require_once('C:\\xampp2\\htdocs\\swafe\\public\\index.php')
INFO - 2023-08-10 08:04:52 --> Session: Class initialized using 'CodeIgniter\Session\Handlers\FileHandler' driver.
INFO - 2023-08-10 08:05:04 --> Session: Class initialized using 'CodeIgniter\Session\Handlers\FileHandler' driver.
INFO - 2023-08-10 08:06:17 --> Session: Class initialized using 'CodeIgniter\Session\Handlers\FileHandler' driver.
INFO - 2023-08-10 08:06:34 --> Session: Class initialized using 'CodeIgniter\Session\Handlers\FileHandler' driver.
ERROR - 2023-08-10 08:06:34 --> mysqli_sql_exception: You have an error in your SQL syntax; check the manual that corresponds to your MariaDB server version for the right syntax to use near '0 = 0, 1 = 'status'
WHERE `id` = '5'' at line 1 in C:\xampp2\htdocs\swafe\vendor\codeigniter4\framework\system\Database\MySQLi\Connection.php:295
Stack trace:
#0 C:\xampp2\htdocs\swafe\vendor\codeigniter4\framework\system\Database\MySQLi\Connection.php(295): mysqli->query('UPDATE `ec_pack...', 0)
#1 C:\xampp2\htdocs\swafe\vendor\codeigniter4\framework\system\Database\BaseConnection.php(692): CodeIgniter\Database\MySQLi\Connection->execute('UPDATE `ec_pack...')
#2 C:\xampp2\htdocs\swafe\vendor\codeigniter4\framework\system\Database\BaseConnection.php(606): CodeIgniter\Database\BaseConnection->simpleQuery('UPDATE `ec_pack...')
#3 C:\xampp2\htdocs\swafe\vendor\codeigniter4\framework\system\Database\BaseBuilder.php(2476): CodeIgniter\Database\BaseConnection->query('UPDATE `ec_pack...', Array, false)
#4 C:\xampp2\htdocs\swafe\app\Helpers\query_helper.php(147): CodeIgniter\Database\BaseBuilder->update(Array)
#5 C:\xampp2\htdocs\swafe\app\Controllers\Admin.php(147): _updateWhere('ec_package', Array, Array)
#6 C:\xampp2\htdocs\swafe\vendor\codeigniter4\framework\system\CodeIgniter.php(932): App\Controllers\Admin->changePkgStatus()
#7 C:\xampp2\htdocs\swafe\vendor\codeigniter4\framework\system\CodeIgniter.php(497): CodeIgniter\CodeIgniter->runController(Object(App\Controllers\Admin))
#8 C:\xampp2\htdocs\swafe\vendor\codeigniter4\framework\system\CodeIgniter.php(366): CodeIgniter\CodeIgniter->handleRequest(NULL, Object(Config\Cache), false)
#9 C:\xampp2\htdocs\swafe\public\index.php(67): CodeIgniter\CodeIgniter->run()
#10 C:\xampp2\htdocs\swafe\vendor\codeigniter4\framework\system\Commands\Server\rewrite.php(47): require_once('C:\\xampp2\\htdoc...')
#11 {main}
CRITICAL - 2023-08-10 08:06:34 --> You have an error in your SQL syntax; check the manual that corresponds to your MariaDB server version for the right syntax to use near '0 = 0, 1 = 'status'
WHERE `id` = '5'' at line 1
in SYSTEMPATH\Database\MySQLi\Connection.php on line 295.
 1 SYSTEMPATH\Database\MySQLi\Connection.php(295): mysqli->query('UPDATE `ec_package` SET 0 = 0, 1 = \'status\'
WHERE `id` = \'5\'', 0)
 2 SYSTEMPATH\Database\BaseConnection.php(692): CodeIgniter\Database\MySQLi\Connection->execute('UPDATE `ec_package` SET 0 = 0, 1 = \'status\'
WHERE `id` = \'5\'')
 3 SYSTEMPATH\Database\BaseConnection.php(606): CodeIgniter\Database\BaseConnection->simpleQuery('UPDATE `ec_package` SET 0 = 0, 1 = \'status\'
WHERE `id` = \'5\'')
 4 SYSTEMPATH\Database\BaseBuilder.php(2476): CodeIgniter\Database\BaseConnection->query('UPDATE `ec_package` SET 0 = :0:, 1 = :1:
WHERE `id` = :id:', [...], false)
 5 APPPATH\Helpers\query_helper.php(147): CodeIgniter\Database\BaseBuilder->update([...])
 6 APPPATH\Controllers\Admin.php(147): _updateWhere('ec_package', [...], [...])
 7 SYSTEMPATH\CodeIgniter.php(932): App\Controllers\Admin->changePkgStatus()
 8 SYSTEMPATH\CodeIgniter.php(497): CodeIgniter\CodeIgniter->runController(Object(App\Controllers\Admin))
 9 SYSTEMPATH\CodeIgniter.php(366): CodeIgniter\CodeIgniter->handleRequest(null, Object(Config\Cache), false)
10 FCPATH\index.php(67): CodeIgniter\CodeIgniter->run()
11 SYSTEMPATH\Commands\Server\rewrite.php(47): require_once('C:\\xampp2\\htdocs\\swafe\\public\\index.php')
INFO - 2023-08-10 08:06:46 --> Session: Class initialized using 'CodeIgniter\Session\Handlers\FileHandler' driver.
ERROR - 2023-08-10 08:06:46 --> mysqli_sql_exception: Table 'swafe.ec_package' doesn't exist in C:\xampp2\htdocs\swafe\vendor\codeigniter4\framework\system\Database\MySQLi\Connection.php:295
Stack trace:
#0 C:\xampp2\htdocs\swafe\vendor\codeigniter4\framework\system\Database\MySQLi\Connection.php(295): mysqli->query('UPDATE `ec_pack...', 0)
#1 C:\xampp2\htdocs\swafe\vendor\codeigniter4\framework\system\Database\BaseConnection.php(692): CodeIgniter\Database\MySQLi\Connection->execute('UPDATE `ec_pack...')
#2 C:\xampp2\htdocs\swafe\vendor\codeigniter4\framework\system\Database\BaseConnection.php(606): CodeIgniter\Database\BaseConnection->simpleQuery('UPDATE `ec_pack...')
#3 C:\xampp2\htdocs\swafe\vendor\codeigniter4\framework\system\Database\BaseBuilder.php(2476): CodeIgniter\Database\BaseConnection->query('UPDATE `ec_pack...', Array, false)
#4 C:\xampp2\htdocs\swafe\app\Helpers\query_helper.php(147): CodeIgniter\Database\BaseBuilder->update(Array)
#5 C:\xampp2\htdocs\swafe\app\Controllers\Admin.php(147): _updateWhere('ec_package', Array, Array)
#6 C:\xampp2\htdocs\swafe\vendor\codeigniter4\framework\system\CodeIgniter.php(932): App\Controllers\Admin->changePkgStatus()
#7 C:\xampp2\htdocs\swafe\vendor\codeigniter4\framework\system\CodeIgniter.php(497): CodeIgniter\CodeIgniter->runController(Object(App\Controllers\Admin))
#8 C:\xampp2\htdocs\swafe\vendor\codeigniter4\framework\system\CodeIgniter.php(366): CodeIgniter\CodeIgniter->handleRequest(NULL, Object(Config\Cache), false)
#9 C:\xampp2\htdocs\swafe\public\index.php(67): CodeIgniter\CodeIgniter->run()
#10 C:\xampp2\htdocs\swafe\vendor\codeigniter4\framework\system\Commands\Server\rewrite.php(47): require_once('C:\\xampp2\\htdoc...')
#11 {main}
CRITICAL - 2023-08-10 08:06:46 --> Table 'swafe.ec_package' doesn't exist
in SYSTEMPATH\Database\MySQLi\Connection.php on line 295.
 1 SYSTEMPATH\Database\MySQLi\Connection.php(295): mysqli->query('UPDATE `ec_package` SET `status` = 0
WHERE `id` = \'5\'', 0)
 2 SYSTEMPATH\Database\BaseConnection.php(692): CodeIgniter\Database\MySQLi\Connection->execute('UPDATE `ec_package` SET `status` = 0
WHERE `id` = \'5\'')
 3 SYSTEMPATH\Database\BaseConnection.php(606): CodeIgniter\Database\BaseConnection->simpleQuery('UPDATE `ec_package` SET `status` = 0
WHERE `id` = \'5\'')
 4 SYSTEMPATH\Database\BaseBuilder.php(2476): CodeIgniter\Database\BaseConnection->query('UPDATE `ec_package` SET `status` = :status:
WHERE `id` = :id:', [...], false)
 5 APPPATH\Helpers\query_helper.php(147): CodeIgniter\Database\BaseBuilder->update([...])
 6 APPPATH\Controllers\Admin.php(147): _updateWhere('ec_package', [...], [...])
 7 SYSTEMPATH\CodeIgniter.php(932): App\Controllers\Admin->changePkgStatus()
 8 SYSTEMPATH\CodeIgniter.php(497): CodeIgniter\CodeIgniter->runController(Object(App\Controllers\Admin))
 9 SYSTEMPATH\CodeIgniter.php(366): CodeIgniter\CodeIgniter->handleRequest(null, Object(Config\Cache), false)
10 FCPATH\index.php(67): CodeIgniter\CodeIgniter->run()
11 SYSTEMPATH\Commands\Server\rewrite.php(47): require_once('C:\\xampp2\\htdocs\\swafe\\public\\index.php')
INFO - 2023-08-10 08:07:01 --> Session: Class initialized using 'CodeIgniter\Session\Handlers\FileHandler' driver.
INFO - 2023-08-10 08:07:17 --> Session: Class initialized using 'CodeIgniter\Session\Handlers\FileHandler' driver.
ERROR - 2023-08-10 08:07:17 --> mysqli_sql_exception: You have an error in your SQL syntax; check the manual that corresponds to your MariaDB server version for the right syntax to use near '0 = 0, 1 = 'status'
WHERE `id` = '5'' at line 1 in C:\xampp2\htdocs\swafe\vendor\codeigniter4\framework\system\Database\MySQLi\Connection.php:295
Stack trace:
#0 C:\xampp2\htdocs\swafe\vendor\codeigniter4\framework\system\Database\MySQLi\Connection.php(295): mysqli->query('UPDATE `ec_pack...', 0)
#1 C:\xampp2\htdocs\swafe\vendor\codeigniter4\framework\system\Database\BaseConnection.php(692): CodeIgniter\Database\MySQLi\Connection->execute('UPDATE `ec_pack...')
#2 C:\xampp2\htdocs\swafe\vendor\codeigniter4\framework\system\Database\BaseConnection.php(606): CodeIgniter\Database\BaseConnection->simpleQuery('UPDATE `ec_pack...')
#3 C:\xampp2\htdocs\swafe\vendor\codeigniter4\framework\system\Database\BaseBuilder.php(2476): CodeIgniter\Database\BaseConnection->query('UPDATE `ec_pack...', Array, false)
#4 C:\xampp2\htdocs\swafe\app\Helpers\query_helper.php(147): CodeIgniter\Database\BaseBuilder->update(Array)
#5 C:\xampp2\htdocs\swafe\app\Controllers\Admin.php(150): _updateWhere('ec_packages', Array, Array)
#6 C:\xampp2\htdocs\swafe\vendor\codeigniter4\framework\system\CodeIgniter.php(932): App\Controllers\Admin->changePkgStatus()
#7 C:\xampp2\htdocs\swafe\vendor\codeigniter4\framework\system\CodeIgniter.php(497): CodeIgniter\CodeIgniter->runController(Object(App\Controllers\Admin))
#8 C:\xampp2\htdocs\swafe\vendor\codeigniter4\framework\system\CodeIgniter.php(366): CodeIgniter\CodeIgniter->handleRequest(NULL, Object(Config\Cache), false)
#9 C:\xampp2\htdocs\swafe\public\index.php(67): CodeIgniter\CodeIgniter->run()
#10 C:\xampp2\htdocs\swafe\vendor\codeigniter4\framework\system\Commands\Server\rewrite.php(47): require_once('C:\\xampp2\\htdoc...')
#11 {main}
CRITICAL - 2023-08-10 08:07:17 --> You have an error in your SQL syntax; check the manual that corresponds to your MariaDB server version for the right syntax to use near '0 = 0, 1 = 'status'
WHERE `id` = '5'' at line 1
in SYSTEMPATH\Database\MySQLi\Connection.php on line 295.
 1 SYSTEMPATH\Database\MySQLi\Connection.php(295): mysqli->query('UPDATE `ec_packages` SET 0 = 0, 1 = \'status\'
WHERE `id` = \'5\'', 0)
 2 SYSTEMPATH\Database\BaseConnection.php(692): CodeIgniter\Database\MySQLi\Connection->execute('UPDATE `ec_packages` SET 0 = 0, 1 = \'status\'
WHERE `id` = \'5\'')
 3 SYSTEMPATH\Database\BaseConnection.php(606): CodeIgniter\Database\BaseConnection->simpleQuery('UPDATE `ec_packages` SET 0 = 0, 1 = \'status\'
WHERE `id` = \'5\'')
 4 SYSTEMPATH\Database\BaseBuilder.php(2476): CodeIgniter\Database\BaseConnection->query('UPDATE `ec_packages` SET 0 = :0:, 1 = :1:
WHERE `id` = :id:', [...], false)
 5 APPPATH\Helpers\query_helper.php(147): CodeIgniter\Database\BaseBuilder->update([...])
 6 APPPATH\Controllers\Admin.php(150): _updateWhere('ec_packages', [...], [...])
 7 SYSTEMPATH\CodeIgniter.php(932): App\Controllers\Admin->changePkgStatus()
 8 SYSTEMPATH\CodeIgniter.php(497): CodeIgniter\CodeIgniter->runController(Object(App\Controllers\Admin))
 9 SYSTEMPATH\CodeIgniter.php(366): CodeIgniter\CodeIgniter->handleRequest(null, Object(Config\Cache), false)
10 FCPATH\index.php(67): CodeIgniter\CodeIgniter->run()
11 SYSTEMPATH\Commands\Server\rewrite.php(47): require_once('C:\\xampp2\\htdocs\\swafe\\public\\index.php')
INFO - 2023-08-10 08:07:51 --> Session: Class initialized using 'CodeIgniter\Session\Handlers\FileHandler' driver.
ERROR - 2023-08-10 08:07:51 --> mysqli_sql_exception: You have an error in your SQL syntax; check the manual that corresponds to your MariaDB server version for the right syntax to use near '0 = 0, 1 = 'status'
WHERE `id` = '5'' at line 1 in C:\xampp2\htdocs\swafe\vendor\codeigniter4\framework\system\Database\MySQLi\Connection.php:295
Stack trace:
#0 C:\xampp2\htdocs\swafe\vendor\codeigniter4\framework\system\Database\MySQLi\Connection.php(295): mysqli->query('UPDATE `ec_pack...', 0)
#1 C:\xampp2\htdocs\swafe\vendor\codeigniter4\framework\system\Database\BaseConnection.php(692): CodeIgniter\Database\MySQLi\Connection->execute('UPDATE `ec_pack...')
#2 C:\xampp2\htdocs\swafe\vendor\codeigniter4\framework\system\Database\BaseConnection.php(606): CodeIgniter\Database\BaseConnection->simpleQuery('UPDATE `ec_pack...')
#3 C:\xampp2\htdocs\swafe\vendor\codeigniter4\framework\system\Database\BaseBuilder.php(2476): CodeIgniter\Database\BaseConnection->query('UPDATE `ec_pack...', Array, false)
#4 C:\xampp2\htdocs\swafe\app\Helpers\query_helper.php(147): CodeIgniter\Database\BaseBuilder->update(Array)
#5 C:\xampp2\htdocs\swafe\app\Controllers\Admin.php(150): _updateWhere('ec_packages', Array, Array)
#6 C:\xampp2\htdocs\swafe\vendor\codeigniter4\framework\system\CodeIgniter.php(932): App\Controllers\Admin->changePkgStatus()
#7 C:\xampp2\htdocs\swafe\vendor\codeigniter4\framework\system\CodeIgniter.php(497): CodeIgniter\CodeIgniter->runController(Object(App\Controllers\Admin))
#8 C:\xampp2\htdocs\swafe\vendor\codeigniter4\framework\system\CodeIgniter.php(366): CodeIgniter\CodeIgniter->handleRequest(NULL, Object(Config\Cache), false)
#9 C:\xampp2\htdocs\swafe\public\index.php(67): CodeIgniter\CodeIgniter->run()
#10 C:\xampp2\htdocs\swafe\vendor\codeigniter4\framework\system\Commands\Server\rewrite.php(47): require_once('C:\\xampp2\\htdoc...')
#11 {main}
CRITICAL - 2023-08-10 08:07:51 --> You have an error in your SQL syntax; check the manual that corresponds to your MariaDB server version for the right syntax to use near '0 = 0, 1 = 'status'
WHERE `id` = '5'' at line 1
in SYSTEMPATH\Database\MySQLi\Connection.php on line 295.
 1 SYSTEMPATH\Database\MySQLi\Connection.php(295): mysqli->query('UPDATE `ec_packages` SET 0 = 0, 1 = \'status\'
WHERE `id` = \'5\'', 0)
 2 SYSTEMPATH\Database\BaseConnection.php(692): CodeIgniter\Database\MySQLi\Connection->execute('UPDATE `ec_packages` SET 0 = 0, 1 = \'status\'
WHERE `id` = \'5\'')
 3 SYSTEMPATH\Database\BaseConnection.php(606): CodeIgniter\Database\BaseConnection->simpleQuery('UPDATE `ec_packages` SET 0 = 0, 1 = \'status\'
WHERE `id` = \'5\'')
 4 SYSTEMPATH\Database\BaseBuilder.php(2476): CodeIgniter\Database\BaseConnection->query('UPDATE `ec_packages` SET 0 = :0:, 1 = :1:
WHERE `id` = :id:', [...], false)
 5 APPPATH\Helpers\query_helper.php(147): CodeIgniter\Database\BaseBuilder->update([...])
 6 APPPATH\Controllers\Admin.php(150): _updateWhere('ec_packages', [...], [...])
 7 SYSTEMPATH\CodeIgniter.php(932): App\Controllers\Admin->changePkgStatus()
 8 SYSTEMPATH\CodeIgniter.php(497): CodeIgniter\CodeIgniter->runController(Object(App\Controllers\Admin))
 9 SYSTEMPATH\CodeIgniter.php(366): CodeIgniter\CodeIgniter->handleRequest(null, Object(Config\Cache), false)
10 FCPATH\index.php(67): CodeIgniter\CodeIgniter->run()
11 SYSTEMPATH\Commands\Server\rewrite.php(47): require_once('C:\\xampp2\\htdocs\\swafe\\public\\index.php')
INFO - 2023-08-10 08:08:29 --> Session: Class initialized using 'CodeIgniter\Session\Handlers\FileHandler' driver.
INFO - 2023-08-10 08:08:34 --> Session: Class initialized using 'CodeIgniter\Session\Handlers\FileHandler' driver.
ERROR - 2023-08-10 08:08:34 --> mysqli_sql_exception: You have an error in your SQL syntax; check the manual that corresponds to your MariaDB server version for the right syntax to use near '0 = 1, 1 = 'status'
WHERE `id` = '6'' at line 1 in C:\xampp2\htdocs\swafe\vendor\codeigniter4\framework\system\Database\MySQLi\Connection.php:295
Stack trace:
#0 C:\xampp2\htdocs\swafe\vendor\codeigniter4\framework\system\Database\MySQLi\Connection.php(295): mysqli->query('UPDATE `ec_pack...', 0)
#1 C:\xampp2\htdocs\swafe\vendor\codeigniter4\framework\system\Database\BaseConnection.php(692): CodeIgniter\Database\MySQLi\Connection->execute('UPDATE `ec_pack...')
#2 C:\xampp2\htdocs\swafe\vendor\codeigniter4\framework\system\Database\BaseConnection.php(606): CodeIgniter\Database\BaseConnection->simpleQuery('UPDATE `ec_pack...')
#3 C:\xampp2\htdocs\swafe\vendor\codeigniter4\framework\system\Database\BaseBuilder.php(2476): CodeIgniter\Database\BaseConnection->query('UPDATE `ec_pack...', Array, false)
#4 C:\xampp2\htdocs\swafe\app\Helpers\query_helper.php(147): CodeIgniter\Database\BaseBuilder->update(Array)
#5 C:\xampp2\htdocs\swafe\app\Controllers\Admin.php(151): _updateWhere('ec_packages', Array, Array)
#6 C:\xampp2\htdocs\swafe\vendor\codeigniter4\framework\system\CodeIgniter.php(932): App\Controllers\Admin->changePkgStatus()
#7 C:\xampp2\htdocs\swafe\vendor\codeigniter4\framework\system\CodeIgniter.php(497): CodeIgniter\CodeIgniter->runController(Object(App\Controllers\Admin))
#8 C:\xampp2\htdocs\swafe\vendor\codeigniter4\framework\system\CodeIgniter.php(366): CodeIgniter\CodeIgniter->handleRequest(NULL, Object(Config\Cache), false)
#9 C:\xampp2\htdocs\swafe\public\index.php(67): CodeIgniter\CodeIgniter->run()
#10 C:\xampp2\htdocs\swafe\vendor\codeigniter4\framework\system\Commands\Server\rewrite.php(47): require_once('C:\\xampp2\\htdoc...')
#11 {main}
CRITICAL - 2023-08-10 08:08:34 --> You have an error in your SQL syntax; check the manual that corresponds to your MariaDB server version for the right syntax to use near '0 = 1, 1 = 'status'
WHERE `id` = '6'' at line 1
in SYSTEMPATH\Database\MySQLi\Connection.php on line 295.
 1 SYSTEMPATH\Database\MySQLi\Connection.php(295): mysqli->query('UPDATE `ec_packages` SET 0 = 1, 1 = \'status\'
WHERE `id` = \'6\'', 0)
 2 SYSTEMPATH\Database\BaseConnection.php(692): CodeIgniter\Database\MySQLi\Connection->execute('UPDATE `ec_packages` SET 0 = 1, 1 = \'status\'
WHERE `id` = \'6\'')
 3 SYSTEMPATH\Database\BaseConnection.php(606): CodeIgniter\Database\BaseConnection->simpleQuery('UPDATE `ec_packages` SET 0 = 1, 1 = \'status\'
WHERE `id` = \'6\'')
 4 SYSTEMPATH\Database\BaseBuilder.php(2476): CodeIgniter\Database\BaseConnection->query('UPDATE `ec_packages` SET 0 = :0:, 1 = :1:
WHERE `id` = :id:', [...], false)
 5 APPPATH\Helpers\query_helper.php(147): CodeIgniter\Database\BaseBuilder->update([...])
 6 APPPATH\Controllers\Admin.php(151): _updateWhere('ec_packages', [...], [...])
 7 SYSTEMPATH\CodeIgniter.php(932): App\Controllers\Admin->changePkgStatus()
 8 SYSTEMPATH\CodeIgniter.php(497): CodeIgniter\CodeIgniter->runController(Object(App\Controllers\Admin))
 9 SYSTEMPATH\CodeIgniter.php(366): CodeIgniter\CodeIgniter->handleRequest(null, Object(Config\Cache), false)
10 FCPATH\index.php(67): CodeIgniter\CodeIgniter->run()
11 SYSTEMPATH\Commands\Server\rewrite.php(47): require_once('C:\\xampp2\\htdocs\\swafe\\public\\index.php')
INFO - 2023-08-10 08:08:47 --> Session: Class initialized using 'CodeIgniter\Session\Handlers\FileHandler' driver.
INFO - 2023-08-10 08:08:49 --> Session: Class initialized using 'CodeIgniter\Session\Handlers\FileHandler' driver.
INFO - 2023-08-10 08:08:51 --> Session: Class initialized using 'CodeIgniter\Session\Handlers\FileHandler' driver.
INFO - 2023-08-10 08:12:14 --> Session: Class initialized using 'CodeIgniter\Session\Handlers\FileHandler' driver.
INFO - 2023-08-10 08:12:19 --> Session: Class initialized using 'CodeIgniter\Session\Handlers\FileHandler' driver.
INFO - 2023-08-10 08:12:23 --> Session: Class initialized using 'CodeIgniter\Session\Handlers\FileHandler' driver.
INFO - 2023-08-10 08:12:28 --> Session: Class initialized using 'CodeIgniter\Session\Handlers\FileHandler' driver.
INFO - 2023-08-10 08:12:28 --> Session: Class initialized using 'CodeIgniter\Session\Handlers\FileHandler' driver.
INFO - 2023-08-10 08:12:29 --> Session: Class initialized using 'CodeIgniter\Session\Handlers\FileHandler' driver.
INFO - 2023-08-10 08:12:44 --> Session: Class initialized using 'CodeIgniter\Session\Handlers\FileHandler' driver.
INFO - 2023-08-10 08:13:06 --> Session: Class initialized using 'CodeIgniter\Session\Handlers\FileHandler' driver.
INFO - 2023-08-10 08:13:11 --> Session: Class initialized using 'CodeIgniter\Session\Handlers\FileHandler' driver.
INFO - 2023-08-10 08:23:03 --> Session: Class initialized using 'CodeIgniter\Session\Handlers\FileHandler' driver.
INFO - 2023-08-10 08:23:33 --> Session: Class initialized using 'CodeIgniter\Session\Handlers\FileHandler' driver.
INFO - 2023-08-10 08:23:45 --> Session: Class initialized using 'CodeIgniter\Session\Handlers\FileHandler' driver.
INFO - 2023-08-10 08:23:51 --> Session: Class initialized using 'CodeIgniter\Session\Handlers\FileHandler' driver.
INFO - 2023-08-10 08:25:21 --> Session: Class initialized using 'CodeIgniter\Session\Handlers\FileHandler' driver.
CRITICAL - 2023-08-10 08:25:21 --> Undefined variable: pkdId
in APPPATH\Controllers\Admin.php on line 162.
 1 APPPATH\Controllers\Admin.php(162): CodeIgniter\Debug\Exceptions->errorHandler(8, 'Undefined variable: pkdId', 'C:\\xampp2\\htdocs\\swafe\\app\\Controllers\\Admin.php', 162, [...])
 2 SYSTEMPATH\CodeIgniter.php(932): App\Controllers\Admin->packageEdit('1')
 3 SYSTEMPATH\CodeIgniter.php(497): CodeIgniter\CodeIgniter->runController(Object(App\Controllers\Admin))
 4 SYSTEMPATH\CodeIgniter.php(366): CodeIgniter\CodeIgniter->handleRequest(null, Object(Config\Cache), false)
 5 FCPATH\index.php(67): CodeIgniter\CodeIgniter->run()
 6 SYSTEMPATH\Commands\Server\rewrite.php(47): require_once('C:\\xampp2\\htdocs\\swafe\\public\\index.php')
INFO - 2023-08-10 08:25:31 --> Session: Class initialized using 'CodeIgniter\Session\Handlers\FileHandler' driver.
INFO - 2023-08-10 08:32:15 --> Session: Class initialized using 'CodeIgniter\Session\Handlers\FileHandler' driver.
INFO - 2023-08-10 08:32:57 --> Session: Class initialized using 'CodeIgniter\Session\Handlers\FileHandler' driver.
INFO - 2023-08-10 09:19:24 --> Session: Class initialized using 'CodeIgniter\Session\Handlers\FileHandler' driver.
INFO - 2023-08-10 09:20:04 --> Session: Class initialized using 'CodeIgniter\Session\Handlers\FileHandler' driver.
INFO - 2023-08-10 09:22:58 --> Session: Class initialized using 'CodeIgniter\Session\Handlers\FileHandler' driver.
CRITICAL - 2023-08-10 09:22:58 --> syntax error, unexpected '?>'
in APPPATH\Views\dashboard\products\add-package.php on line 148.
 1 SYSTEMPATH\View\View.php(227): CodeIgniter\View\View->CodeIgniter\View\{closure}()
 2 SYSTEMPATH\Common.php(1176): CodeIgniter\View\View->render('dashboard/products/add-package', [], true)
 3 APPPATH\Controllers\Admin.php(165): view('dashboard/products/add-package', [...])
 4 SYSTEMPATH\CodeIgniter.php(932): App\Controllers\Admin->packageEdit('1')
 5 SYSTEMPATH\CodeIgniter.php(497): CodeIgniter\CodeIgniter->runController(Object(App\Controllers\Admin))
 6 SYSTEMPATH\CodeIgniter.php(366): CodeIgniter\CodeIgniter->handleRequest(null, Object(Config\Cache), false)
 7 FCPATH\index.php(67): CodeIgniter\CodeIgniter->run()
 8 SYSTEMPATH\Commands\Server\rewrite.php(47): require_once('C:\\xampp2\\htdocs\\swafe\\public\\index.php')
INFO - 2023-08-10 09:23:18 --> Session: Class initialized using 'CodeIgniter\Session\Handlers\FileHandler' driver.
CRITICAL - 2023-08-10 09:23:18 --> syntax error, unexpected 'if' (T_IF)
in APPPATH\Views\dashboard\products\add-package.php on line 148.
 1 SYSTEMPATH\View\View.php(227): CodeIgniter\View\View->CodeIgniter\View\{closure}()
 2 SYSTEMPATH\Common.php(1176): CodeIgniter\View\View->render('dashboard/products/add-package', [], true)
 3 APPPATH\Controllers\Admin.php(165): view('dashboard/products/add-package', [...])
 4 SYSTEMPATH\CodeIgniter.php(932): App\Controllers\Admin->packageEdit('1')
 5 SYSTEMPATH\CodeIgniter.php(497): CodeIgniter\CodeIgniter->runController(Object(App\Controllers\Admin))
 6 SYSTEMPATH\CodeIgniter.php(366): CodeIgniter\CodeIgniter->handleRequest(null, Object(Config\Cache), false)
 7 FCPATH\index.php(67): CodeIgniter\CodeIgniter->run()
 8 SYSTEMPATH\Commands\Server\rewrite.php(47): require_once('C:\\xampp2\\htdocs\\swafe\\public\\index.php')
INFO - 2023-08-10 09:23:27 --> Session: Class initialized using 'CodeIgniter\Session\Handlers\FileHandler' driver.
INFO - 2023-08-10 09:23:43 --> Session: Class initialized using 'CodeIgniter\Session\Handlers\FileHandler' driver.
INFO - 2023-08-10 09:24:03 --> Session: Class initialized using 'CodeIgniter\Session\Handlers\FileHandler' driver.
INFO - 2023-08-10 09:40:50 --> Session: Class initialized using 'CodeIgniter\Session\Handlers\FileHandler' driver.
INFO - 2023-08-10 09:40:52 --> Session: Class initialized using 'CodeIgniter\Session\Handlers\FileHandler' driver.
INFO - 2023-08-10 09:40:53 --> Session: Class initialized using 'CodeIgniter\Session\Handlers\FileHandler' driver.
INFO - 2023-08-10 09:40:59 --> Session: Class initialized using 'CodeIgniter\Session\Handlers\FileHandler' driver.
INFO - 2023-08-10 09:41:05 --> Session: Class initialized using 'CodeIgniter\Session\Handlers\FileHandler' driver.
INFO - 2023-08-10 09:42:17 --> Session: Class initialized using 'CodeIgniter\Session\Handlers\FileHandler' driver.
INFO - 2023-08-10 09:42:22 --> Session: Class initialized using 'CodeIgniter\Session\Handlers\FileHandler' driver.
INFO - 2023-08-10 09:43:18 --> Session: Class initialized using 'CodeIgniter\Session\Handlers\FileHandler' driver.
INFO - 2023-08-10 09:43:31 --> Session: Class initialized using 'CodeIgniter\Session\Handlers\FileHandler' driver.
INFO - 2023-08-10 09:44:18 --> Session: Class initialized using 'CodeIgniter\Session\Handlers\FileHandler' driver.
INFO - 2023-08-10 09:46:55 --> Session: Class initialized using 'CodeIgniter\Session\Handlers\FileHandler' driver.
INFO - 2023-08-10 09:47:09 --> Session: Class initialized using 'CodeIgniter\Session\Handlers\FileHandler' driver.
INFO - 2023-08-10 09:47:13 --> Session: Class initialized using 'CodeIgniter\Session\Handlers\FileHandler' driver.
INFO - 2023-08-10 09:47:14 --> Session: Class initialized using 'CodeIgniter\Session\Handlers\FileHandler' driver.
INFO - 2023-08-10 09:47:14 --> Session: Class initialized using 'CodeIgniter\Session\Handlers\FileHandler' driver.
INFO - 2023-08-10 09:47:47 --> Session: Class initialized using 'CodeIgniter\Session\Handlers\FileHandler' driver.
INFO - 2023-08-10 09:47:52 --> Session: Class initialized using 'CodeIgniter\Session\Handlers\FileHandler' driver.
INFO - 2023-08-10 09:47:55 --> Session: Class initialized using 'CodeIgniter\Session\Handlers\FileHandler' driver.
INFO - 2023-08-10 09:48:09 --> Session: Class initialized using 'CodeIgniter\Session\Handlers\FileHandler' driver.
INFO - 2023-08-10 09:48:18 --> Session: Class initialized using 'CodeIgniter\Session\Handlers\FileHandler' driver.
CRITICAL - 2023-08-10 09:48:18 --> Undefined index: pkg
in APPPATH\Controllers\Admin.php on line 41.
 1 APPPATH\Controllers\Admin.php(41): CodeIgniter\Debug\Exceptions->errorHandler(8, 'Undefined index: pkg', 'C:\\xampp2\\htdocs\\swafe\\app\\Controllers\\Admin.php', 41, [...])
 2 SYSTEMPATH\CodeIgniter.php(932): App\Controllers\Admin->addPackages()
 3 SYSTEMPATH\CodeIgniter.php(497): CodeIgniter\CodeIgniter->runController(Object(App\Controllers\Admin))
 4 SYSTEMPATH\CodeIgniter.php(366): CodeIgniter\CodeIgniter->handleRequest(null, Object(Config\Cache), false)
 5 FCPATH\index.php(67): CodeIgniter\CodeIgniter->run()
 6 SYSTEMPATH\Commands\Server\rewrite.php(47): require_once('C:\\xampp2\\htdocs\\swafe\\public\\index.php')
INFO - 2023-08-10 09:52:59 --> Session: Class initialized using 'CodeIgniter\Session\Handlers\FileHandler' driver.
INFO - 2023-08-10 09:54:06 --> Session: Class initialized using 'CodeIgniter\Session\Handlers\FileHandler' driver.
INFO - 2023-08-10 09:54:11 --> Session: Class initialized using 'CodeIgniter\Session\Handlers\FileHandler' driver.
INFO - 2023-08-10 09:54:42 --> Session: Class initialized using 'CodeIgniter\Session\Handlers\FileHandler' driver.
CRITICAL - 2023-08-10 09:54:42 --> Undefined index: pkg
in APPPATH\Controllers\Admin.php on line 41.
 1 APPPATH\Controllers\Admin.php(41): CodeIgniter\Debug\Exceptions->errorHandler(8, 'Undefined index: pkg', 'C:\\xampp2\\htdocs\\swafe\\app\\Controllers\\Admin.php', 41, [...])
 2 SYSTEMPATH\CodeIgniter.php(932): App\Controllers\Admin->addPackages()
 3 SYSTEMPATH\CodeIgniter.php(497): CodeIgniter\CodeIgniter->runController(Object(App\Controllers\Admin))
 4 SYSTEMPATH\CodeIgniter.php(366): CodeIgniter\CodeIgniter->handleRequest(null, Object(Config\Cache), false)
 5 FCPATH\index.php(67): CodeIgniter\CodeIgniter->run()
 6 SYSTEMPATH\Commands\Server\rewrite.php(47): require_once('C:\\xampp2\\htdocs\\swafe\\public\\index.php')
INFO - 2023-08-10 09:56:18 --> Session: Class initialized using 'CodeIgniter\Session\Handlers\FileHandler' driver.
INFO - 2023-08-10 09:57:31 --> Session: Class initialized using 'CodeIgniter\Session\Handlers\FileHandler' driver.
CRITICAL - 2023-08-10 09:57:31 --> Undefined index: pkg
in APPPATH\Controllers\Admin.php on line 41.
 1 APPPATH\Controllers\Admin.php(41): CodeIgniter\Debug\Exceptions->errorHandler(8, 'Undefined index: pkg', 'C:\\xampp2\\htdocs\\swafe\\app\\Controllers\\Admin.php', 41, [...])
 2 SYSTEMPATH\CodeIgniter.php(932): App\Controllers\Admin->addPackages()
 3 SYSTEMPATH\CodeIgniter.php(497): CodeIgniter\CodeIgniter->runController(Object(App\Controllers\Admin))
 4 SYSTEMPATH\CodeIgniter.php(366): CodeIgniter\CodeIgniter->handleRequest(null, Object(Config\Cache), false)
 5 FCPATH\index.php(67): CodeIgniter\CodeIgniter->run()
 6 SYSTEMPATH\Commands\Server\rewrite.php(47): require_once('C:\\xampp2\\htdocs\\swafe\\public\\index.php')
INFO - 2023-08-10 09:59:19 --> Session: Class initialized using 'CodeIgniter\Session\Handlers\FileHandler' driver.
INFO - 2023-08-10 09:59:37 --> Session: Class initialized using 'CodeIgniter\Session\Handlers\FileHandler' driver.
CRITICAL - 2023-08-10 09:59:37 --> Undefined index: pkg
in APPPATH\Controllers\Admin.php on line 43.
 1 APPPATH\Controllers\Admin.php(43): CodeIgniter\Debug\Exceptions->errorHandler(8, 'Undefined index: pkg', 'C:\\xampp2\\htdocs\\swafe\\app\\Controllers\\Admin.php', 43, [...])
 2 SYSTEMPATH\CodeIgniter.php(932): App\Controllers\Admin->addPackages()
 3 SYSTEMPATH\CodeIgniter.php(497): CodeIgniter\CodeIgniter->runController(Object(App\Controllers\Admin))
 4 SYSTEMPATH\CodeIgniter.php(366): CodeIgniter\CodeIgniter->handleRequest(null, Object(Config\Cache), false)
 5 FCPATH\index.php(67): CodeIgniter\CodeIgniter->run()
 6 SYSTEMPATH\Commands\Server\rewrite.php(47): require_once('C:\\xampp2\\htdocs\\swafe\\public\\index.php')
INFO - 2023-08-10 09:59:46 --> Session: Class initialized using 'CodeIgniter\Session\Handlers\FileHandler' driver.
CRITICAL - 2023-08-10 09:59:46 --> Undefined variable: postData
in APPPATH\Controllers\Admin.php on line 42.
 1 APPPATH\Controllers\Admin.php(42): CodeIgniter\Debug\Exceptions->errorHandler(8, 'Undefined variable: postData', 'C:\\xampp2\\htdocs\\swafe\\app\\Controllers\\Admin.php', 42, [])
 2 SYSTEMPATH\CodeIgniter.php(932): App\Controllers\Admin->addPackages()
 3 SYSTEMPATH\CodeIgniter.php(497): CodeIgniter\CodeIgniter->runController(Object(App\Controllers\Admin))
 4 SYSTEMPATH\CodeIgniter.php(366): CodeIgniter\CodeIgniter->handleRequest(null, Object(Config\Cache), false)
 5 FCPATH\index.php(67): CodeIgniter\CodeIgniter->run()
 6 SYSTEMPATH\Commands\Server\rewrite.php(47): require_once('C:\\xampp2\\htdocs\\swafe\\public\\index.php')
INFO - 2023-08-10 10:00:01 --> Session: Class initialized using 'CodeIgniter\Session\Handlers\FileHandler' driver.
CRITICAL - 2023-08-10 10:00:01 --> Undefined index: pkg
in APPPATH\Controllers\Admin.php on line 43.
 1 APPPATH\Controllers\Admin.php(43): CodeIgniter\Debug\Exceptions->errorHandler(8, 'Undefined index: pkg', 'C:\\xampp2\\htdocs\\swafe\\app\\Controllers\\Admin.php', 43, [...])
 2 SYSTEMPATH\CodeIgniter.php(932): App\Controllers\Admin->addPackages()
 3 SYSTEMPATH\CodeIgniter.php(497): CodeIgniter\CodeIgniter->runController(Object(App\Controllers\Admin))
 4 SYSTEMPATH\CodeIgniter.php(366): CodeIgniter\CodeIgniter->handleRequest(null, Object(Config\Cache), false)
 5 FCPATH\index.php(67): CodeIgniter\CodeIgniter->run()
 6 SYSTEMPATH\Commands\Server\rewrite.php(47): require_once('C:\\xampp2\\htdocs\\swafe\\public\\index.php')
INFO - 2023-08-10 10:00:21 --> Session: Class initialized using 'CodeIgniter\Session\Handlers\FileHandler' driver.
CRITICAL - 2023-08-10 10:00:21 --> Undefined index: pkg
in APPPATH\Controllers\Admin.php on line 43.
 1 APPPATH\Controllers\Admin.php(43): CodeIgniter\Debug\Exceptions->errorHandler(8, 'Undefined index: pkg', 'C:\\xampp2\\htdocs\\swafe\\app\\Controllers\\Admin.php', 43, [...])
 2 SYSTEMPATH\CodeIgniter.php(932): App\Controllers\Admin->addPackages()
 3 SYSTEMPATH\CodeIgniter.php(497): CodeIgniter\CodeIgniter->runController(Object(App\Controllers\Admin))
 4 SYSTEMPATH\CodeIgniter.php(366): CodeIgniter\CodeIgniter->handleRequest(null, Object(Config\Cache), false)
 5 FCPATH\index.php(67): CodeIgniter\CodeIgniter->run()
 6 SYSTEMPATH\Commands\Server\rewrite.php(47): require_once('C:\\xampp2\\htdocs\\swafe\\public\\index.php')
INFO - 2023-08-10 10:00:26 --> Session: Class initialized using 'CodeIgniter\Session\Handlers\FileHandler' driver.
CRITICAL - 2023-08-10 10:00:26 --> Undefined variable: pkg_data
in APPPATH\Views\dashboard\products\add-package.php on line 93.
 1 APPPATH\Views\dashboard\products\add-package.php(93): CodeIgniter\Debug\Exceptions->errorHandler(8, 'Undefined variable: pkg_data', 'C:\\xampp2\\htdocs\\swafe\\app\\Views\\dashboard\\products\\add-package.php', 93, [])
 2 SYSTEMPATH\View\View.php(224): include('C:\\xampp2\\htdocs\\swafe\\app\\Views\\dashboard\\products\\add-package.php')
 3 SYSTEMPATH\View\View.php(227): CodeIgniter\View\View->CodeIgniter\View\{closure}()
 4 SYSTEMPATH\Common.php(1176): CodeIgniter\View\View->render('dashboard/products/add-package', [], true)
 5 APPPATH\Controllers\Admin.php(134): view('dashboard/products/add-package')
 6 SYSTEMPATH\CodeIgniter.php(932): App\Controllers\Admin->addPackages()
 7 SYSTEMPATH\CodeIgniter.php(497): CodeIgniter\CodeIgniter->runController(Object(App\Controllers\Admin))
 8 SYSTEMPATH\CodeIgniter.php(366): CodeIgniter\CodeIgniter->handleRequest(null, Object(Config\Cache), false)
 9 FCPATH\index.php(67): CodeIgniter\CodeIgniter->run()
10 SYSTEMPATH\Commands\Server\rewrite.php(47): require_once('C:\\xampp2\\htdocs\\swafe\\public\\index.php')
INFO - 2023-08-10 10:04:14 --> Session: Class initialized using 'CodeIgniter\Session\Handlers\FileHandler' driver.
CRITICAL - 2023-08-10 10:04:14 --> Undefined variable: pkg_data
in APPPATH\Views\dashboard\products\add-package.php on line 93.
 1 APPPATH\Views\dashboard\products\add-package.php(93): CodeIgniter\Debug\Exceptions->errorHandler(8, 'Undefined variable: pkg_data', 'C:\\xampp2\\htdocs\\swafe\\app\\Views\\dashboard\\products\\add-package.php', 93, [])
 2 SYSTEMPATH\View\View.php(224): include('C:\\xampp2\\htdocs\\swafe\\app\\Views\\dashboard\\products\\add-package.php')
 3 SYSTEMPATH\View\View.php(227): CodeIgniter\View\View->CodeIgniter\View\{closure}()
 4 SYSTEMPATH\Common.php(1176): CodeIgniter\View\View->render('dashboard/products/add-package', [], true)
 5 APPPATH\Controllers\Admin.php(134): view('dashboard/products/add-package')
 6 SYSTEMPATH\CodeIgniter.php(932): App\Controllers\Admin->addPackages()
 7 SYSTEMPATH\CodeIgniter.php(497): CodeIgniter\CodeIgniter->runController(Object(App\Controllers\Admin))
 8 SYSTEMPATH\CodeIgniter.php(366): CodeIgniter\CodeIgniter->handleRequest(null, Object(Config\Cache), false)
 9 FCPATH\index.php(67): CodeIgniter\CodeIgniter->run()
10 SYSTEMPATH\Commands\Server\rewrite.php(47): require_once('C:\\xampp2\\htdocs\\swafe\\public\\index.php')
INFO - 2023-08-10 10:04:52 --> Session: Class initialized using 'CodeIgniter\Session\Handlers\FileHandler' driver.
INFO - 2023-08-10 10:05:05 --> Session: Class initialized using 'CodeIgniter\Session\Handlers\FileHandler' driver.
INFO - 2023-08-10 10:05:11 --> Session: Class initialized using 'CodeIgniter\Session\Handlers\FileHandler' driver.
INFO - 2023-08-10 10:05:15 --> Session: Class initialized using 'CodeIgniter\Session\Handlers\FileHandler' driver.
INFO - 2023-08-10 10:05:19 --> Session: Class initialized using 'CodeIgniter\Session\Handlers\FileHandler' driver.
INFO - 2023-08-10 10:05:27 --> Session: Class initialized using 'CodeIgniter\Session\Handlers\FileHandler' driver.
INFO - 2023-08-10 10:05:44 --> Session: Class initialized using 'CodeIgniter\Session\Handlers\FileHandler' driver.
INFO - 2023-08-10 10:05:52 --> Session: Class initialized using 'CodeIgniter\Session\Handlers\FileHandler' driver.
INFO - 2023-08-10 10:06:02 --> Session: Class initialized using 'CodeIgniter\Session\Handlers\FileHandler' driver.
INFO - 2023-08-10 10:06:34 --> Session: Class initialized using 'CodeIgniter\Session\Handlers\FileHandler' driver.
INFO - 2023-08-10 10:06:48 --> Session: Class initialized using 'CodeIgniter\Session\Handlers\FileHandler' driver.
INFO - 2023-08-10 10:06:53 --> Session: Class initialized using 'CodeIgniter\Session\Handlers\FileHandler' driver.
CRITICAL - 2023-08-10 10:06:53 --> Undefined index: pkg
in APPPATH\Controllers\Admin.php on line 43.
 1 APPPATH\Controllers\Admin.php(43): CodeIgniter\Debug\Exceptions->errorHandler(8, 'Undefined index: pkg', 'C:\\xampp2\\htdocs\\swafe\\app\\Controllers\\Admin.php', 43, [...])
 2 SYSTEMPATH\CodeIgniter.php(932): App\Controllers\Admin->addPackages()
 3 SYSTEMPATH\CodeIgniter.php(497): CodeIgniter\CodeIgniter->runController(Object(App\Controllers\Admin))
 4 SYSTEMPATH\CodeIgniter.php(366): CodeIgniter\CodeIgniter->handleRequest(null, Object(Config\Cache), false)
 5 FCPATH\index.php(67): CodeIgniter\CodeIgniter->run()
 6 SYSTEMPATH\Commands\Server\rewrite.php(47): require_once('C:\\xampp2\\htdocs\\swafe\\public\\index.php')
INFO - 2023-08-10 10:07:03 --> Session: Class initialized using 'CodeIgniter\Session\Handlers\FileHandler' driver.
INFO - 2023-08-10 10:07:10 --> Session: Class initialized using 'CodeIgniter\Session\Handlers\FileHandler' driver.
INFO - 2023-08-10 10:07:16 --> Session: Class initialized using 'CodeIgniter\Session\Handlers\FileHandler' driver.
INFO - 2023-08-10 10:07:19 --> Session: Class initialized using 'CodeIgniter\Session\Handlers\FileHandler' driver.
INFO - 2023-08-10 10:07:28 --> Session: Class initialized using 'CodeIgniter\Session\Handlers\FileHandler' driver.
INFO - 2023-08-10 10:07:54 --> Session: Class initialized using 'CodeIgniter\Session\Handlers\FileHandler' driver.
INFO - 2023-08-10 10:09:07 --> Session: Class initialized using 'CodeIgniter\Session\Handlers\FileHandler' driver.
INFO - 2023-08-10 10:09:13 --> Session: Class initialized using 'CodeIgniter\Session\Handlers\FileHandler' driver.
INFO - 2023-08-10 10:09:18 --> Session: Class initialized using 'CodeIgniter\Session\Handlers\FileHandler' driver.
INFO - 2023-08-10 10:09:22 --> Session: Class initialized using 'CodeIgniter\Session\Handlers\FileHandler' driver.
INFO - 2023-08-10 10:09:25 --> Session: Class initialized using 'CodeIgniter\Session\Handlers\FileHandler' driver.
INFO - 2023-08-10 10:09:42 --> Session: Class initialized using 'CodeIgniter\Session\Handlers\FileHandler' driver.
INFO - 2023-08-10 10:09:57 --> Session: Class initialized using 'CodeIgniter\Session\Handlers\FileHandler' driver.
INFO - 2023-08-10 10:13:03 --> Session: Class initialized using 'CodeIgniter\Session\Handlers\FileHandler' driver.
INFO - 2023-08-10 10:13:32 --> Session: Class initialized using 'CodeIgniter\Session\Handlers\FileHandler' driver.
INFO - 2023-08-10 10:15:39 --> Session: Class initialized using 'CodeIgniter\Session\Handlers\FileHandler' driver.
INFO - 2023-08-10 10:16:13 --> Session: Class initialized using 'CodeIgniter\Session\Handlers\FileHandler' driver.
INFO - 2023-08-10 10:16:29 --> Session: Class initialized using 'CodeIgniter\Session\Handlers\FileHandler' driver.
INFO - 2023-08-10 10:16:32 --> Session: Class initialized using 'CodeIgniter\Session\Handlers\FileHandler' driver.
INFO - 2023-08-10 10:17:22 --> Session: Class initialized using 'CodeIgniter\Session\Handlers\FileHandler' driver.
INFO - 2023-08-10 10:18:52 --> Session: Class initialized using 'CodeIgniter\Session\Handlers\FileHandler' driver.
INFO - 2023-08-10 10:18:57 --> Session: Class initialized using 'CodeIgniter\Session\Handlers\FileHandler' driver.
INFO - 2023-08-10 10:19:01 --> Session: Class initialized using 'CodeIgniter\Session\Handlers\FileHandler' driver.
INFO - 2023-08-10 10:22:29 --> Session: Class initialized using 'CodeIgniter\Session\Handlers\FileHandler' driver.
INFO - 2023-08-10 10:22:47 --> Session: Class initialized using 'CodeIgniter\Session\Handlers\FileHandler' driver.
INFO - 2023-08-10 10:24:11 --> Session: Class initialized using 'CodeIgniter\Session\Handlers\FileHandler' driver.
INFO - 2023-08-10 10:24:11 --> Session: Class initialized using 'CodeIgniter\Session\Handlers\FileHandler' driver.
INFO - 2023-08-10 10:24:17 --> Session: Class initialized using 'CodeIgniter\Session\Handlers\FileHandler' driver.
INFO - 2023-08-10 10:24:25 --> Session: Class initialized using 'CodeIgniter\Session\Handlers\FileHandler' driver.
INFO - 2023-08-10 10:25:25 --> Session: Class initialized using 'CodeIgniter\Session\Handlers\FileHandler' driver.
INFO - 2023-08-10 10:25:25 --> Session: Class initialized using 'CodeIgniter\Session\Handlers\FileHandler' driver.
INFO - 2023-08-10 10:25:25 --> Session: Class initialized using 'CodeIgniter\Session\Handlers\FileHandler' driver.
INFO - 2023-08-10 10:25:26 --> Session: Class initialized using 'CodeIgniter\Session\Handlers\FileHandler' driver.
INFO - 2023-08-10 10:25:35 --> Session: Class initialized using 'CodeIgniter\Session\Handlers\FileHandler' driver.
INFO - 2023-08-10 10:30:59 --> Session: Class initialized using 'CodeIgniter\Session\Handlers\FileHandler' driver.
INFO - 2023-08-10 10:31:00 --> Session: Class initialized using 'CodeIgniter\Session\Handlers\FileHandler' driver.
INFO - 2023-08-10 10:31:00 --> Session: Class initialized using 'CodeIgniter\Session\Handlers\FileHandler' driver.
INFO - 2023-08-10 10:31:00 --> Session: Class initialized using 'CodeIgniter\Session\Handlers\FileHandler' driver.
INFO - 2023-08-10 10:31:04 --> Session: Class initialized using 'CodeIgniter\Session\Handlers\FileHandler' driver.
INFO - 2023-08-10 10:32:08 --> Session: Class initialized using 'CodeIgniter\Session\Handlers\FileHandler' driver.
INFO - 2023-08-10 10:32:14 --> Session: Class initialized using 'CodeIgniter\Session\Handlers\FileHandler' driver.
INFO - 2023-08-10 10:33:29 --> Session: Class initialized using 'CodeIgniter\Session\Handlers\FileHandler' driver.
INFO - 2023-08-10 10:36:17 --> Session: Class initialized using 'CodeIgniter\Session\Handlers\FileHandler' driver.
INFO - 2023-08-10 10:40:19 --> Session: Class initialized using 'CodeIgniter\Session\Handlers\FileHandler' driver.
