INFO - 2023-08-16 05:26:37 --> Session: Class initialized using 'CodeIgniter\Session\Handlers\FileHandler' driver.
INFO - 2023-08-16 05:26:38 --> Session: Class initialized using 'CodeIgniter\Session\Handlers\FileHandler' driver.
INFO - 2023-08-16 05:26:43 --> Session: Class initialized using 'CodeIgniter\Session\Handlers\FileHandler' driver.
INFO - 2023-08-16 05:26:43 --> Session: Class initialized using 'CodeIgniter\Session\Handlers\FileHandler' driver.
INFO - 2023-08-16 05:56:48 --> Session: Class initialized using 'CodeIgniter\Session\Handlers\FileHandler' driver.
INFO - 2023-08-16 05:56:48 --> Session: Class initialized using 'CodeIgniter\Session\Handlers\FileHandler' driver.
INFO - 2023-08-16 05:56:53 --> Session: Class initialized using 'CodeIgniter\Session\Handlers\FileHandler' driver.
INFO - 2023-08-16 05:57:33 --> Session: Class initialized using 'CodeIgniter\Session\Handlers\FileHandler' driver.
INFO - 2023-08-16 05:58:44 --> Session: Class initialized using 'CodeIgniter\Session\Handlers\FileHandler' driver.
INFO - 2023-08-16 05:58:44 --> Session: Class initialized using 'CodeIgniter\Session\Handlers\FileHandler' driver.
INFO - 2023-08-16 08:24:22 --> Session: Class initialized using 'CodeIgniter\Session\Handlers\FileHandler' driver.
INFO - 2023-08-16 08:24:23 --> Session: Class initialized using 'CodeIgniter\Session\Handlers\FileHandler' driver.
INFO - 2023-08-16 08:25:16 --> Session: Class initialized using 'CodeIgniter\Session\Handlers\FileHandler' driver.
INFO - 2023-08-16 08:25:16 --> Session: Class initialized using 'CodeIgniter\Session\Handlers\FileHandler' driver.
INFO - 2023-08-16 08:25:41 --> Session: Class initialized using 'CodeIgniter\Session\Handlers\FileHandler' driver.
INFO - 2023-08-16 09:17:26 --> Session: Class initialized using 'CodeIgniter\Session\Handlers\FileHandler' driver.
INFO - 2023-08-16 09:17:53 --> Session: Class initialized using 'CodeIgniter\Session\Handlers\FileHandler' driver.
INFO - 2023-08-16 09:26:58 --> Session: Class initialized using 'CodeIgniter\Session\Handlers\FileHandler' driver.
CRITICAL - 2023-08-16 09:26:58 --> Undefined variable: packages
in APPPATH\Views\dashboard\manpower\manpower-list.php on line 98.
 1 APPPATH\Views\dashboard\manpower\manpower-list.php(98): CodeIgniter\Debug\Exceptions->errorHandler(8, 'Undefined variable: packages', 'C:\\xampp2\\htdocs\\swafe\\app\\Views\\dashboard\\manpower\\manpower-list.php', 98, [...])
 2 SYSTEMPATH\View\View.php(224): include('C:\\xampp2\\htdocs\\swafe\\app\\Views\\dashboard\\manpower\\manpower-list.php')
 3 SYSTEMPATH\View\View.php(227): CodeIgniter\View\View->CodeIgniter\View\{closure}()
 4 SYSTEMPATH\Common.php(1176): CodeIgniter\View\View->render('dashboard/manpower/manpower-list', [], true)
 5 APPPATH\Controllers\User.php(214): view('dashboard/manpower/manpower-list', [...])
 6 SYSTEMPATH\CodeIgniter.php(932): App\Controllers\User->manpowerList()
 7 SYSTEMPATH\CodeIgniter.php(497): CodeIgniter\CodeIgniter->runController(Object(App\Controllers\User))
 8 SYSTEMPATH\CodeIgniter.php(366): CodeIgniter\CodeIgniter->handleRequest(null, Object(Config\Cache), false)
 9 FCPATH\index.php(67): CodeIgniter\CodeIgniter->run()
10 SYSTEMPATH\Commands\Server\rewrite.php(47): require_once('C:\\xampp2\\htdocs\\swafe\\public\\index.php')
INFO - 2023-08-16 09:27:27 --> Session: Class initialized using 'CodeIgniter\Session\Handlers\FileHandler' driver.
INFO - 2023-08-16 09:27:37 --> Session: Class initialized using 'CodeIgniter\Session\Handlers\FileHandler' driver.
INFO - 2023-08-16 09:28:30 --> Session: Class initialized using 'CodeIgniter\Session\Handlers\FileHandler' driver.
INFO - 2023-08-16 09:28:34 --> Session: Class initialized using 'CodeIgniter\Session\Handlers\FileHandler' driver.
INFO - 2023-08-16 09:46:49 --> Session: Class initialized using 'CodeIgniter\Session\Handlers\FileHandler' driver.
INFO - 2023-08-16 09:47:16 --> Session: Class initialized using 'CodeIgniter\Session\Handlers\FileHandler' driver.
INFO - 2023-08-16 09:48:03 --> Session: Class initialized using 'CodeIgniter\Session\Handlers\FileHandler' driver.
INFO - 2023-08-16 09:49:29 --> Session: Class initialized using 'CodeIgniter\Session\Handlers\FileHandler' driver.
INFO - 2023-08-16 09:49:32 --> Session: Class initialized using 'CodeIgniter\Session\Handlers\FileHandler' driver.
INFO - 2023-08-16 09:49:39 --> Session: Class initialized using 'CodeIgniter\Session\Handlers\FileHandler' driver.
INFO - 2023-08-16 09:49:40 --> Session: Class initialized using 'CodeIgniter\Session\Handlers\FileHandler' driver.
INFO - 2023-08-16 09:49:48 --> Session: Class initialized using 'CodeIgniter\Session\Handlers\FileHandler' driver.
INFO - 2023-08-16 09:49:52 --> Session: Class initialized using 'CodeIgniter\Session\Handlers\FileHandler' driver.
INFO - 2023-08-16 09:50:09 --> Session: Class initialized using 'CodeIgniter\Session\Handlers\FileHandler' driver.
ERROR - 2023-08-16 09:50:09 --> mysqli_sql_exception: Table 'swafe.sw_employee' doesn't exist in C:\xampp2\htdocs\swafe\vendor\codeigniter4\framework\system\Database\MySQLi\Connection.php:295
Stack trace:
#0 C:\xampp2\htdocs\swafe\vendor\codeigniter4\framework\system\Database\MySQLi\Connection.php(295): mysqli->query('SELECT 1\nFROM `...', 0)
#1 C:\xampp2\htdocs\swafe\vendor\codeigniter4\framework\system\Database\BaseConnection.php(692): CodeIgniter\Database\MySQLi\Connection->execute('SELECT 1\nFROM `...')
#2 C:\xampp2\htdocs\swafe\vendor\codeigniter4\framework\system\Database\BaseConnection.php(606): CodeIgniter\Database\BaseConnection->simpleQuery('SELECT 1\nFROM `...')
#3 C:\xampp2\htdocs\swafe\vendor\codeigniter4\framework\system\Database\BaseBuilder.php(1616): CodeIgniter\Database\BaseConnection->query('SELECT 1\nFROM `...', Array, false)
#4 C:\xampp2\htdocs\swafe\vendor\codeigniter4\framework\system\Validation\StrictRules\Rules.php(206): CodeIgniter\Database\BaseBuilder->get()
#5 C:\xampp2\htdocs\swafe\vendor\codeigniter4\framework\system\Validation\Validation.php(278): CodeIgniter\Validation\StrictRules\Rules->is_unique('09990500583', 'primary_phone_n...', Array, NULL, 'mobile')
#6 C:\xampp2\htdocs\swafe\vendor\codeigniter4\framework\system\Validation\Validation.php(182): CodeIgniter\Validation\Validation->processRules('mobile', 'Phone number', '09990500583', Array, Array)
#7 C:\xampp2\htdocs\swafe\vendor\codeigniter4\framework\system\Controller.php(141): CodeIgniter\Validation\Validation->run()
#8 C:\xampp2\htdocs\swafe\app\Controllers\User.php(111): CodeIgniter\Controller->validate(Array)
#9 C:\xampp2\htdocs\swafe\vendor\codeigniter4\framework\system\CodeIgniter.php(932): App\Controllers\User->create()
#10 C:\xampp2\htdocs\swafe\vendor\codeigniter4\framework\system\CodeIgniter.php(497): CodeIgniter\CodeIgniter->runController(Object(App\Controllers\User))
#11 C:\xampp2\htdocs\swafe\vendor\codeigniter4\framework\system\CodeIgniter.php(366): CodeIgniter\CodeIgniter->handleRequest(NULL, Object(Config\Cache), false)
#12 C:\xampp2\htdocs\swafe\public\index.php(67): CodeIgniter\CodeIgniter->run()
#13 C:\xampp2\htdocs\swafe\vendor\codeigniter4\framework\system\Commands\Server\rewrite.php(47): require_once('C:\\xampp2\\htdoc...')
#14 {main}
CRITICAL - 2023-08-16 09:50:09 --> Table 'swafe.sw_employee' doesn't exist
in SYSTEMPATH\Database\MySQLi\Connection.php on line 295.
 1 SYSTEMPATH\Database\MySQLi\Connection.php(295): mysqli->query('SELECT 1
FROM `sw_employee`
WHERE `primary_phone_no` = \'09990500583\'
 LIMIT 1', 0)
 2 SYSTEMPATH\Database\BaseConnection.php(692): CodeIgniter\Database\MySQLi\Connection->execute('SELECT 1
FROM `sw_employee`
WHERE `primary_phone_no` = \'09990500583\'
 LIMIT 1')
 3 SYSTEMPATH\Database\BaseConnection.php(606): CodeIgniter\Database\BaseConnection->simpleQuery('SELECT 1
FROM `sw_employee`
WHERE `primary_phone_no` = \'09990500583\'
 LIMIT 1')
 4 SYSTEMPATH\Database\BaseBuilder.php(1616): CodeIgniter\Database\BaseConnection->query('SELECT 1
FROM `sw_employee`
WHERE `primary_phone_no` = :primary_phone_no:
 LIMIT 1', [...], false)
 5 SYSTEMPATH\Validation\StrictRules\Rules.php(206): CodeIgniter\Database\BaseBuilder->get()
 6 SYSTEMPATH\Validation\Validation.php(278): CodeIgniter\Validation\StrictRules\Rules->is_unique('09990500583', 'primary_phone_no', [...], null, 'mobile')
 7 SYSTEMPATH\Validation\Validation.php(182): CodeIgniter\Validation\Validation->processRules('mobile', 'Phone number', '09990500583', [...], [...])
 8 SYSTEMPATH\Controller.php(141): CodeIgniter\Validation\Validation->run()
 9 APPPATH\Controllers\User.php(111): CodeIgniter\Controller->validate([...])
10 SYSTEMPATH\CodeIgniter.php(932): App\Controllers\User->create()
11 SYSTEMPATH\CodeIgniter.php(497): CodeIgniter\CodeIgniter->runController(Object(App\Controllers\User))
12 SYSTEMPATH\CodeIgniter.php(366): CodeIgniter\CodeIgniter->handleRequest(null, Object(Config\Cache), false)
13 FCPATH\index.php(67): CodeIgniter\CodeIgniter->run()
14 SYSTEMPATH\Commands\Server\rewrite.php(47): require_once('C:\\xampp2\\htdocs\\swafe\\public\\index.php')
INFO - 2023-08-16 09:51:18 --> Session: Class initialized using 'CodeIgniter\Session\Handlers\FileHandler' driver.
ERROR - 2023-08-16 09:51:18 --> mysqli_sql_exception: Table 'swafe.sw_employee' doesn't exist in C:\xampp2\htdocs\swafe\vendor\codeigniter4\framework\system\Database\MySQLi\Connection.php:295
Stack trace:
#0 C:\xampp2\htdocs\swafe\vendor\codeigniter4\framework\system\Database\MySQLi\Connection.php(295): mysqli->query('SELECT 1\nFROM `...', 0)
#1 C:\xampp2\htdocs\swafe\vendor\codeigniter4\framework\system\Database\BaseConnection.php(692): CodeIgniter\Database\MySQLi\Connection->execute('SELECT 1\nFROM `...')
#2 C:\xampp2\htdocs\swafe\vendor\codeigniter4\framework\system\Database\BaseConnection.php(606): CodeIgniter\Database\BaseConnection->simpleQuery('SELECT 1\nFROM `...')
#3 C:\xampp2\htdocs\swafe\vendor\codeigniter4\framework\system\Database\BaseBuilder.php(1616): CodeIgniter\Database\BaseConnection->query('SELECT 1\nFROM `...', Array, false)
#4 C:\xampp2\htdocs\swafe\vendor\codeigniter4\framework\system\Validation\StrictRules\Rules.php(206): CodeIgniter\Database\BaseBuilder->get()
#5 C:\xampp2\htdocs\swafe\vendor\codeigniter4\framework\system\Validation\Validation.php(278): CodeIgniter\Validation\StrictRules\Rules->is_unique('09990500583', 'primary_phone_n...', Array, NULL, 'mobile')
#6 C:\xampp2\htdocs\swafe\vendor\codeigniter4\framework\system\Validation\Validation.php(182): CodeIgniter\Validation\Validation->processRules('mobile', 'Phone number', '09990500583', Array, Array)
#7 C:\xampp2\htdocs\swafe\vendor\codeigniter4\framework\system\Controller.php(141): CodeIgniter\Validation\Validation->run()
#8 C:\xampp2\htdocs\swafe\app\Controllers\User.php(111): CodeIgniter\Controller->validate(Array)
#9 C:\xampp2\htdocs\swafe\vendor\codeigniter4\framework\system\CodeIgniter.php(932): App\Controllers\User->create()
#10 C:\xampp2\htdocs\swafe\vendor\codeigniter4\framework\system\CodeIgniter.php(497): CodeIgniter\CodeIgniter->runController(Object(App\Controllers\User))
#11 C:\xampp2\htdocs\swafe\vendor\codeigniter4\framework\system\CodeIgniter.php(366): CodeIgniter\CodeIgniter->handleRequest(NULL, Object(Config\Cache), false)
#12 C:\xampp2\htdocs\swafe\public\index.php(67): CodeIgniter\CodeIgniter->run()
#13 C:\xampp2\htdocs\swafe\vendor\codeigniter4\framework\system\Commands\Server\rewrite.php(47): require_once('C:\\xampp2\\htdoc...')
#14 {main}
CRITICAL - 2023-08-16 09:51:18 --> Table 'swafe.sw_employee' doesn't exist
in SYSTEMPATH\Database\MySQLi\Connection.php on line 295.
 1 SYSTEMPATH\Database\MySQLi\Connection.php(295): mysqli->query('SELECT 1
FROM `sw_employee`
WHERE `primary_phone_no` = \'09990500583\'
 LIMIT 1', 0)
 2 SYSTEMPATH\Database\BaseConnection.php(692): CodeIgniter\Database\MySQLi\Connection->execute('SELECT 1
FROM `sw_employee`
WHERE `primary_phone_no` = \'09990500583\'
 LIMIT 1')
 3 SYSTEMPATH\Database\BaseConnection.php(606): CodeIgniter\Database\BaseConnection->simpleQuery('SELECT 1
FROM `sw_employee`
WHERE `primary_phone_no` = \'09990500583\'
 LIMIT 1')
 4 SYSTEMPATH\Database\BaseBuilder.php(1616): CodeIgniter\Database\BaseConnection->query('SELECT 1
FROM `sw_employee`
WHERE `primary_phone_no` = :primary_phone_no:
 LIMIT 1', [...], false)
 5 SYSTEMPATH\Validation\StrictRules\Rules.php(206): CodeIgniter\Database\BaseBuilder->get()
 6 SYSTEMPATH\Validation\Validation.php(278): CodeIgniter\Validation\StrictRules\Rules->is_unique('09990500583', 'primary_phone_no', [...], null, 'mobile')
 7 SYSTEMPATH\Validation\Validation.php(182): CodeIgniter\Validation\Validation->processRules('mobile', 'Phone number', '09990500583', [...], [...])
 8 SYSTEMPATH\Controller.php(141): CodeIgniter\Validation\Validation->run()
 9 APPPATH\Controllers\User.php(111): CodeIgniter\Controller->validate([...])
10 SYSTEMPATH\CodeIgniter.php(932): App\Controllers\User->create()
11 SYSTEMPATH\CodeIgniter.php(497): CodeIgniter\CodeIgniter->runController(Object(App\Controllers\User))
12 SYSTEMPATH\CodeIgniter.php(366): CodeIgniter\CodeIgniter->handleRequest(null, Object(Config\Cache), false)
13 FCPATH\index.php(67): CodeIgniter\CodeIgniter->run()
14 SYSTEMPATH\Commands\Server\rewrite.php(47): require_once('C:\\xampp2\\htdocs\\swafe\\public\\index.php')
INFO - 2023-08-16 09:52:20 --> Session: Class initialized using 'CodeIgniter\Session\Handlers\FileHandler' driver.
ERROR - 2023-08-16 09:52:20 --> mysqli_sql_exception: Unknown column 'primary_phone_no' in 'where clause' in C:\xampp2\htdocs\swafe\vendor\codeigniter4\framework\system\Database\MySQLi\Connection.php:295
Stack trace:
#0 C:\xampp2\htdocs\swafe\vendor\codeigniter4\framework\system\Database\MySQLi\Connection.php(295): mysqli->query('SELECT 1\nFROM `...', 0)
#1 C:\xampp2\htdocs\swafe\vendor\codeigniter4\framework\system\Database\BaseConnection.php(692): CodeIgniter\Database\MySQLi\Connection->execute('SELECT 1\nFROM `...')
#2 C:\xampp2\htdocs\swafe\vendor\codeigniter4\framework\system\Database\BaseConnection.php(606): CodeIgniter\Database\BaseConnection->simpleQuery('SELECT 1\nFROM `...')
#3 C:\xampp2\htdocs\swafe\vendor\codeigniter4\framework\system\Database\BaseBuilder.php(1616): CodeIgniter\Database\BaseConnection->query('SELECT 1\nFROM `...', Array, false)
#4 C:\xampp2\htdocs\swafe\vendor\codeigniter4\framework\system\Validation\StrictRules\Rules.php(206): CodeIgniter\Database\BaseBuilder->get()
#5 C:\xampp2\htdocs\swafe\vendor\codeigniter4\framework\system\Validation\Validation.php(278): CodeIgniter\Validation\StrictRules\Rules->is_unique('09990500583', 'primary_phone_n...', Array, NULL, 'mobile')
#6 C:\xampp2\htdocs\swafe\vendor\codeigniter4\framework\system\Validation\Validation.php(182): CodeIgniter\Validation\Validation->processRules('mobile', 'Phone number', '09990500583', Array, Array)
#7 C:\xampp2\htdocs\swafe\vendor\codeigniter4\framework\system\Controller.php(141): CodeIgniter\Validation\Validation->run()
#8 C:\xampp2\htdocs\swafe\app\Controllers\User.php(111): CodeIgniter\Controller->validate(Array)
#9 C:\xampp2\htdocs\swafe\vendor\codeigniter4\framework\system\CodeIgniter.php(932): App\Controllers\User->create()
#10 C:\xampp2\htdocs\swafe\vendor\codeigniter4\framework\system\CodeIgniter.php(497): CodeIgniter\CodeIgniter->runController(Object(App\Controllers\User))
#11 C:\xampp2\htdocs\swafe\vendor\codeigniter4\framework\system\CodeIgniter.php(366): CodeIgniter\CodeIgniter->handleRequest(NULL, Object(Config\Cache), false)
#12 C:\xampp2\htdocs\swafe\public\index.php(67): CodeIgniter\CodeIgniter->run()
#13 C:\xampp2\htdocs\swafe\vendor\codeigniter4\framework\system\Commands\Server\rewrite.php(47): require_once('C:\\xampp2\\htdoc...')
#14 {main}
CRITICAL - 2023-08-16 09:52:20 --> Unknown column 'primary_phone_no' in 'where clause'
in SYSTEMPATH\Database\MySQLi\Connection.php on line 295.
 1 SYSTEMPATH\Database\MySQLi\Connection.php(295): mysqli->query('SELECT 1
FROM `sw_manpower`
WHERE `primary_phone_no` = \'09990500583\'
 LIMIT 1', 0)
 2 SYSTEMPATH\Database\BaseConnection.php(692): CodeIgniter\Database\MySQLi\Connection->execute('SELECT 1
FROM `sw_manpower`
WHERE `primary_phone_no` = \'09990500583\'
 LIMIT 1')
 3 SYSTEMPATH\Database\BaseConnection.php(606): CodeIgniter\Database\BaseConnection->simpleQuery('SELECT 1
FROM `sw_manpower`
WHERE `primary_phone_no` = \'09990500583\'
 LIMIT 1')
 4 SYSTEMPATH\Database\BaseBuilder.php(1616): CodeIgniter\Database\BaseConnection->query('SELECT 1
FROM `sw_manpower`
WHERE `primary_phone_no` = :primary_phone_no:
 LIMIT 1', [...], false)
 5 SYSTEMPATH\Validation\StrictRules\Rules.php(206): CodeIgniter\Database\BaseBuilder->get()
 6 SYSTEMPATH\Validation\Validation.php(278): CodeIgniter\Validation\StrictRules\Rules->is_unique('09990500583', 'primary_phone_no', [...], null, 'mobile')
 7 SYSTEMPATH\Validation\Validation.php(182): CodeIgniter\Validation\Validation->processRules('mobile', 'Phone number', '09990500583', [...], [...])
 8 SYSTEMPATH\Controller.php(141): CodeIgniter\Validation\Validation->run()
 9 APPPATH\Controllers\User.php(111): CodeIgniter\Controller->validate([...])
10 SYSTEMPATH\CodeIgniter.php(932): App\Controllers\User->create()
11 SYSTEMPATH\CodeIgniter.php(497): CodeIgniter\CodeIgniter->runController(Object(App\Controllers\User))
12 SYSTEMPATH\CodeIgniter.php(366): CodeIgniter\CodeIgniter->handleRequest(null, Object(Config\Cache), false)
13 FCPATH\index.php(67): CodeIgniter\CodeIgniter->run()
14 SYSTEMPATH\Commands\Server\rewrite.php(47): require_once('C:\\xampp2\\htdocs\\swafe\\public\\index.php')
INFO - 2023-08-16 09:52:55 --> Session: Class initialized using 'CodeIgniter\Session\Handlers\FileHandler' driver.
INFO - 2023-08-16 09:54:09 --> Session: Class initialized using 'CodeIgniter\Session\Handlers\FileHandler' driver.
INFO - 2023-08-16 09:54:11 --> Session: Class initialized using 'CodeIgniter\Session\Handlers\FileHandler' driver.
INFO - 2023-08-16 09:54:24 --> Session: Class initialized using 'CodeIgniter\Session\Handlers\FileHandler' driver.
INFO - 2023-08-16 09:54:29 --> Session: Class initialized using 'CodeIgniter\Session\Handlers\FileHandler' driver.
INFO - 2023-08-16 09:54:54 --> Session: Class initialized using 'CodeIgniter\Session\Handlers\FileHandler' driver.
INFO - 2023-08-16 09:55:08 --> Session: Class initialized using 'CodeIgniter\Session\Handlers\FileHandler' driver.
INFO - 2023-08-16 09:55:17 --> Session: Class initialized using 'CodeIgniter\Session\Handlers\FileHandler' driver.
INFO - 2023-08-16 09:57:08 --> Session: Class initialized using 'CodeIgniter\Session\Handlers\FileHandler' driver.
INFO - 2023-08-16 09:57:15 --> Session: Class initialized using 'CodeIgniter\Session\Handlers\FileHandler' driver.
ERROR - 2023-08-16 09:57:15 --> mysqli_sql_exception: Unknown column 'primary_phone_no' in 'where clause' in C:\xampp2\htdocs\swafe\vendor\codeigniter4\framework\system\Database\MySQLi\Connection.php:295
Stack trace:
#0 C:\xampp2\htdocs\swafe\vendor\codeigniter4\framework\system\Database\MySQLi\Connection.php(295): mysqli->query('SELECT 1\nFROM `...', 0)
#1 C:\xampp2\htdocs\swafe\vendor\codeigniter4\framework\system\Database\BaseConnection.php(692): CodeIgniter\Database\MySQLi\Connection->execute('SELECT 1\nFROM `...')
#2 C:\xampp2\htdocs\swafe\vendor\codeigniter4\framework\system\Database\BaseConnection.php(606): CodeIgniter\Database\BaseConnection->simpleQuery('SELECT 1\nFROM `...')
#3 C:\xampp2\htdocs\swafe\vendor\codeigniter4\framework\system\Database\BaseBuilder.php(1616): CodeIgniter\Database\BaseConnection->query('SELECT 1\nFROM `...', Array, false)
#4 C:\xampp2\htdocs\swafe\vendor\codeigniter4\framework\system\Validation\StrictRules\Rules.php(206): CodeIgniter\Database\BaseBuilder->get()
#5 C:\xampp2\htdocs\swafe\vendor\codeigniter4\framework\system\Validation\Validation.php(278): CodeIgniter\Validation\StrictRules\Rules->is_unique('018020', 'primary_phone_n...', Array, NULL, 'mobile')
#6 C:\xampp2\htdocs\swafe\vendor\codeigniter4\framework\system\Validation\Validation.php(182): CodeIgniter\Validation\Validation->processRules('mobile', 'Phone number', '018020', Array, Array)
#7 C:\xampp2\htdocs\swafe\vendor\codeigniter4\framework\system\Controller.php(141): CodeIgniter\Validation\Validation->run()
#8 C:\xampp2\htdocs\swafe\app\Controllers\User.php(111): CodeIgniter\Controller->validate(Array)
#9 C:\xampp2\htdocs\swafe\vendor\codeigniter4\framework\system\CodeIgniter.php(932): App\Controllers\User->create()
#10 C:\xampp2\htdocs\swafe\vendor\codeigniter4\framework\system\CodeIgniter.php(497): CodeIgniter\CodeIgniter->runController(Object(App\Controllers\User))
#11 C:\xampp2\htdocs\swafe\vendor\codeigniter4\framework\system\CodeIgniter.php(366): CodeIgniter\CodeIgniter->handleRequest(NULL, Object(Config\Cache), false)
#12 C:\xampp2\htdocs\swafe\public\index.php(67): CodeIgniter\CodeIgniter->run()
#13 C:\xampp2\htdocs\swafe\vendor\codeigniter4\framework\system\Commands\Server\rewrite.php(47): require_once('C:\\xampp2\\htdoc...')
#14 {main}
CRITICAL - 2023-08-16 09:57:15 --> Unknown column 'primary_phone_no' in 'where clause'
in SYSTEMPATH\Database\MySQLi\Connection.php on line 295.
 1 SYSTEMPATH\Database\MySQLi\Connection.php(295): mysqli->query('SELECT 1
FROM `sw_manpower`
WHERE `primary_phone_no` = \'018020\'
 LIMIT 1', 0)
 2 SYSTEMPATH\Database\BaseConnection.php(692): CodeIgniter\Database\MySQLi\Connection->execute('SELECT 1
FROM `sw_manpower`
WHERE `primary_phone_no` = \'018020\'
 LIMIT 1')
 3 SYSTEMPATH\Database\BaseConnection.php(606): CodeIgniter\Database\BaseConnection->simpleQuery('SELECT 1
FROM `sw_manpower`
WHERE `primary_phone_no` = \'018020\'
 LIMIT 1')
 4 SYSTEMPATH\Database\BaseBuilder.php(1616): CodeIgniter\Database\BaseConnection->query('SELECT 1
FROM `sw_manpower`
WHERE `primary_phone_no` = :primary_phone_no:
 LIMIT 1', [...], false)
 5 SYSTEMPATH\Validation\StrictRules\Rules.php(206): CodeIgniter\Database\BaseBuilder->get()
 6 SYSTEMPATH\Validation\Validation.php(278): CodeIgniter\Validation\StrictRules\Rules->is_unique('018020', 'primary_phone_no', [...], null, 'mobile')
 7 SYSTEMPATH\Validation\Validation.php(182): CodeIgniter\Validation\Validation->processRules('mobile', 'Phone number', '018020', [...], [...])
 8 SYSTEMPATH\Controller.php(141): CodeIgniter\Validation\Validation->run()
 9 APPPATH\Controllers\User.php(111): CodeIgniter\Controller->validate([...])
10 SYSTEMPATH\CodeIgniter.php(932): App\Controllers\User->create()
11 SYSTEMPATH\CodeIgniter.php(497): CodeIgniter\CodeIgniter->runController(Object(App\Controllers\User))
12 SYSTEMPATH\CodeIgniter.php(366): CodeIgniter\CodeIgniter->handleRequest(null, Object(Config\Cache), false)
13 FCPATH\index.php(67): CodeIgniter\CodeIgniter->run()
14 SYSTEMPATH\Commands\Server\rewrite.php(47): require_once('C:\\xampp2\\htdocs\\swafe\\public\\index.php')
INFO - 2023-08-16 09:58:00 --> Session: Class initialized using 'CodeIgniter\Session\Handlers\FileHandler' driver.
INFO - 2023-08-16 09:58:20 --> Session: Class initialized using 'CodeIgniter\Session\Handlers\FileHandler' driver.
INFO - 2023-08-16 09:59:44 --> Session: Class initialized using 'CodeIgniter\Session\Handlers\FileHandler' driver.
INFO - 2023-08-16 10:00:45 --> Session: Class initialized using 'CodeIgniter\Session\Handlers\FileHandler' driver.
INFO - 2023-08-16 10:01:23 --> Session: Class initialized using 'CodeIgniter\Session\Handlers\FileHandler' driver.
INFO - 2023-08-16 10:01:59 --> Session: Class initialized using 'CodeIgniter\Session\Handlers\FileHandler' driver.
INFO - 2023-08-16 10:02:03 --> Session: Class initialized using 'CodeIgniter\Session\Handlers\FileHandler' driver.
INFO - 2023-08-16 10:02:04 --> Session: Class initialized using 'CodeIgniter\Session\Handlers\FileHandler' driver.
INFO - 2023-08-16 10:02:42 --> Session: Class initialized using 'CodeIgniter\Session\Handlers\FileHandler' driver.
INFO - 2023-08-16 10:02:46 --> Session: Class initialized using 'CodeIgniter\Session\Handlers\FileHandler' driver.
INFO - 2023-08-16 10:02:55 --> Session: Class initialized using 'CodeIgniter\Session\Handlers\FileHandler' driver.
INFO - 2023-08-16 10:03:13 --> Session: Class initialized using 'CodeIgniter\Session\Handlers\FileHandler' driver.
INFO - 2023-08-16 10:03:14 --> Session: Class initialized using 'CodeIgniter\Session\Handlers\FileHandler' driver.
INFO - 2023-08-16 10:04:22 --> Session: Class initialized using 'CodeIgniter\Session\Handlers\FileHandler' driver.
INFO - 2023-08-16 10:05:47 --> Session: Class initialized using 'CodeIgniter\Session\Handlers\FileHandler' driver.
INFO - 2023-08-16 10:05:47 --> Session: Class initialized using 'CodeIgniter\Session\Handlers\FileHandler' driver.
INFO - 2023-08-16 10:05:47 --> Session: Class initialized using 'CodeIgniter\Session\Handlers\FileHandler' driver.
INFO - 2023-08-16 10:06:25 --> Session: Class initialized using 'CodeIgniter\Session\Handlers\FileHandler' driver.
INFO - 2023-08-16 10:06:25 --> Session: Class initialized using 'CodeIgniter\Session\Handlers\FileHandler' driver.
CRITICAL - 2023-08-16 10:06:25 --> Undefined property: stdClass::$image
in APPPATH\Views\dashboard\manpower\manpower-list.php on line 101.
 1 APPPATH\Views\dashboard\manpower\manpower-list.php(101): CodeIgniter\Debug\Exceptions->errorHandler(8, 'Undefined property: stdClass::$image', 'C:\\xampp2\\htdocs\\swafe\\app\\Views\\dashboard\\manpower\\manpower-list.php', 101, [...])
 2 SYSTEMPATH\View\View.php(224): include('C:\\xampp2\\htdocs\\swafe\\app\\Views\\dashboard\\manpower\\manpower-list.php')
 3 SYSTEMPATH\View\View.php(227): CodeIgniter\View\View->CodeIgniter\View\{closure}()
 4 SYSTEMPATH\Common.php(1176): CodeIgniter\View\View->render('dashboard/manpower/manpower-list', [], true)
 5 APPPATH\Controllers\User.php(208): view('dashboard/manpower/manpower-list', [...])
 6 SYSTEMPATH\CodeIgniter.php(932): App\Controllers\User->manpowerList()
 7 SYSTEMPATH\CodeIgniter.php(497): CodeIgniter\CodeIgniter->runController(Object(App\Controllers\User))
 8 SYSTEMPATH\CodeIgniter.php(366): CodeIgniter\CodeIgniter->handleRequest(null, Object(Config\Cache), false)
 9 FCPATH\index.php(67): CodeIgniter\CodeIgniter->run()
10 SYSTEMPATH\Commands\Server\rewrite.php(47): require_once('C:\\xampp2\\htdocs\\swafe\\public\\index.php')
INFO - 2023-08-16 10:07:37 --> Session: Class initialized using 'CodeIgniter\Session\Handlers\FileHandler' driver.
CRITICAL - 2023-08-16 10:07:37 --> Undefined property: stdClass::$package_name
in APPPATH\Views\dashboard\manpower\manpower-list.php on line 101.
 1 APPPATH\Views\dashboard\manpower\manpower-list.php(101): CodeIgniter\Debug\Exceptions->errorHandler(8, 'Undefined property: stdClass::$package_name', 'C:\\xampp2\\htdocs\\swafe\\app\\Views\\dashboard\\manpower\\manpower-list.php', 101, [...])
 2 SYSTEMPATH\View\View.php(224): include('C:\\xampp2\\htdocs\\swafe\\app\\Views\\dashboard\\manpower\\manpower-list.php')
 3 SYSTEMPATH\View\View.php(227): CodeIgniter\View\View->CodeIgniter\View\{closure}()
 4 SYSTEMPATH\Common.php(1176): CodeIgniter\View\View->render('dashboard/manpower/manpower-list', [], true)
 5 APPPATH\Controllers\User.php(208): view('dashboard/manpower/manpower-list', [...])
 6 SYSTEMPATH\CodeIgniter.php(932): App\Controllers\User->manpowerList()
 7 SYSTEMPATH\CodeIgniter.php(497): CodeIgniter\CodeIgniter->runController(Object(App\Controllers\User))
 8 SYSTEMPATH\CodeIgniter.php(366): CodeIgniter\CodeIgniter->handleRequest(null, Object(Config\Cache), false)
 9 FCPATH\index.php(67): CodeIgniter\CodeIgniter->run()
10 SYSTEMPATH\Commands\Server\rewrite.php(47): require_once('C:\\xampp2\\htdocs\\swafe\\public\\index.php')
INFO - 2023-08-16 10:07:52 --> Session: Class initialized using 'CodeIgniter\Session\Handlers\FileHandler' driver.
CRITICAL - 2023-08-16 10:07:52 --> Undefined property: stdClass::$phone
in APPPATH\Views\dashboard\manpower\manpower-list.php on line 103.
 1 APPPATH\Views\dashboard\manpower\manpower-list.php(103): CodeIgniter\Debug\Exceptions->errorHandler(8, 'Undefined property: stdClass::$phone', 'C:\\xampp2\\htdocs\\swafe\\app\\Views\\dashboard\\manpower\\manpower-list.php', 103, [...])
 2 SYSTEMPATH\View\View.php(224): include('C:\\xampp2\\htdocs\\swafe\\app\\Views\\dashboard\\manpower\\manpower-list.php')
 3 SYSTEMPATH\View\View.php(227): CodeIgniter\View\View->CodeIgniter\View\{closure}()
 4 SYSTEMPATH\Common.php(1176): CodeIgniter\View\View->render('dashboard/manpower/manpower-list', [], true)
 5 APPPATH\Controllers\User.php(208): view('dashboard/manpower/manpower-list', [...])
 6 SYSTEMPATH\CodeIgniter.php(932): App\Controllers\User->manpowerList()
 7 SYSTEMPATH\CodeIgniter.php(497): CodeIgniter\CodeIgniter->runController(Object(App\Controllers\User))
 8 SYSTEMPATH\CodeIgniter.php(366): CodeIgniter\CodeIgniter->handleRequest(null, Object(Config\Cache), false)
 9 FCPATH\index.php(67): CodeIgniter\CodeIgniter->run()
10 SYSTEMPATH\Commands\Server\rewrite.php(47): require_once('C:\\xampp2\\htdocs\\swafe\\public\\index.php')
INFO - 2023-08-16 10:08:04 --> Session: Class initialized using 'CodeIgniter\Session\Handlers\FileHandler' driver.
INFO - 2023-08-16 10:09:25 --> Session: Class initialized using 'CodeIgniter\Session\Handlers\FileHandler' driver.
CRITICAL - 2023-08-16 10:09:26 --> Undefined property: stdClass::$name
in APPPATH\Views\dashboard\manpower\manpower-list.php on line 101.
 1 APPPATH\Views\dashboard\manpower\manpower-list.php(101): CodeIgniter\Debug\Exceptions->errorHandler(8, 'Undefined property: stdClass::$name', 'C:\\xampp2\\htdocs\\swafe\\app\\Views\\dashboard\\manpower\\manpower-list.php', 101, [...])
 2 SYSTEMPATH\View\View.php(224): include('C:\\xampp2\\htdocs\\swafe\\app\\Views\\dashboard\\manpower\\manpower-list.php')
 3 SYSTEMPATH\View\View.php(227): CodeIgniter\View\View->CodeIgniter\View\{closure}()
 4 SYSTEMPATH\Common.php(1176): CodeIgniter\View\View->render('dashboard/manpower/manpower-list', [], true)
 5 APPPATH\Controllers\User.php(208): view('dashboard/manpower/manpower-list', [...])
 6 SYSTEMPATH\CodeIgniter.php(932): App\Controllers\User->manpowerList()
 7 SYSTEMPATH\CodeIgniter.php(497): CodeIgniter\CodeIgniter->runController(Object(App\Controllers\User))
 8 SYSTEMPATH\CodeIgniter.php(366): CodeIgniter\CodeIgniter->handleRequest(null, Object(Config\Cache), false)
 9 FCPATH\index.php(67): CodeIgniter\CodeIgniter->run()
10 SYSTEMPATH\Commands\Server\rewrite.php(47): require_once('C:\\xampp2\\htdocs\\swafe\\public\\index.php')
INFO - 2023-08-16 10:09:37 --> Session: Class initialized using 'CodeIgniter\Session\Handlers\FileHandler' driver.
INFO - 2023-08-16 10:11:28 --> Session: Class initialized using 'CodeIgniter\Session\Handlers\FileHandler' driver.
INFO - 2023-08-16 10:11:44 --> Session: Class initialized using 'CodeIgniter\Session\Handlers\FileHandler' driver.
INFO - 2023-08-16 10:11:44 --> Session: Class initialized using 'CodeIgniter\Session\Handlers\FileHandler' driver.
INFO - 2023-08-16 10:11:55 --> Session: Class initialized using 'CodeIgniter\Session\Handlers\FileHandler' driver.
INFO - 2023-08-16 10:12:47 --> Session: Class initialized using 'CodeIgniter\Session\Handlers\FileHandler' driver.
INFO - 2023-08-16 10:12:54 --> Session: Class initialized using 'CodeIgniter\Session\Handlers\FileHandler' driver.
INFO - 2023-08-16 10:13:52 --> Session: Class initialized using 'CodeIgniter\Session\Handlers\FileHandler' driver.
INFO - 2023-08-16 10:14:07 --> Session: Class initialized using 'CodeIgniter\Session\Handlers\FileHandler' driver.
INFO - 2023-08-16 10:14:22 --> Session: Class initialized using 'CodeIgniter\Session\Handlers\FileHandler' driver.
INFO - 2023-08-16 10:14:26 --> Session: Class initialized using 'CodeIgniter\Session\Handlers\FileHandler' driver.
INFO - 2023-08-16 10:27:26 --> Session: Class initialized using 'CodeIgniter\Session\Handlers\FileHandler' driver.
INFO - 2023-08-16 10:28:05 --> Session: Class initialized using 'CodeIgniter\Session\Handlers\FileHandler' driver.
INFO - 2023-08-16 10:28:06 --> Session: Class initialized using 'CodeIgniter\Session\Handlers\FileHandler' driver.
INFO - 2023-08-16 10:28:29 --> Session: Class initialized using 'CodeIgniter\Session\Handlers\FileHandler' driver.
INFO - 2023-08-16 10:28:35 --> Session: Class initialized using 'CodeIgniter\Session\Handlers\FileHandler' driver.
INFO - 2023-08-16 10:30:09 --> Session: Class initialized using 'CodeIgniter\Session\Handlers\FileHandler' driver.
INFO - 2023-08-16 10:30:15 --> Session: Class initialized using 'CodeIgniter\Session\Handlers\FileHandler' driver.
INFO - 2023-08-16 10:35:51 --> Session: Class initialized using 'CodeIgniter\Session\Handlers\FileHandler' driver.
CRITICAL - 2023-08-16 10:35:51 --> Undefined variable: trainerId
in APPPATH\Controllers\User.php on line 221.
 1 APPPATH\Controllers\User.php(221): CodeIgniter\Debug\Exceptions->errorHandler(8, 'Undefined variable: trainerId', 'C:\\xampp2\\htdocs\\swafe\\app\\Controllers\\User.php', 221, [])
 2 SYSTEMPATH\CodeIgniter.php(932): App\Controllers\User->manpEdit('MmdGaDgrN2R6L255R0dBL1Q2Q1djUT09')
 3 SYSTEMPATH\CodeIgniter.php(497): CodeIgniter\CodeIgniter->runController(Object(App\Controllers\User))
 4 SYSTEMPATH\CodeIgniter.php(366): CodeIgniter\CodeIgniter->handleRequest(null, Object(Config\Cache), false)
 5 FCPATH\index.php(67): CodeIgniter\CodeIgniter->run()
 6 SYSTEMPATH\Commands\Server\rewrite.php(47): require_once('C:\\xampp2\\htdocs\\swafe\\public\\index.php')
INFO - 2023-08-16 10:36:38 --> Session: Class initialized using 'CodeIgniter\Session\Handlers\FileHandler' driver.
CRITICAL - 2023-08-16 10:36:38 --> Undefined variable: services
in APPPATH\Views\dashboard\trainer\add-trainer.php on line 132.
 1 APPPATH\Views\dashboard\trainer\add-trainer.php(132): CodeIgniter\Debug\Exceptions->errorHandler(8, 'Undefined variable: services', 'C:\\xampp2\\htdocs\\swafe\\app\\Views\\dashboard\\trainer\\add-trainer.php', 132, [...])
 2 SYSTEMPATH\View\View.php(224): include('C:\\xampp2\\htdocs\\swafe\\app\\Views\\dashboard\\trainer\\add-trainer.php')
 3 SYSTEMPATH\View\View.php(227): CodeIgniter\View\View->CodeIgniter\View\{closure}()
 4 SYSTEMPATH\Common.php(1176): CodeIgniter\View\View->render('dashboard/trainer/add-trainer', [], true)
 5 APPPATH\Controllers\User.php(225): view('dashboard/trainer/add-trainer', [...])
 6 SYSTEMPATH\CodeIgniter.php(932): App\Controllers\User->manpEdit('6')
 7 SYSTEMPATH\CodeIgniter.php(497): CodeIgniter\CodeIgniter->runController(Object(App\Controllers\User))
 8 SYSTEMPATH\CodeIgniter.php(366): CodeIgniter\CodeIgniter->handleRequest(null, Object(Config\Cache), false)
 9 FCPATH\index.php(67): CodeIgniter\CodeIgniter->run()
10 SYSTEMPATH\Commands\Server\rewrite.php(47): require_once('C:\\xampp2\\htdocs\\swafe\\public\\index.php')
INFO - 2023-08-16 10:37:10 --> Session: Class initialized using 'CodeIgniter\Session\Handlers\FileHandler' driver.
CRITICAL - 2023-08-16 10:37:11 --> Invalid file: "dashboard/trainer/add-manpower.php"
in SYSTEMPATH\Exceptions\FrameworkException.php on line 33.
 1 SYSTEMPATH\View\View.php(212): CodeIgniter\Exceptions\FrameworkException::forInvalidFile('dashboard/trainer/add-manpower.php')
 2 SYSTEMPATH\Common.php(1176): CodeIgniter\View\View->render('dashboard/trainer/add-manpower', [], true)
 3 APPPATH\Controllers\User.php(225): view('dashboard/trainer/add-manpower', [...])
 4 SYSTEMPATH\CodeIgniter.php(932): App\Controllers\User->manpEdit('6')
 5 SYSTEMPATH\CodeIgniter.php(497): CodeIgniter\CodeIgniter->runController(Object(App\Controllers\User))
 6 SYSTEMPATH\CodeIgniter.php(366): CodeIgniter\CodeIgniter->handleRequest(null, Object(Config\Cache), false)
 7 FCPATH\index.php(67): CodeIgniter\CodeIgniter->run()
 8 SYSTEMPATH\Commands\Server\rewrite.php(47): require_once('C:\\xampp2\\htdocs\\swafe\\public\\index.php')
INFO - 2023-08-16 10:37:20 --> Session: Class initialized using 'CodeIgniter\Session\Handlers\FileHandler' driver.
CRITICAL - 2023-08-16 10:37:20 --> Undefined variable: roles
in APPPATH\Views\dashboard\manpower\add-manpower.php on line 126.
 1 APPPATH\Views\dashboard\manpower\add-manpower.php(126): CodeIgniter\Debug\Exceptions->errorHandler(8, 'Undefined variable: roles', 'C:\\xampp2\\htdocs\\swafe\\app\\Views\\dashboard\\manpower\\add-manpower.php', 126, [...])
 2 SYSTEMPATH\View\View.php(224): include('C:\\xampp2\\htdocs\\swafe\\app\\Views\\dashboard\\manpower\\add-manpower.php')
 3 SYSTEMPATH\View\View.php(227): CodeIgniter\View\View->CodeIgniter\View\{closure}()
 4 SYSTEMPATH\Common.php(1176): CodeIgniter\View\View->render('dashboard/manpower/add-manpower', [], true)
 5 APPPATH\Controllers\User.php(225): view('dashboard/manpower/add-manpower', [...])
 6 SYSTEMPATH\CodeIgniter.php(932): App\Controllers\User->manpEdit('6')
 7 SYSTEMPATH\CodeIgniter.php(497): CodeIgniter\CodeIgniter->runController(Object(App\Controllers\User))
 8 SYSTEMPATH\CodeIgniter.php(366): CodeIgniter\CodeIgniter->handleRequest(null, Object(Config\Cache), false)
 9 FCPATH\index.php(67): CodeIgniter\CodeIgniter->run()
10 SYSTEMPATH\Commands\Server\rewrite.php(47): require_once('C:\\xampp2\\htdocs\\swafe\\public\\index.php')
INFO - 2023-08-16 10:38:09 --> Session: Class initialized using 'CodeIgniter\Session\Handlers\FileHandler' driver.
INFO - 2023-08-16 10:39:44 --> Session: Class initialized using 'CodeIgniter\Session\Handlers\FileHandler' driver.
INFO - 2023-08-16 10:39:50 --> Session: Class initialized using 'CodeIgniter\Session\Handlers\FileHandler' driver.
INFO - 2023-08-16 10:39:55 --> Session: Class initialized using 'CodeIgniter\Session\Handlers\FileHandler' driver.
INFO - 2023-08-16 10:40:20 --> Session: Class initialized using 'CodeIgniter\Session\Handlers\FileHandler' driver.
INFO - 2023-08-16 10:40:45 --> Session: Class initialized using 'CodeIgniter\Session\Handlers\FileHandler' driver.
INFO - 2023-08-16 10:41:08 --> Session: Class initialized using 'CodeIgniter\Session\Handlers\FileHandler' driver.
INFO - 2023-08-16 10:41:28 --> Session: Class initialized using 'CodeIgniter\Session\Handlers\FileHandler' driver.
INFO - 2023-08-16 10:41:49 --> Session: Class initialized using 'CodeIgniter\Session\Handlers\FileHandler' driver.
INFO - 2023-08-16 10:42:26 --> Session: Class initialized using 'CodeIgniter\Session\Handlers\FileHandler' driver.
INFO - 2023-08-16 11:01:58 --> Session: Class initialized using 'CodeIgniter\Session\Handlers\FileHandler' driver.
INFO - 2023-08-16 11:02:12 --> Session: Class initialized using 'CodeIgniter\Session\Handlers\FileHandler' driver.
INFO - 2023-08-16 11:02:17 --> Session: Class initialized using 'CodeIgniter\Session\Handlers\FileHandler' driver.
INFO - 2023-08-16 11:02:27 --> Session: Class initialized using 'CodeIgniter\Session\Handlers\FileHandler' driver.
INFO - 2023-08-16 11:02:56 --> Session: Class initialized using 'CodeIgniter\Session\Handlers\FileHandler' driver.
INFO - 2023-08-16 11:03:12 --> Session: Class initialized using 'CodeIgniter\Session\Handlers\FileHandler' driver.
INFO - 2023-08-16 11:03:28 --> Session: Class initialized using 'CodeIgniter\Session\Handlers\FileHandler' driver.
CRITICAL - 2023-08-16 11:03:28 --> Call to undefined method CodeIgniter\Database\MySQLi\Connection::getInsertID()
in APPPATH\Controllers\User.php on line 171.
 1 SYSTEMPATH\CodeIgniter.php(932): App\Controllers\User->create()
 2 SYSTEMPATH\CodeIgniter.php(497): CodeIgniter\CodeIgniter->runController(Object(App\Controllers\User))
 3 SYSTEMPATH\CodeIgniter.php(366): CodeIgniter\CodeIgniter->handleRequest(null, Object(Config\Cache), false)
 4 FCPATH\index.php(67): CodeIgniter\CodeIgniter->run()
 5 SYSTEMPATH\Commands\Server\rewrite.php(47): require_once('C:\\xampp2\\htdocs\\swafe\\public\\index.php')
INFO - 2023-08-16 11:07:45 --> Session: Class initialized using 'CodeIgniter\Session\Handlers\FileHandler' driver.
INFO - 2023-08-16 11:08:09 --> Session: Class initialized using 'CodeIgniter\Session\Handlers\FileHandler' driver.
INFO - 2023-08-16 11:08:20 --> Session: Class initialized using 'CodeIgniter\Session\Handlers\FileHandler' driver.
INFO - 2023-08-16 11:08:25 --> Session: Class initialized using 'CodeIgniter\Session\Handlers\FileHandler' driver.
CRITICAL - 2023-08-16 11:08:25 --> Call to undefined method CodeIgniter\Database\MySQLi\Connection::getInsertID()
in APPPATH\Controllers\User.php on line 172.
 1 SYSTEMPATH\CodeIgniter.php(932): App\Controllers\User->create()
 2 SYSTEMPATH\CodeIgniter.php(497): CodeIgniter\CodeIgniter->runController(Object(App\Controllers\User))
 3 SYSTEMPATH\CodeIgniter.php(366): CodeIgniter\CodeIgniter->handleRequest(null, Object(Config\Cache), false)
 4 FCPATH\index.php(67): CodeIgniter\CodeIgniter->run()
 5 SYSTEMPATH\Commands\Server\rewrite.php(47): require_once('C:\\xampp2\\htdocs\\swafe\\public\\index.php')
INFO - 2023-08-16 11:08:56 --> Session: Class initialized using 'CodeIgniter\Session\Handlers\FileHandler' driver.
INFO - 2023-08-16 11:17:06 --> Session: Class initialized using 'CodeIgniter\Session\Handlers\FileHandler' driver.
INFO - 2023-08-16 11:17:29 --> Session: Class initialized using 'CodeIgniter\Session\Handlers\FileHandler' driver.
INFO - 2023-08-16 11:17:29 --> Session: Class initialized using 'CodeIgniter\Session\Handlers\FileHandler' driver.
INFO - 2023-08-16 11:23:35 --> Session: Class initialized using 'CodeIgniter\Session\Handlers\FileHandler' driver.
INFO - 2023-08-16 11:24:12 --> Session: Class initialized using 'CodeIgniter\Session\Handlers\FileHandler' driver.
INFO - 2023-08-16 11:24:18 --> Session: Class initialized using 'CodeIgniter\Session\Handlers\FileHandler' driver.
INFO - 2023-08-16 11:24:19 --> Session: Class initialized using 'CodeIgniter\Session\Handlers\FileHandler' driver.
INFO - 2023-08-16 11:29:27 --> Session: Class initialized using 'CodeIgniter\Session\Handlers\FileHandler' driver.
INFO - 2023-08-16 11:29:38 --> Session: Class initialized using 'CodeIgniter\Session\Handlers\FileHandler' driver.
INFO - 2023-08-16 11:29:54 --> Session: Class initialized using 'CodeIgniter\Session\Handlers\FileHandler' driver.
INFO - 2023-08-16 11:29:58 --> Session: Class initialized using 'CodeIgniter\Session\Handlers\FileHandler' driver.
INFO - 2023-08-16 11:30:25 --> Session: Class initialized using 'CodeIgniter\Session\Handlers\FileHandler' driver.
INFO - 2023-08-16 11:30:33 --> Session: Class initialized using 'CodeIgniter\Session\Handlers\FileHandler' driver.
INFO - 2023-08-16 11:30:45 --> Session: Class initialized using 'CodeIgniter\Session\Handlers\FileHandler' driver.
INFO - 2023-08-16 11:30:45 --> Session: Class initialized using 'CodeIgniter\Session\Handlers\FileHandler' driver.
INFO - 2023-08-16 11:31:06 --> Session: Class initialized using 'CodeIgniter\Session\Handlers\FileHandler' driver.
INFO - 2023-08-16 11:31:10 --> Session: Class initialized using 'CodeIgniter\Session\Handlers\FileHandler' driver.
INFO - 2023-08-16 11:32:58 --> Session: Class initialized using 'CodeIgniter\Session\Handlers\FileHandler' driver.
INFO - 2023-08-16 11:33:14 --> Session: Class initialized using 'CodeIgniter\Session\Handlers\FileHandler' driver.
INFO - 2023-08-16 11:33:31 --> Session: Class initialized using 'CodeIgniter\Session\Handlers\FileHandler' driver.
INFO - 2023-08-16 11:33:37 --> Session: Class initialized using 'CodeIgniter\Session\Handlers\FileHandler' driver.
INFO - 2023-08-16 11:33:38 --> Session: Class initialized using 'CodeIgniter\Session\Handlers\FileHandler' driver.
INFO - 2023-08-16 11:34:02 --> Session: Class initialized using 'CodeIgniter\Session\Handlers\FileHandler' driver.
INFO - 2023-08-16 11:45:31 --> Session: Class initialized using 'CodeIgniter\Session\Handlers\FileHandler' driver.
INFO - 2023-08-16 11:45:31 --> Session: Class initialized using 'CodeIgniter\Session\Handlers\FileHandler' driver.
INFO - 2023-08-16 11:46:10 --> Session: Class initialized using 'CodeIgniter\Session\Handlers\FileHandler' driver.
INFO - 2023-08-16 11:46:15 --> Session: Class initialized using 'CodeIgniter\Session\Handlers\FileHandler' driver.
INFO - 2023-08-16 11:46:21 --> Session: Class initialized using 'CodeIgniter\Session\Handlers\FileHandler' driver.
INFO - 2023-08-16 11:46:27 --> Session: Class initialized using 'CodeIgniter\Session\Handlers\FileHandler' driver.
INFO - 2023-08-16 11:46:35 --> Session: Class initialized using 'CodeIgniter\Session\Handlers\FileHandler' driver.
INFO - 2023-08-16 11:46:42 --> Session: Class initialized using 'CodeIgniter\Session\Handlers\FileHandler' driver.
INFO - 2023-08-16 11:46:57 --> Session: Class initialized using 'CodeIgniter\Session\Handlers\FileHandler' driver.
INFO - 2023-08-16 11:47:44 --> Session: Class initialized using 'CodeIgniter\Session\Handlers\FileHandler' driver.
INFO - 2023-08-16 11:48:10 --> Session: Class initialized using 'CodeIgniter\Session\Handlers\FileHandler' driver.
INFO - 2023-08-16 11:48:37 --> Session: Class initialized using 'CodeIgniter\Session\Handlers\FileHandler' driver.
INFO - 2023-08-16 11:49:02 --> Session: Class initialized using 'CodeIgniter\Session\Handlers\FileHandler' driver.
INFO - 2023-08-16 11:49:14 --> Session: Class initialized using 'CodeIgniter\Session\Handlers\FileHandler' driver.
INFO - 2023-08-16 11:49:19 --> Session: Class initialized using 'CodeIgniter\Session\Handlers\FileHandler' driver.
INFO - 2023-08-16 11:49:32 --> Session: Class initialized using 'CodeIgniter\Session\Handlers\FileHandler' driver.
INFO - 2023-08-16 11:49:58 --> Session: Class initialized using 'CodeIgniter\Session\Handlers\FileHandler' driver.
INFO - 2023-08-16 11:50:19 --> Session: Class initialized using 'CodeIgniter\Session\Handlers\FileHandler' driver.
INFO - 2023-08-16 11:50:50 --> Session: Class initialized using 'CodeIgniter\Session\Handlers\FileHandler' driver.
INFO - 2023-08-16 11:51:52 --> Session: Class initialized using 'CodeIgniter\Session\Handlers\FileHandler' driver.
INFO - 2023-08-16 11:51:58 --> Session: Class initialized using 'CodeIgniter\Session\Handlers\FileHandler' driver.
INFO - 2023-08-16 11:52:07 --> Session: Class initialized using 'CodeIgniter\Session\Handlers\FileHandler' driver.
INFO - 2023-08-16 11:53:59 --> Session: Class initialized using 'CodeIgniter\Session\Handlers\FileHandler' driver.
INFO - 2023-08-16 12:01:33 --> Session: Class initialized using 'CodeIgniter\Session\Handlers\FileHandler' driver.
CRITICAL - 2023-08-16 12:01:33 --> syntax error, unexpected 'catch' (T_CATCH)
in APPPATH\Controllers\User.php on line 194.
 1 SYSTEMPATH\Autoloader\Autoloader.php(291): CodeIgniter\Autoloader\Autoloader->includeFile('C:\\xampp2\\htdocs\\swafe\\app\\Controllers\\User.php')
 2 SYSTEMPATH\Autoloader\Autoloader.php(269): CodeIgniter\Autoloader\Autoloader->loadInNamespace('App\\Controllers\\User')
 3 [internal function]: CodeIgniter\Autoloader\Autoloader->loadClass('App\\Controllers\\User')
 4 [internal function]: spl_autoload_call('App\\Controllers\\User')
 5 SYSTEMPATH\CodeIgniter.php(890): class_exists('\\App\\Controllers\\User', true)
 6 SYSTEMPATH\CodeIgniter.php(484): CodeIgniter\CodeIgniter->startController()
 7 SYSTEMPATH\CodeIgniter.php(366): CodeIgniter\CodeIgniter->handleRequest(null, Object(Config\Cache), false)
 8 FCPATH\index.php(67): CodeIgniter\CodeIgniter->run()
 9 SYSTEMPATH\Commands\Server\rewrite.php(47): require_once('C:\\xampp2\\htdocs\\swafe\\public\\index.php')
INFO - 2023-08-16 12:03:17 --> Session: Class initialized using 'CodeIgniter\Session\Handlers\FileHandler' driver.
INFO - 2023-08-16 12:03:50 --> Session: Class initialized using 'CodeIgniter\Session\Handlers\FileHandler' driver.
INFO - 2023-08-16 12:04:03 --> Session: Class initialized using 'CodeIgniter\Session\Handlers\FileHandler' driver.
INFO - 2023-08-16 12:04:56 --> Session: Class initialized using 'CodeIgniter\Session\Handlers\FileHandler' driver.
INFO - 2023-08-16 12:05:14 --> Session: Class initialized using 'CodeIgniter\Session\Handlers\FileHandler' driver.
INFO - 2023-08-16 12:05:51 --> Session: Class initialized using 'CodeIgniter\Session\Handlers\FileHandler' driver.
INFO - 2023-08-16 12:06:45 --> Session: Class initialized using 'CodeIgniter\Session\Handlers\FileHandler' driver.
INFO - 2023-08-16 12:08:13 --> Session: Class initialized using 'CodeIgniter\Session\Handlers\FileHandler' driver.
INFO - 2023-08-16 12:08:20 --> Session: Class initialized using 'CodeIgniter\Session\Handlers\FileHandler' driver.
INFO - 2023-08-16 12:08:24 --> Session: Class initialized using 'CodeIgniter\Session\Handlers\FileHandler' driver.
INFO - 2023-08-16 12:09:23 --> Session: Class initialized using 'CodeIgniter\Session\Handlers\FileHandler' driver.
INFO - 2023-08-16 12:09:26 --> Session: Class initialized using 'CodeIgniter\Session\Handlers\FileHandler' driver.
INFO - 2023-08-16 12:09:32 --> Session: Class initialized using 'CodeIgniter\Session\Handlers\FileHandler' driver.
INFO - 2023-08-16 12:10:27 --> Session: Class initialized using 'CodeIgniter\Session\Handlers\FileHandler' driver.
INFO - 2023-08-16 12:10:35 --> Session: Class initialized using 'CodeIgniter\Session\Handlers\FileHandler' driver.
INFO - 2023-08-16 12:11:07 --> Session: Class initialized using 'CodeIgniter\Session\Handlers\FileHandler' driver.
INFO - 2023-08-16 12:11:19 --> Session: Class initialized using 'CodeIgniter\Session\Handlers\FileHandler' driver.
INFO - 2023-08-16 12:12:07 --> Session: Class initialized using 'CodeIgniter\Session\Handlers\FileHandler' driver.
INFO - 2023-08-16 12:12:26 --> Session: Class initialized using 'CodeIgniter\Session\Handlers\FileHandler' driver.
INFO - 2023-08-16 12:13:40 --> Session: Class initialized using 'CodeIgniter\Session\Handlers\FileHandler' driver.
INFO - 2023-08-16 12:13:45 --> Session: Class initialized using 'CodeIgniter\Session\Handlers\FileHandler' driver.
INFO - 2023-08-16 12:14:05 --> Session: Class initialized using 'CodeIgniter\Session\Handlers\FileHandler' driver.
INFO - 2023-08-16 12:14:05 --> Session: Class initialized using 'CodeIgniter\Session\Handlers\FileHandler' driver.
INFO - 2023-08-16 12:14:11 --> Session: Class initialized using 'CodeIgniter\Session\Handlers\FileHandler' driver.
INFO - 2023-08-16 12:14:19 --> Session: Class initialized using 'CodeIgniter\Session\Handlers\FileHandler' driver.
INFO - 2023-08-16 12:16:39 --> Session: Class initialized using 'CodeIgniter\Session\Handlers\FileHandler' driver.
INFO - 2023-08-16 12:17:41 --> Session: Class initialized using 'CodeIgniter\Session\Handlers\FileHandler' driver.
INFO - 2023-08-16 12:17:55 --> Session: Class initialized using 'CodeIgniter\Session\Handlers\FileHandler' driver.
ERROR - 2023-08-16 12:17:55 --> mysqli_sql_exception: Duplicate entry '09990500533-afreenansari1998@gmail.com' for key 'primary_phone_no' in C:\xampp2\htdocs\swafe\vendor\codeigniter4\framework\system\Database\MySQLi\Connection.php:295
Stack trace:
#0 C:\xampp2\htdocs\swafe\vendor\codeigniter4\framework\system\Database\MySQLi\Connection.php(295): mysqli->query('INSERT INTO `sw...', 0)
#1 C:\xampp2\htdocs\swafe\vendor\codeigniter4\framework\system\Database\BaseConnection.php(692): CodeIgniter\Database\MySQLi\Connection->execute('INSERT INTO `sw...')
#2 C:\xampp2\htdocs\swafe\vendor\codeigniter4\framework\system\Database\BaseConnection.php(606): CodeIgniter\Database\BaseConnection->simpleQuery('INSERT INTO `sw...')
#3 C:\xampp2\htdocs\swafe\vendor\codeigniter4\framework\system\Database\BaseBuilder.php(2309): CodeIgniter\Database\BaseConnection->query('INSERT INTO `sw...', Array, false)
#4 C:\xampp2\htdocs\swafe\app\Helpers\query_helper.php(209): CodeIgniter\Database\BaseBuilder->insert(Array)
#5 C:\xampp2\htdocs\swafe\app\Controllers\User.php(157): _insert('sw_roles', Array)
#6 C:\xampp2\htdocs\swafe\vendor\codeigniter4\framework\system\CodeIgniter.php(932): App\Controllers\User->create()
#7 C:\xampp2\htdocs\swafe\vendor\codeigniter4\framework\system\CodeIgniter.php(497): CodeIgniter\CodeIgniter->runController(Object(App\Controllers\User))
#8 C:\xampp2\htdocs\swafe\vendor\codeigniter4\framework\system\CodeIgniter.php(366): CodeIgniter\CodeIgniter->handleRequest(NULL, Object(Config\Cache), false)
#9 C:\xampp2\htdocs\swafe\public\index.php(67): CodeIgniter\CodeIgniter->run()
#10 C:\xampp2\htdocs\swafe\vendor\codeigniter4\framework\system\Commands\Server\rewrite.php(47): require_once('C:\\xampp2\\htdoc...')
#11 {main}
CRITICAL - 2023-08-16 12:17:55 --> Duplicate entry '09990500533-afreenansari1998@gmail.com' for key 'primary_phone_no'
in SYSTEMPATH\Database\MySQLi\Connection.php on line 295.
 1 SYSTEMPATH\Database\MySQLi\Connection.php(295): mysqli->query('INSERT INTO `sw_roles` (`first_name`, `email`, `primary_phone_no`, `role_id`, `password`, `profile_photo`, `created_at`, `updated_at`) VALUES (\'Afr\', \'afreenansari1998@gmail.com\', \'09990500533\', \'19\', \'WGtaL1FhenFSRWhhUmduUUJaajNoZz09\', NULL, \'2023-08-16 12:17:55\', \'2023-08-16 12:17:55\')', 0)
 2 SYSTEMPATH\Database\BaseConnection.php(692): CodeIgniter\Database\MySQLi\Connection->execute('INSERT INTO `sw_roles` (`first_name`, `email`, `primary_phone_no`, `role_id`, `password`, `profile_photo`, `created_at`, `updated_at`) VALUES (\'Afr\', \'afreenansari1998@gmail.com\', \'09990500533\', \'19\', \'WGtaL1FhenFSRWhhUmduUUJaajNoZz09\', NULL, \'2023-08-16 12:17:55\', \'2023-08-16 12:17:55\')')
 3 SYSTEMPATH\Database\BaseConnection.php(606): CodeIgniter\Database\BaseConnection->simpleQuery('INSERT INTO `sw_roles` (`first_name`, `email`, `primary_phone_no`, `role_id`, `password`, `profile_photo`, `created_at`, `updated_at`) VALUES (\'Afr\', \'afreenansari1998@gmail.com\', \'09990500533\', \'19\', \'WGtaL1FhenFSRWhhUmduUUJaajNoZz09\', NULL, \'2023-08-16 12:17:55\', \'2023-08-16 12:17:55\')')
 4 SYSTEMPATH\Database\BaseBuilder.php(2309): CodeIgniter\Database\BaseConnection->query('INSERT INTO `sw_roles` (`first_name`, `email`, `primary_phone_no`, `role_id`, `password`, `profile_photo`, `created_at`, `updated_at`) VALUES (:first_name :, :email:, :primary_phone_no:, :role_id:, :password:, :profile_photo:, :created_at:, :updated_at:)', [...], false)
 5 APPPATH\Helpers\query_helper.php(209): CodeIgniter\Database\BaseBuilder->insert([...])
 6 APPPATH\Controllers\User.php(157): _insert('sw_roles', [...])
 7 SYSTEMPATH\CodeIgniter.php(932): App\Controllers\User->create()
 8 SYSTEMPATH\CodeIgniter.php(497): CodeIgniter\CodeIgniter->runController(Object(App\Controllers\User))
 9 SYSTEMPATH\CodeIgniter.php(366): CodeIgniter\CodeIgniter->handleRequest(null, Object(Config\Cache), false)
10 FCPATH\index.php(67): CodeIgniter\CodeIgniter->run()
11 SYSTEMPATH\Commands\Server\rewrite.php(47): require_once('C:\\xampp2\\htdocs\\swafe\\public\\index.php')
INFO - 2023-08-16 12:18:58 --> Session: Class initialized using 'CodeIgniter\Session\Handlers\FileHandler' driver.
ERROR - 2023-08-16 12:18:58 --> mysqli_sql_exception: Duplicate entry '09990500533-afreenansari1998@gmail.com' for key 'primary_phone_no' in C:\xampp2\htdocs\swafe\vendor\codeigniter4\framework\system\Database\MySQLi\Connection.php:295
Stack trace:
#0 C:\xampp2\htdocs\swafe\vendor\codeigniter4\framework\system\Database\MySQLi\Connection.php(295): mysqli->query('INSERT INTO `sw...', 0)
#1 C:\xampp2\htdocs\swafe\vendor\codeigniter4\framework\system\Database\BaseConnection.php(692): CodeIgniter\Database\MySQLi\Connection->execute('INSERT INTO `sw...')
#2 C:\xampp2\htdocs\swafe\vendor\codeigniter4\framework\system\Database\BaseConnection.php(606): CodeIgniter\Database\BaseConnection->simpleQuery('INSERT INTO `sw...')
#3 C:\xampp2\htdocs\swafe\vendor\codeigniter4\framework\system\Database\BaseBuilder.php(2309): CodeIgniter\Database\BaseConnection->query('INSERT INTO `sw...', Array, false)
#4 C:\xampp2\htdocs\swafe\app\Helpers\query_helper.php(209): CodeIgniter\Database\BaseBuilder->insert(Array)
#5 C:\xampp2\htdocs\swafe\app\Controllers\User.php(157): _insert('sw_roles', Array)
#6 C:\xampp2\htdocs\swafe\vendor\codeigniter4\framework\system\CodeIgniter.php(932): App\Controllers\User->create()
#7 C:\xampp2\htdocs\swafe\vendor\codeigniter4\framework\system\CodeIgniter.php(497): CodeIgniter\CodeIgniter->runController(Object(App\Controllers\User))
#8 C:\xampp2\htdocs\swafe\vendor\codeigniter4\framework\system\CodeIgniter.php(366): CodeIgniter\CodeIgniter->handleRequest(NULL, Object(Config\Cache), false)
#9 C:\xampp2\htdocs\swafe\public\index.php(67): CodeIgniter\CodeIgniter->run()
#10 C:\xampp2\htdocs\swafe\vendor\codeigniter4\framework\system\Commands\Server\rewrite.php(47): require_once('C:\\xampp2\\htdoc...')
#11 {main}
CRITICAL - 2023-08-16 12:18:58 --> Duplicate entry '09990500533-afreenansari1998@gmail.com' for key 'primary_phone_no'
in SYSTEMPATH\Database\MySQLi\Connection.php on line 295.
 1 SYSTEMPATH\Database\MySQLi\Connection.php(295): mysqli->query('INSERT INTO `sw_roles` (`first_name`, `email`, `primary_phone_no`, `role_id`, `password`, `profile_photo`, `created_at`, `updated_at`) VALUES (\'Afr\', \'afreenansari1998@gmail.com\', \'09990500533\', \'19\', \'WGtaL1FhenFSRWhhUmduUUJaajNoZz09\', NULL, \'2023-08-16 12:18:58\', \'2023-08-16 12:18:58\')', 0)
 2 SYSTEMPATH\Database\BaseConnection.php(692): CodeIgniter\Database\MySQLi\Connection->execute('INSERT INTO `sw_roles` (`first_name`, `email`, `primary_phone_no`, `role_id`, `password`, `profile_photo`, `created_at`, `updated_at`) VALUES (\'Afr\', \'afreenansari1998@gmail.com\', \'09990500533\', \'19\', \'WGtaL1FhenFSRWhhUmduUUJaajNoZz09\', NULL, \'2023-08-16 12:18:58\', \'2023-08-16 12:18:58\')')
 3 SYSTEMPATH\Database\BaseConnection.php(606): CodeIgniter\Database\BaseConnection->simpleQuery('INSERT INTO `sw_roles` (`first_name`, `email`, `primary_phone_no`, `role_id`, `password`, `profile_photo`, `created_at`, `updated_at`) VALUES (\'Afr\', \'afreenansari1998@gmail.com\', \'09990500533\', \'19\', \'WGtaL1FhenFSRWhhUmduUUJaajNoZz09\', NULL, \'2023-08-16 12:18:58\', \'2023-08-16 12:18:58\')')
 4 SYSTEMPATH\Database\BaseBuilder.php(2309): CodeIgniter\Database\BaseConnection->query('INSERT INTO `sw_roles` (`first_name`, `email`, `primary_phone_no`, `role_id`, `password`, `profile_photo`, `created_at`, `updated_at`) VALUES (:first_name :, :email:, :primary_phone_no:, :role_id:, :password:, :profile_photo:, :created_at:, :updated_at:)', [...], false)
 5 APPPATH\Helpers\query_helper.php(209): CodeIgniter\Database\BaseBuilder->insert([...])
 6 APPPATH\Controllers\User.php(157): _insert('sw_roles', [...])
 7 SYSTEMPATH\CodeIgniter.php(932): App\Controllers\User->create()
 8 SYSTEMPATH\CodeIgniter.php(497): CodeIgniter\CodeIgniter->runController(Object(App\Controllers\User))
 9 SYSTEMPATH\CodeIgniter.php(366): CodeIgniter\CodeIgniter->handleRequest(null, Object(Config\Cache), false)
10 FCPATH\index.php(67): CodeIgniter\CodeIgniter->run()
11 SYSTEMPATH\Commands\Server\rewrite.php(47): require_once('C:\\xampp2\\htdocs\\swafe\\public\\index.php')
INFO - 2023-08-16 12:20:49 --> Session: Class initialized using 'CodeIgniter\Session\Handlers\FileHandler' driver.
INFO - 2023-08-16 12:20:56 --> Session: Class initialized using 'CodeIgniter\Session\Handlers\FileHandler' driver.
INFO - 2023-08-16 12:21:44 --> Session: Class initialized using 'CodeIgniter\Session\Handlers\FileHandler' driver.
INFO - 2023-08-16 12:21:50 --> Session: Class initialized using 'CodeIgniter\Session\Handlers\FileHandler' driver.
INFO - 2023-08-16 12:22:04 --> Session: Class initialized using 'CodeIgniter\Session\Handlers\FileHandler' driver.
INFO - 2023-08-16 12:22:05 --> Session: Class initialized using 'CodeIgniter\Session\Handlers\FileHandler' driver.
INFO - 2023-08-16 12:22:11 --> Session: Class initialized using 'CodeIgniter\Session\Handlers\FileHandler' driver.
INFO - 2023-08-16 12:22:16 --> Session: Class initialized using 'CodeIgniter\Session\Handlers\FileHandler' driver.
INFO - 2023-08-16 12:22:46 --> Session: Class initialized using 'CodeIgniter\Session\Handlers\FileHandler' driver.
INFO - 2023-08-16 12:23:07 --> Session: Class initialized using 'CodeIgniter\Session\Handlers\FileHandler' driver.
INFO - 2023-08-16 12:23:13 --> Session: Class initialized using 'CodeIgniter\Session\Handlers\FileHandler' driver.
ERROR - 2023-08-16 12:23:13 --> mysqli_sql_exception: Duplicate entry '09990500583-imafreenansari1998@gmail.com' for key 'primary_phone_no' in C:\xampp2\htdocs\swafe\vendor\codeigniter4\framework\system\Database\MySQLi\Connection.php:295
Stack trace:
#0 C:\xampp2\htdocs\swafe\vendor\codeigniter4\framework\system\Database\MySQLi\Connection.php(295): mysqli->query('INSERT INTO `sw...', 0)
#1 C:\xampp2\htdocs\swafe\vendor\codeigniter4\framework\system\Database\BaseConnection.php(692): CodeIgniter\Database\MySQLi\Connection->execute('INSERT INTO `sw...')
#2 C:\xampp2\htdocs\swafe\vendor\codeigniter4\framework\system\Database\BaseConnection.php(606): CodeIgniter\Database\BaseConnection->simpleQuery('INSERT INTO `sw...')
#3 C:\xampp2\htdocs\swafe\vendor\codeigniter4\framework\system\Database\BaseBuilder.php(2309): CodeIgniter\Database\BaseConnection->query('INSERT INTO `sw...', Array, false)
#4 C:\xampp2\htdocs\swafe\app\Helpers\query_helper.php(209): CodeIgniter\Database\BaseBuilder->insert(Array)
#5 C:\xampp2\htdocs\swafe\app\Controllers\User.php(175): _insert('sw_roles', Array)
#6 C:\xampp2\htdocs\swafe\vendor\codeigniter4\framework\system\CodeIgniter.php(932): App\Controllers\User->create()
#7 C:\xampp2\htdocs\swafe\vendor\codeigniter4\framework\system\CodeIgniter.php(497): CodeIgniter\CodeIgniter->runController(Object(App\Controllers\User))
#8 C:\xampp2\htdocs\swafe\vendor\codeigniter4\framework\system\CodeIgniter.php(366): CodeIgniter\CodeIgniter->handleRequest(NULL, Object(Config\Cache), false)
#9 C:\xampp2\htdocs\swafe\public\index.php(67): CodeIgniter\CodeIgniter->run()
#10 C:\xampp2\htdocs\swafe\vendor\codeigniter4\framework\system\Commands\Server\rewrite.php(47): require_once('C:\\xampp2\\htdoc...')
#11 {main}
CRITICAL - 2023-08-16 12:23:13 --> Duplicate entry '09990500583-imafreenansari1998@gmail.com' for key 'primary_phone_no'
in SYSTEMPATH\Database\MySQLi\Connection.php on line 295.
 1 SYSTEMPATH\Database\MySQLi\Connection.php(295): mysqli->query('INSERT INTO `sw_roles` (`first_name`, `email`, `primary_phone_no`, `role_id`, `password`, `profile_photo`, `created_at`, `updated_at`) VALUES (\'Afreen\', \'imafreenansari1998@gmail.com\', \'09990500583\', \'19\', \'WGtaL1FhenFSRWhhUmduUUJaajNoZz09\', NULL, \'2023-08-16 12:23:13\', \'2023-08-16 12:23:13\')', 0)
 2 SYSTEMPATH\Database\BaseConnection.php(692): CodeIgniter\Database\MySQLi\Connection->execute('INSERT INTO `sw_roles` (`first_name`, `email`, `primary_phone_no`, `role_id`, `password`, `profile_photo`, `created_at`, `updated_at`) VALUES (\'Afreen\', \'imafreenansari1998@gmail.com\', \'09990500583\', \'19\', \'WGtaL1FhenFSRWhhUmduUUJaajNoZz09\', NULL, \'2023-08-16 12:23:13\', \'2023-08-16 12:23:13\')')
 3 SYSTEMPATH\Database\BaseConnection.php(606): CodeIgniter\Database\BaseConnection->simpleQuery('INSERT INTO `sw_roles` (`first_name`, `email`, `primary_phone_no`, `role_id`, `password`, `profile_photo`, `created_at`, `updated_at`) VALUES (\'Afreen\', \'imafreenansari1998@gmail.com\', \'09990500583\', \'19\', \'WGtaL1FhenFSRWhhUmduUUJaajNoZz09\', NULL, \'2023-08-16 12:23:13\', \'2023-08-16 12:23:13\')')
 4 SYSTEMPATH\Database\BaseBuilder.php(2309): CodeIgniter\Database\BaseConnection->query('INSERT INTO `sw_roles` (`first_name`, `email`, `primary_phone_no`, `role_id`, `password`, `profile_photo`, `created_at`, `updated_at`) VALUES (:first_name :, :email:, :primary_phone_no:, :role_id:, :password:, :profile_photo:, :created_at:, :updated_at:)', [...], false)
 5 APPPATH\Helpers\query_helper.php(209): CodeIgniter\Database\BaseBuilder->insert([...])
 6 APPPATH\Controllers\User.php(175): _insert('sw_roles', [...])
 7 SYSTEMPATH\CodeIgniter.php(932): App\Controllers\User->create()
 8 SYSTEMPATH\CodeIgniter.php(497): CodeIgniter\CodeIgniter->runController(Object(App\Controllers\User))
 9 SYSTEMPATH\CodeIgniter.php(366): CodeIgniter\CodeIgniter->handleRequest(null, Object(Config\Cache), false)
10 FCPATH\index.php(67): CodeIgniter\CodeIgniter->run()
11 SYSTEMPATH\Commands\Server\rewrite.php(47): require_once('C:\\xampp2\\htdocs\\swafe\\public\\index.php')
INFO - 2023-08-16 12:30:16 --> Session: Class initialized using 'CodeIgniter\Session\Handlers\FileHandler' driver.
ERROR - 2023-08-16 12:30:17 --> mysqli_sql_exception: Duplicate entry '09990500583-imafreenansari1998@gmail.com' for key 'primary_phone_no' in C:\xampp2\htdocs\swafe\vendor\codeigniter4\framework\system\Database\MySQLi\Connection.php:295
Stack trace:
#0 C:\xampp2\htdocs\swafe\vendor\codeigniter4\framework\system\Database\MySQLi\Connection.php(295): mysqli->query('UPDATE `sw_role...', 0)
#1 C:\xampp2\htdocs\swafe\vendor\codeigniter4\framework\system\Database\BaseConnection.php(692): CodeIgniter\Database\MySQLi\Connection->execute('UPDATE `sw_role...')
#2 C:\xampp2\htdocs\swafe\vendor\codeigniter4\framework\system\Database\BaseConnection.php(606): CodeIgniter\Database\BaseConnection->simpleQuery('UPDATE `sw_role...')
#3 C:\xampp2\htdocs\swafe\vendor\codeigniter4\framework\system\Database\BaseBuilder.php(2476): CodeIgniter\Database\BaseConnection->query('UPDATE `sw_role...', Array, false)
#4 C:\xampp2\htdocs\swafe\app\Helpers\query_helper.php(188): CodeIgniter\Database\BaseBuilder->update(Array)
#5 C:\xampp2\htdocs\swafe\app\Controllers\User.php(188): _updateWhere('sw_roles', Array, Array)
#6 C:\xampp2\htdocs\swafe\vendor\codeigniter4\framework\system\CodeIgniter.php(932): App\Controllers\User->create()
#7 C:\xampp2\htdocs\swafe\vendor\codeigniter4\framework\system\CodeIgniter.php(497): CodeIgniter\CodeIgniter->runController(Object(App\Controllers\User))
#8 C:\xampp2\htdocs\swafe\vendor\codeigniter4\framework\system\CodeIgniter.php(366): CodeIgniter\CodeIgniter->handleRequest(NULL, Object(Config\Cache), false)
#9 C:\xampp2\htdocs\swafe\public\index.php(67): CodeIgniter\CodeIgniter->run()
#10 C:\xampp2\htdocs\swafe\vendor\codeigniter4\framework\system\Commands\Server\rewrite.php(47): require_once('C:\\xampp2\\htdoc...')
#11 {main}
CRITICAL - 2023-08-16 12:30:17 --> Duplicate entry '09990500583-imafreenansari1998@gmail.com' for key 'primary_phone_no'
in SYSTEMPATH\Database\MySQLi\Connection.php on line 295.
 1 SYSTEMPATH\Database\MySQLi\Connection.php(295): mysqli->query('UPDATE `sw_roles` SET `first_name` = \'Afreen\', `email` = \'imafreenansari1998@gmail.com\', `primary_phone_no` = \'09990500583\', `role_id` = \'19\', `profile_photo` = NULL, `updated_at` = \'2023-08-16 12:30:17\'', 0)
 2 SYSTEMPATH\Database\BaseConnection.php(692): CodeIgniter\Database\MySQLi\Connection->execute('UPDATE `sw_roles` SET `first_name` = \'Afreen\', `email` = \'imafreenansari1998@gmail.com\', `primary_phone_no` = \'09990500583\', `role_id` = \'19\', `profile_photo` = NULL, `updated_at` = \'2023-08-16 12:30:17\'')
 3 SYSTEMPATH\Database\BaseConnection.php(606): CodeIgniter\Database\BaseConnection->simpleQuery('UPDATE `sw_roles` SET `first_name` = \'Afreen\', `email` = \'imafreenansari1998@gmail.com\', `primary_phone_no` = \'09990500583\', `role_id` = \'19\', `profile_photo` = NULL, `updated_at` = \'2023-08-16 12:30:17\'')
 4 SYSTEMPATH\Database\BaseBuilder.php(2476): CodeIgniter\Database\BaseConnection->query('UPDATE `sw_roles` SET `first_name` = :first_name :, `email` = :email:, `primary_phone_no` = :primary_phone_no:, `role_id` = :role_id:, `profile_photo` = :profile_photo:, `updated_at` = :updated_at:', [...], false)
 5 APPPATH\Helpers\query_helper.php(188): CodeIgniter\Database\BaseBuilder->update([...])
 6 APPPATH\Controllers\User.php(188): _updateWhere('sw_roles', [], [...])
 7 SYSTEMPATH\CodeIgniter.php(932): App\Controllers\User->create()
 8 SYSTEMPATH\CodeIgniter.php(497): CodeIgniter\CodeIgniter->runController(Object(App\Controllers\User))
 9 SYSTEMPATH\CodeIgniter.php(366): CodeIgniter\CodeIgniter->handleRequest(null, Object(Config\Cache), false)
10 FCPATH\index.php(67): CodeIgniter\CodeIgniter->run()
11 SYSTEMPATH\Commands\Server\rewrite.php(47): require_once('C:\\xampp2\\htdocs\\swafe\\public\\index.php')
INFO - 2023-08-16 12:30:22 --> Session: Class initialized using 'CodeIgniter\Session\Handlers\FileHandler' driver.
INFO - 2023-08-16 12:30:34 --> Session: Class initialized using 'CodeIgniter\Session\Handlers\FileHandler' driver.
ERROR - 2023-08-16 12:30:34 --> mysqli_sql_exception: Duplicate entry '09990500583-imafreenansari1998@gmail.com' for key 'primary_phone_no' in C:\xampp2\htdocs\swafe\vendor\codeigniter4\framework\system\Database\MySQLi\Connection.php:295
Stack trace:
#0 C:\xampp2\htdocs\swafe\vendor\codeigniter4\framework\system\Database\MySQLi\Connection.php(295): mysqli->query('UPDATE `sw_role...', 0)
#1 C:\xampp2\htdocs\swafe\vendor\codeigniter4\framework\system\Database\BaseConnection.php(692): CodeIgniter\Database\MySQLi\Connection->execute('UPDATE `sw_role...')
#2 C:\xampp2\htdocs\swafe\vendor\codeigniter4\framework\system\Database\BaseConnection.php(606): CodeIgniter\Database\BaseConnection->simpleQuery('UPDATE `sw_role...')
#3 C:\xampp2\htdocs\swafe\vendor\codeigniter4\framework\system\Database\BaseBuilder.php(2476): CodeIgniter\Database\BaseConnection->query('UPDATE `sw_role...', Array, false)
#4 C:\xampp2\htdocs\swafe\app\Helpers\query_helper.php(188): CodeIgniter\Database\BaseBuilder->update(Array)
#5 C:\xampp2\htdocs\swafe\app\Controllers\User.php(188): _updateWhere('sw_roles', Array, Array)
#6 C:\xampp2\htdocs\swafe\vendor\codeigniter4\framework\system\CodeIgniter.php(932): App\Controllers\User->create()
#7 C:\xampp2\htdocs\swafe\vendor\codeigniter4\framework\system\CodeIgniter.php(497): CodeIgniter\CodeIgniter->runController(Object(App\Controllers\User))
#8 C:\xampp2\htdocs\swafe\vendor\codeigniter4\framework\system\CodeIgniter.php(366): CodeIgniter\CodeIgniter->handleRequest(NULL, Object(Config\Cache), false)
#9 C:\xampp2\htdocs\swafe\public\index.php(67): CodeIgniter\CodeIgniter->run()
#10 C:\xampp2\htdocs\swafe\vendor\codeigniter4\framework\system\Commands\Server\rewrite.php(47): require_once('C:\\xampp2\\htdoc...')
#11 {main}
CRITICAL - 2023-08-16 12:30:34 --> Duplicate entry '09990500583-imafreenansari1998@gmail.com' for key 'primary_phone_no'
in SYSTEMPATH\Database\MySQLi\Connection.php on line 295.
 1 SYSTEMPATH\Database\MySQLi\Connection.php(295): mysqli->query('UPDATE `sw_roles` SET `first_name` = \'Afreen\', `email` = \'imafreenansari1998@gmail.com\', `primary_phone_no` = \'09990500583\', `role_id` = \'19\', `profile_photo` = NULL, `updated_at` = \'2023-08-16 12:30:34\'', 0)
 2 SYSTEMPATH\Database\BaseConnection.php(692): CodeIgniter\Database\MySQLi\Connection->execute('UPDATE `sw_roles` SET `first_name` = \'Afreen\', `email` = \'imafreenansari1998@gmail.com\', `primary_phone_no` = \'09990500583\', `role_id` = \'19\', `profile_photo` = NULL, `updated_at` = \'2023-08-16 12:30:34\'')
 3 SYSTEMPATH\Database\BaseConnection.php(606): CodeIgniter\Database\BaseConnection->simpleQuery('UPDATE `sw_roles` SET `first_name` = \'Afreen\', `email` = \'imafreenansari1998@gmail.com\', `primary_phone_no` = \'09990500583\', `role_id` = \'19\', `profile_photo` = NULL, `updated_at` = \'2023-08-16 12:30:34\'')
 4 SYSTEMPATH\Database\BaseBuilder.php(2476): CodeIgniter\Database\BaseConnection->query('UPDATE `sw_roles` SET `first_name` = :first_name :, `email` = :email:, `primary_phone_no` = :primary_phone_no:, `role_id` = :role_id:, `profile_photo` = :profile_photo:, `updated_at` = :updated_at:', [...], false)
 5 APPPATH\Helpers\query_helper.php(188): CodeIgniter\Database\BaseBuilder->update([...])
 6 APPPATH\Controllers\User.php(188): _updateWhere('sw_roles', [], [...])
 7 SYSTEMPATH\CodeIgniter.php(932): App\Controllers\User->create()
 8 SYSTEMPATH\CodeIgniter.php(497): CodeIgniter\CodeIgniter->runController(Object(App\Controllers\User))
 9 SYSTEMPATH\CodeIgniter.php(366): CodeIgniter\CodeIgniter->handleRequest(null, Object(Config\Cache), false)
10 FCPATH\index.php(67): CodeIgniter\CodeIgniter->run()
11 SYSTEMPATH\Commands\Server\rewrite.php(47): require_once('C:\\xampp2\\htdocs\\swafe\\public\\index.php')
INFO - 2023-08-16 12:32:25 --> Session: Class initialized using 'CodeIgniter\Session\Handlers\FileHandler' driver.
INFO - 2023-08-16 12:32:39 --> Session: Class initialized using 'CodeIgniter\Session\Handlers\FileHandler' driver.
INFO - 2023-08-16 12:32:48 --> Session: Class initialized using 'CodeIgniter\Session\Handlers\FileHandler' driver.
INFO - 2023-08-16 12:32:48 --> Session: Class initialized using 'CodeIgniter\Session\Handlers\FileHandler' driver.
INFO - 2023-08-16 12:32:53 --> Session: Class initialized using 'CodeIgniter\Session\Handlers\FileHandler' driver.
INFO - 2023-08-16 12:32:59 --> Session: Class initialized using 'CodeIgniter\Session\Handlers\FileHandler' driver.
INFO - 2023-08-16 12:33:06 --> Session: Class initialized using 'CodeIgniter\Session\Handlers\FileHandler' driver.
INFO - 2023-08-16 12:35:17 --> Session: Class initialized using 'CodeIgniter\Session\Handlers\FileHandler' driver.
INFO - 2023-08-16 12:35:26 --> Session: Class initialized using 'CodeIgniter\Session\Handlers\FileHandler' driver.
INFO - 2023-08-16 12:35:26 --> Session: Class initialized using 'CodeIgniter\Session\Handlers\FileHandler' driver.
INFO - 2023-08-16 12:35:37 --> Session: Class initialized using 'CodeIgniter\Session\Handlers\FileHandler' driver.
INFO - 2023-08-16 12:35:42 --> Session: Class initialized using 'CodeIgniter\Session\Handlers\FileHandler' driver.
INFO - 2023-08-16 12:36:12 --> Session: Class initialized using 'CodeIgniter\Session\Handlers\FileHandler' driver.
INFO - 2023-08-16 12:36:18 --> Session: Class initialized using 'CodeIgniter\Session\Handlers\FileHandler' driver.
INFO - 2023-08-16 12:36:43 --> Session: Class initialized using 'CodeIgniter\Session\Handlers\FileHandler' driver.
INFO - 2023-08-16 12:36:44 --> Session: Class initialized using 'CodeIgniter\Session\Handlers\FileHandler' driver.
INFO - 2023-08-16 12:37:07 --> Session: Class initialized using 'CodeIgniter\Session\Handlers\FileHandler' driver.
INFO - 2023-08-16 12:39:05 --> Session: Class initialized using 'CodeIgniter\Session\Handlers\FileHandler' driver.
INFO - 2023-08-16 12:39:06 --> Session: Class initialized using 'CodeIgniter\Session\Handlers\FileHandler' driver.
INFO - 2023-08-16 12:40:13 --> Session: Class initialized using 'CodeIgniter\Session\Handlers\FileHandler' driver.
INFO - 2023-08-16 12:40:18 --> Session: Class initialized using 'CodeIgniter\Session\Handlers\FileHandler' driver.
INFO - 2023-08-16 12:40:18 --> Session: Class initialized using 'CodeIgniter\Session\Handlers\FileHandler' driver.
CRITICAL - 2023-08-16 13:18:35 --> Your zlib.output_compression ini directive is turned on. This will not work well with output buffers.
in APPPATH/Config/Events.php on line 28.
 1 APPPATH/Config/Events.php(28): CodeIgniter\Exceptions\FrameworkException::forEnabledZlibOutputCompression()
 2 SYSTEMPATH/Events/Events.php(148): CodeIgniter\Events\Events::Config\{closure}()
 3 SYSTEMPATH/CodeIgniter.php(348): CodeIgniter\Events\Events::trigger('pre_system')
 4 FCPATH/index.php(67): CodeIgniter\CodeIgniter->run()
ERROR - 2023-08-16 13:21:38 --> Error connecting to the database: mysqli_sql_exception: Access denied for user 'root'@'localhost' (using password: NO) in /home/micodetest/public_html/swafewellness/vendor/codeigniter4/framework/system/Database/MySQLi/Connection.php:174
Stack trace:
#0 /home/micodetest/public_html/swafewellness/vendor/codeigniter4/framework/system/Database/MySQLi/Connection.php(174): mysqli->real_connect('localhost', 'root', '', 'swafe', 3306, '', 0)
#1 /home/micodetest/public_html/swafewellness/vendor/codeigniter4/framework/system/Database/BaseConnection.php(391): CodeIgniter\Database\MySQLi\Connection->connect(false)
#2 /home/micodetest/public_html/swafewellness/vendor/codeigniter4/framework/system/Database/BaseConnection.php(574): CodeIgniter\Database\BaseConnection->initialize()
#3 /home/micodetest/public_html/swafewellness/vendor/codeigniter4/framework/system/Database/BaseBuilder.php(1616): CodeIgniter\Database\BaseConnection->query('SELECT *\nFROM `...', Array, false)
#4 /home/micodetest/public_html/swafewellness/app/Helpers/query_helper.php(58): CodeIgniter\Database\BaseBuilder->get()
#5 /home/micodetest/public_html/swafewellness/app/Controllers/Home.php(11): _getWhere('sw_packages', Array, 'yes')
#6 /home/micodetest/public_html/swafewellness/vendor/codeigniter4/framework/system/CodeIgniter.php(932): App\Controllers\Home->index()
#7 /home/micodetest/public_html/swafewellness/vendor/codeigniter4/framework/system/CodeIgniter.php(497): CodeIgniter\CodeIgniter->runController(Object(App\Controllers\Home))
#8 /home/micodetest/public_html/swafewellness/vendor/codeigniter4/framework/system/CodeIgniter.php(366): CodeIgniter\CodeIgniter->handleRequest(NULL, Object(Config\Cache), false)
#9 /home/micodetest/public_html/swafewellness/public/index.php(67): CodeIgniter\CodeIgniter->run()
#10 {main}

Next CodeIgniter\Database\Exceptions\DatabaseException: Access denied for user '****'@'localhost' (using password: NO) in /home/micodetest/public_html/swafewellness/vendor/codeigniter4/framework/system/Database/MySQLi/Connection.php:218
Stack trace:
#0 /home/micodetest/public_html/swafewellness/vendor/codeigniter4/framework/system/Database/BaseConnection.php(391): CodeIgniter\Database\MySQLi\Connection->connect(false)
#1 /home/micodetest/public_html/swafewellness/vendor/codeigniter4/framework/system/Database/BaseConnection.php(574): CodeIgniter\Database\BaseConnection->initialize()
#2 /home/micodetest/public_html/swafewellness/vendor/codeigniter4/framework/system/Database/BaseBuilder.php(1616): CodeIgniter\Database\BaseConnection->query('SELECT *\nFROM `...', Array, false)
#3 /home/micodetest/public_html/swafewellness/app/Helpers/query_helper.php(58): CodeIgniter\Database\BaseBuilder->get()
#4 /home/micodetest/public_html/swafewellness/app/Controllers/Home.php(11): _getWhere('sw_packages', Array, 'yes')
#5 /home/micodetest/public_html/swafewellness/vendor/codeigniter4/framework/system/CodeIgniter.php(932): App\Controllers\Home->index()
#6 /home/micodetest/public_html/swafewellness/vendor/codeigniter4/framework/system/CodeIgniter.php(497): CodeIgniter\CodeIgniter->runController(Object(App\Controllers\Home))
#7 /home/micodetest/public_html/swafewellness/vendor/codeigniter4/framework/system/CodeIgniter.php(366): CodeIgniter\CodeIgniter->handleRequest(NULL, Object(Config\Cache), false)
#8 /home/micodetest/public_html/swafewellness/public/index.php(67): CodeIgniter\CodeIgniter->run()
#9 {main}
CRITICAL - 2023-08-16 13:21:38 --> Unable to connect to the database.
Main connection [MySQLi]: Access denied for user '****'@'localhost' (using password: NO)
in SYSTEMPATH/Database/BaseConnection.php on line 427.
 1 SYSTEMPATH/Database/BaseConnection.php(574): CodeIgniter\Database\BaseConnection->initialize()
 2 SYSTEMPATH/Database/BaseBuilder.php(1616): CodeIgniter\Database\BaseConnection->query('SELECT *
FROM `sw_packages`
WHERE `status` = :status:
AND `trash` = :trash:', [...], false)
 3 APPPATH/Helpers/query_helper.php(58): CodeIgniter\Database\BaseBuilder->get()
 4 APPPATH/Controllers/Home.php(11): _getWhere('sw_packages', [...], 'yes')
 5 SYSTEMPATH/CodeIgniter.php(932): App\Controllers\Home->index()
 6 SYSTEMPATH/CodeIgniter.php(497): CodeIgniter\CodeIgniter->runController(Object(App\Controllers\Home))
 7 SYSTEMPATH/CodeIgniter.php(366): CodeIgniter\CodeIgniter->handleRequest(null, Object(Config\Cache), false)
 8 FCPATH/index.php(67): CodeIgniter\CodeIgniter->run()
INFO - 2023-08-16 13:31:23 --> Session: Class initialized using 'CodeIgniter\Session\Handlers\FileHandler' driver.
INFO - 2023-08-16 13:31:23 --> Session: Class initialized using 'CodeIgniter\Session\Handlers\FileHandler' driver.
