CRITICAL - 2024-02-08 01:23:57 --> Call to a member function format() on bool
in APPPATH/Controllers/Home.php on line 423.
 1 SYSTEMPATH/CodeIgniter.php(932): App\Controllers\Home->checkAvailability()
 2 SYSTEMPATH/CodeIgniter.php(497): CodeIgniter\CodeIgniter->runController(Object(App\Controllers\Home))
 3 SYSTEMPATH/CodeIgniter.php(366): CodeIgniter\CodeIgniter->handleRequest(null, Object(Config\Cache), false)
 4 FCPATH/index.php(69): CodeIgniter\CodeIgniter->run()
CRITICAL - 2024-02-08 02:41:21 --> Call to a member function format() on bool
in APPPATH/Controllers/Home.php on line 423.
 1 SYSTEMPATH/CodeIgniter.php(932): App\Controllers\Home->checkAvailability()
 2 SYSTEMPATH/CodeIgniter.php(497): CodeIgniter\CodeIgniter->runController(Object(App\Controllers\Home))
 3 SYSTEMPATH/CodeIgniter.php(366): CodeIgniter\CodeIgniter->handleRequest(null, Object(Config\Cache), false)
 4 FCPATH/index.php(69): CodeIgniter\CodeIgniter->run()
CRITICAL - 2024-02-08 02:44:21 --> Call to a member function format() on bool
in APPPATH/Controllers/Home.php on line 423.
 1 SYSTEMPATH/CodeIgniter.php(932): App\Controllers\Home->checkAvailability()
 2 SYSTEMPATH/CodeIgniter.php(497): CodeIgniter\CodeIgniter->runController(Object(App\Controllers\Home))
 3 SYSTEMPATH/CodeIgniter.php(366): CodeIgniter\CodeIgniter->handleRequest(null, Object(Config\Cache), false)
 4 FCPATH/index.php(69): CodeIgniter\CodeIgniter->run()
CRITICAL - 2024-02-08 04:03:43 --> Call to a member function format() on bool
in APPPATH/Controllers/Home.php on line 423.
 1 SYSTEMPATH/CodeIgniter.php(932): App\Controllers\Home->checkAvailability()
 2 SYSTEMPATH/CodeIgniter.php(497): CodeIgniter\CodeIgniter->runController(Object(App\Controllers\Home))
 3 SYSTEMPATH/CodeIgniter.php(366): CodeIgniter\CodeIgniter->handleRequest(null, Object(Config\Cache), false)
 4 FCPATH/index.php(69): CodeIgniter\CodeIgniter->run()
CRITICAL - 2024-02-08 04:21:02 --> Call to a member function format() on bool
in APPPATH/Controllers/Home.php on line 423.
 1 SYSTEMPATH/CodeIgniter.php(932): App\Controllers\Home->checkAvailability()
 2 SYSTEMPATH/CodeIgniter.php(497): CodeIgniter\CodeIgniter->runController(Object(App\Controllers\Home))
 3 SYSTEMPATH/CodeIgniter.php(366): CodeIgniter\CodeIgniter->handleRequest(null, Object(Config\Cache), false)
 4 FCPATH/index.php(69): CodeIgniter\CodeIgniter->run()
CRITICAL - 2024-02-08 07:47:44 --> Call to a member function format() on bool
in APPPATH/Controllers/Home.php on line 423.
 1 SYSTEMPATH/CodeIgniter.php(932): App\Controllers\Home->checkAvailability()
 2 SYSTEMPATH/CodeIgniter.php(497): CodeIgniter\CodeIgniter->runController(Object(App\Controllers\Home))
 3 SYSTEMPATH/CodeIgniter.php(366): CodeIgniter\CodeIgniter->handleRequest(null, Object(Config\Cache), false)
 4 FCPATH/index.php(69): CodeIgniter\CodeIgniter->run()
CRITICAL - 2024-02-08 11:00:21 --> Call to a member function format() on bool
in APPPATH/Controllers/Home.php on line 423.
 1 SYSTEMPATH/CodeIgniter.php(932): App\Controllers\Home->checkAvailability()
 2 SYSTEMPATH/CodeIgniter.php(497): CodeIgniter\CodeIgniter->runController(Object(App\Controllers\Home))
 3 SYSTEMPATH/CodeIgniter.php(366): CodeIgniter\CodeIgniter->handleRequest(null, Object(Config\Cache), false)
 4 FCPATH/index.php(69): CodeIgniter\CodeIgniter->run()
CRITICAL - 2024-02-08 11:29:36 --> Call to a member function format() on bool
in APPPATH/Controllers/Home.php on line 423.
 1 SYSTEMPATH/CodeIgniter.php(932): App\Controllers\Home->checkAvailability()
 2 SYSTEMPATH/CodeIgniter.php(497): CodeIgniter\CodeIgniter->runController(Object(App\Controllers\Home))
 3 SYSTEMPATH/CodeIgniter.php(366): CodeIgniter\CodeIgniter->handleRequest(null, Object(Config\Cache), false)
 4 FCPATH/index.php(69): CodeIgniter\CodeIgniter->run()
CRITICAL - 2024-02-08 11:35:42 --> Call to a member function format() on bool
in APPPATH/Controllers/Home.php on line 423.
 1 SYSTEMPATH/CodeIgniter.php(932): App\Controllers\Home->checkAvailability()
 2 SYSTEMPATH/CodeIgniter.php(497): CodeIgniter\CodeIgniter->runController(Object(App\Controllers\Home))
 3 SYSTEMPATH/CodeIgniter.php(366): CodeIgniter\CodeIgniter->handleRequest(null, Object(Config\Cache), false)
 4 FCPATH/index.php(69): CodeIgniter\CodeIgniter->run()
CRITICAL - 2024-02-08 13:40:37 --> Call to a member function format() on bool
in APPPATH/Controllers/Home.php on line 423.
 1 SYSTEMPATH/CodeIgniter.php(932): App\Controllers\Home->checkAvailability()
 2 SYSTEMPATH/CodeIgniter.php(497): CodeIgniter\CodeIgniter->runController(Object(App\Controllers\Home))
 3 SYSTEMPATH/CodeIgniter.php(366): CodeIgniter\CodeIgniter->handleRequest(null, Object(Config\Cache), false)
 4 FCPATH/index.php(69): CodeIgniter\CodeIgniter->run()
CRITICAL - 2024-02-08 14:03:00 --> Call to a member function format() on bool
in APPPATH/Controllers/Home.php on line 423.
 1 SYSTEMPATH/CodeIgniter.php(932): App\Controllers\Home->checkAvailability()
 2 SYSTEMPATH/CodeIgniter.php(497): CodeIgniter\CodeIgniter->runController(Object(App\Controllers\Home))
 3 SYSTEMPATH/CodeIgniter.php(366): CodeIgniter\CodeIgniter->handleRequest(null, Object(Config\Cache), false)
 4 FCPATH/index.php(69): CodeIgniter\CodeIgniter->run()
CRITICAL - 2024-02-08 14:52:39 --> Call to a member function format() on bool
in APPPATH/Controllers/Home.php on line 423.
 1 SYSTEMPATH/CodeIgniter.php(932): App\Controllers\Home->checkAvailability()
 2 SYSTEMPATH/CodeIgniter.php(497): CodeIgniter\CodeIgniter->runController(Object(App\Controllers\Home))
 3 SYSTEMPATH/CodeIgniter.php(366): CodeIgniter\CodeIgniter->handleRequest(null, Object(Config\Cache), false)
 4 FCPATH/index.php(69): CodeIgniter\CodeIgniter->run()
CRITICAL - 2024-02-08 16:33:29 --> Call to a member function format() on bool
in APPPATH/Controllers/Home.php on line 423.
 1 SYSTEMPATH/CodeIgniter.php(932): App\Controllers\Home->checkAvailability()
 2 SYSTEMPATH/CodeIgniter.php(497): CodeIgniter\CodeIgniter->runController(Object(App\Controllers\Home))
 3 SYSTEMPATH/CodeIgniter.php(366): CodeIgniter\CodeIgniter->handleRequest(null, Object(Config\Cache), false)
 4 FCPATH/index.php(69): CodeIgniter\CodeIgniter->run()
CRITICAL - 2024-02-08 16:36:23 --> Call to a member function format() on bool
in APPPATH/Controllers/Home.php on line 423.
 1 SYSTEMPATH/CodeIgniter.php(932): App\Controllers\Home->checkAvailability()
 2 SYSTEMPATH/CodeIgniter.php(497): CodeIgniter\CodeIgniter->runController(Object(App\Controllers\Home))
 3 SYSTEMPATH/CodeIgniter.php(366): CodeIgniter\CodeIgniter->handleRequest(null, Object(Config\Cache), false)
 4 FCPATH/index.php(69): CodeIgniter\CodeIgniter->run()
CRITICAL - 2024-02-08 16:38:42 --> Call to a member function format() on bool
in APPPATH/Controllers/Home.php on line 423.
 1 SYSTEMPATH/CodeIgniter.php(932): App\Controllers\Home->checkAvailability()
 2 SYSTEMPATH/CodeIgniter.php(497): CodeIgniter\CodeIgniter->runController(Object(App\Controllers\Home))
 3 SYSTEMPATH/CodeIgniter.php(366): CodeIgniter\CodeIgniter->handleRequest(null, Object(Config\Cache), false)
 4 FCPATH/index.php(69): CodeIgniter\CodeIgniter->run()
CRITICAL - 2024-02-08 16:44:03 --> Call to a member function format() on bool
in APPPATH/Controllers/Home.php on line 423.
 1 SYSTEMPATH/CodeIgniter.php(932): App\Controllers\Home->checkAvailability()
 2 SYSTEMPATH/CodeIgniter.php(497): CodeIgniter\CodeIgniter->runController(Object(App\Controllers\Home))
 3 SYSTEMPATH/CodeIgniter.php(366): CodeIgniter\CodeIgniter->handleRequest(null, Object(Config\Cache), false)
 4 FCPATH/index.php(69): CodeIgniter\CodeIgniter->run()
CRITICAL - 2024-02-08 17:03:50 --> Call to a member function format() on bool
in APPPATH/Controllers/Home.php on line 423.
 1 SYSTEMPATH/CodeIgniter.php(932): App\Controllers\Home->checkAvailability()
 2 SYSTEMPATH/CodeIgniter.php(497): CodeIgniter\CodeIgniter->runController(Object(App\Controllers\Home))
 3 SYSTEMPATH/CodeIgniter.php(366): CodeIgniter\CodeIgniter->handleRequest(null, Object(Config\Cache), false)
 4 FCPATH/index.php(69): CodeIgniter\CodeIgniter->run()
CRITICAL - 2024-02-08 17:29:34 --> Call to a member function format() on bool
in APPPATH/Controllers/Home.php on line 423.
 1 SYSTEMPATH/CodeIgniter.php(932): App\Controllers\Home->checkAvailability()
 2 SYSTEMPATH/CodeIgniter.php(497): CodeIgniter\CodeIgniter->runController(Object(App\Controllers\Home))
 3 SYSTEMPATH/CodeIgniter.php(366): CodeIgniter\CodeIgniter->handleRequest(null, Object(Config\Cache), false)
 4 FCPATH/index.php(69): CodeIgniter\CodeIgniter->run()
CRITICAL - 2024-02-08 17:48:11 --> Call to a member function format() on bool
in APPPATH/Controllers/Home.php on line 423.
 1 SYSTEMPATH/CodeIgniter.php(932): App\Controllers\Home->checkAvailability()
 2 SYSTEMPATH/CodeIgniter.php(497): CodeIgniter\CodeIgniter->runController(Object(App\Controllers\Home))
 3 SYSTEMPATH/CodeIgniter.php(366): CodeIgniter\CodeIgniter->handleRequest(null, Object(Config\Cache), false)
 4 FCPATH/index.php(69): CodeIgniter\CodeIgniter->run()
CRITICAL - 2024-02-08 18:14:02 --> Call to a member function format() on bool
in APPPATH/Controllers/Home.php on line 423.
 1 SYSTEMPATH/CodeIgniter.php(932): App\Controllers\Home->checkAvailability()
 2 SYSTEMPATH/CodeIgniter.php(497): CodeIgniter\CodeIgniter->runController(Object(App\Controllers\Home))
 3 SYSTEMPATH/CodeIgniter.php(366): CodeIgniter\CodeIgniter->handleRequest(null, Object(Config\Cache), false)
 4 FCPATH/index.php(69): CodeIgniter\CodeIgniter->run()
CRITICAL - 2024-02-08 18:31:53 --> Call to a member function format() on bool
in APPPATH/Controllers/Home.php on line 423.
 1 SYSTEMPATH/CodeIgniter.php(932): App\Controllers\Home->checkAvailability()
 2 SYSTEMPATH/CodeIgniter.php(497): CodeIgniter\CodeIgniter->runController(Object(App\Controllers\Home))
 3 SYSTEMPATH/CodeIgniter.php(366): CodeIgniter\CodeIgniter->handleRequest(null, Object(Config\Cache), false)
 4 FCPATH/index.php(69): CodeIgniter\CodeIgniter->run()
CRITICAL - 2024-02-08 19:15:15 --> Call to a member function format() on bool
in APPPATH/Controllers/Home.php on line 423.
 1 SYSTEMPATH/CodeIgniter.php(932): App\Controllers\Home->checkAvailability()
 2 SYSTEMPATH/CodeIgniter.php(497): CodeIgniter\CodeIgniter->runController(Object(App\Controllers\Home))
 3 SYSTEMPATH/CodeIgniter.php(366): CodeIgniter\CodeIgniter->handleRequest(null, Object(Config\Cache), false)
 4 FCPATH/index.php(69): CodeIgniter\CodeIgniter->run()
CRITICAL - 2024-02-08 21:24:16 --> Call to a member function format() on bool
in APPPATH/Controllers/Home.php on line 423.
 1 SYSTEMPATH/CodeIgniter.php(932): App\Controllers\Home->checkAvailability()
 2 SYSTEMPATH/CodeIgniter.php(497): CodeIgniter\CodeIgniter->runController(Object(App\Controllers\Home))
 3 SYSTEMPATH/CodeIgniter.php(366): CodeIgniter\CodeIgniter->handleRequest(null, Object(Config\Cache), false)
 4 FCPATH/index.php(69): CodeIgniter\CodeIgniter->run()
CRITICAL - 2024-02-08 22:25:05 --> Call to a member function format() on bool
in APPPATH/Controllers/Home.php on line 423.
 1 SYSTEMPATH/CodeIgniter.php(932): App\Controllers\Home->checkAvailability()
 2 SYSTEMPATH/CodeIgniter.php(497): CodeIgniter\CodeIgniter->runController(Object(App\Controllers\Home))
 3 SYSTEMPATH/CodeIgniter.php(366): CodeIgniter\CodeIgniter->handleRequest(null, Object(Config\Cache), false)
 4 FCPATH/index.php(69): CodeIgniter\CodeIgniter->run()
CRITICAL - 2024-02-08 23:59:56 --> Call to a member function format() on bool
in APPPATH/Controllers/Home.php on line 423.
 1 SYSTEMPATH/CodeIgniter.php(932): App\Controllers\Home->checkAvailability()
 2 SYSTEMPATH/CodeIgniter.php(497): CodeIgniter\CodeIgniter->runController(Object(App\Controllers\Home))
 3 SYSTEMPATH/CodeIgniter.php(366): CodeIgniter\CodeIgniter->handleRequest(null, Object(Config\Cache), false)
 4 FCPATH/index.php(69): CodeIgniter\CodeIgniter->run()
